<!DOCTYPE html PUBLIC "-//W3C//DTD XHTML 1.1//EN" "http://www.w3.org/TR/xhtml11/DTD/xhtml11.dtd">
<html xmlns="http://www.w3.org/1999/xhtml"><head><title>TestNG Report</title><style type="text/css">table {margin-bottom:10px;border-collapse:collapse;empty-cells:show}th,td {border:1px solid #009;padding:.25em .5em}th {vertical-align:bottom}td {vertical-align:top}table a {font-weight:bold}.stripe td {background-color: #E6EBF9}.num {text-align:right}.passedodd td {background-color: #3F3}.passedeven td {background-color: #0A0}.skippedodd td {background-color: #DDD}.skippedeven td {background-color: #CCC}.failedodd td,.attn {background-color: #F33}.failedeven td,.stripe .attn {background-color: #D00}.stacktrace {white-space:pre;font-family:monospace}.totop {font-size:85%;text-align:center;border-bottom:2px solid #000}</style></head><body><table><tr><th>Test</th><th># Passed</th><th># Skipped</th><th># Failed</th><th>Time (ms)</th><th>Included Groups</th><th>Excluded Groups</th></tr><tr><th colspan="7">NEET Application Test Automation Test Suite</th></tr><tr><td><a href="#t0">SIGNUP</a></td><td class="num">7</td><td class="num">0</td><td class="num attn">1</td><td class="num">14,994</td><td></td><td></td></tr><tr class="stripe"><td><a href="#t1">FORGOT</a></td><td class="num">5</td><td class="num">0</td><td class="num">0</td><td class="num">9,520</td><td></td><td></td></tr><tr><td><a href="#t2">FORGOTOTP</a></td><td class="num">4</td><td class="num">0</td><td class="num">0</td><td class="num">15,416</td><td></td><td></td></tr><tr class="stripe"><td><a href="#t3">RESETPASSWORD</a></td><td class="num">7</td><td class="num">0</td><td class="num">0</td><td class="num">91,573</td><td></td><td></td></tr><tr><td><a href="#t4">CHNAGEPASSWORD</a></td><td class="num">8</td><td class="num">0</td><td class="num">0</td><td class="num">35,783</td><td></td><td></td></tr><tr class="stripe"><td><a href="#t5">SIGNIN</a></td><td class="num">8</td><td class="num">0</td><td class="num attn">2</td><td class="num">46,132</td><td></td><td></td></tr><tr><td><a href="#t6">HOME</a></td><td class="num">5</td><td class="num">0</td><td class="num">0</td><td class="num">145,739</td><td></td><td></td></tr><tr class="stripe"><td><a href="#t7">TEST</a></td><td class="num">2</td><td class="num">0</td><td class="num attn">48</td><td class="num">18,354</td><td></td><td></td></tr><tr><td><a href="#t8">DownloadQB</a></td><td class="num">2</td><td class="num">0</td><td class="num">0</td><td class="num">53,003</td><td></td><td></td></tr><tr class="stripe"><td><a href="#t9">PROFILE</a></td><td class="num">11</td><td class="num">0</td><td class="num">0</td><td class="num">41,289</td><td></td><td></td></tr><tr><td><a href="#t10">MYTEST</a></td><td class="num">2</td><td class="num">0</td><td class="num attn">1</td><td class="num">243,025</td><td></td><td></td></tr><tr class="stripe"><td><a href="#t11">CONTACTUS</a></td><td class="num">2</td><td class="num">0</td><td class="num attn">5</td><td class="num">153,218</td><td></td><td></td></tr><tr><th>Total</th><th class="num">63</th><th class="num">0</th><th class="num attn">57</th><th class="num">868,046</th><th colspan="2"></th></tr></table><table id='summary'><thead><tr><th>Class</th><th>Method</th><th>Start</th><th>Time (ms)</th></tr></thead><tbody><tr><th colspan="4">NEET Application Test Automation Test Suite</th></tr></tbody><tbody id="t0"><tr><th colspan="4">SIGNUP &#8212; failed</th></tr><tr class="failedeven"><td rowspan="1">com.qa.Testcase.Signuppage_test</td><td><a href="#m0">Sigupusingvalidinputs</a></td><td rowspan="1">1603104876310</td><td rowspan="1">1209</td></tr><tr><th colspan="4">SIGNUP &#8212; passed</th></tr><tr class="passedeven"><td rowspan="7">com.qa.Testcase.Signuppage_test</td><td><a href="#m1">alreadyregistereduser</a></td><td rowspan="1">1603104874011</td><td rowspan="1">1229</td></tr><tr class="passedeven"><td><a href="#m2">emptysigin</a></td><td rowspan="1">1603104873206</td><td rowspan="1">171</td></tr><tr class="passedeven"><td><a href="#m3">gettitle</a></td><td rowspan="1">1603104871857</td><td rowspan="1">626</td></tr><tr class="passedeven"><td><a href="#m4">invalidpwd</a></td><td rowspan="1">1603104875244</td><td rowspan="1">1061</td></tr><tr class="passedeven"><td><a href="#m5">mobonlysigup</a></td><td rowspan="1">1603104873380</td><td rowspan="1">287</td></tr><tr class="passedeven"><td><a href="#m6">pwdonlysigin</a></td><td rowspan="1">1603104873671</td><td rowspan="1">337</td></tr><tr class="passedeven"><td><a href="#m7">signinlinkcheck</a></td><td rowspan="1">1603104872488</td><td rowspan="1">715</td></tr></tbody><tbody id="t1"><tr><th colspan="4">FORGOT &#8212; passed</th></tr><tr class="passedeven"><td rowspan="5">com.qa.Testcase.Forgotpage_test</td><td><a href="#m8">backbutton</a></td><td rowspan="1">1603104886921</td><td rowspan="1">507</td></tr><tr class="passedeven"><td><a href="#m9">emptysubmit</a></td><td rowspan="1">1603104886074</td><td rowspan="1">135</td></tr><tr class="passedeven"><td><a href="#m10">forgotTitle</a></td><td rowspan="1">1603104885668</td><td rowspan="1">403</td></tr><tr class="passedeven"><td><a href="#m11">invalidmob</a></td><td rowspan="1">1603104886212</td><td rowspan="1">297</td></tr><tr class="passedeven"><td><a href="#m12">validmob</a></td><td rowspan="1">1603104886512</td><td rowspan="1">407</td></tr></tbody><tbody id="t2"><tr><th colspan="4">FORGOTOTP &#8212; passed</th></tr><tr class="passedeven"><td rowspan="4">com.qa.Testcase.Otpforgotpage_test</td><td><a href="#m13">emptycheck</a></td><td rowspan="1">1603104898533</td><td rowspan="1">2727</td></tr><tr class="passedeven"><td><a href="#m14">incomleteotp</a></td><td rowspan="1">1603104902246</td><td rowspan="1">758</td></tr><tr class="passedeven"><td><a href="#m15">incorrectotp</a></td><td rowspan="1">1603104901269</td><td rowspan="1">974</td></tr><tr class="passedeven"><td><a href="#m16">otptitlecheck</a></td><td rowspan="1">1603104896634</td><td rowspan="1">1896</td></tr></tbody><tbody id="t3"><tr><th colspan="4">RESETPASSWORD &#8212; passed</th></tr><tr class="passedeven"><td rowspan="7">com.qa.Testcase.Resetpasswordpage_test</td><td><a href="#m17">emptypwd</a></td><td rowspan="1">1603104978131</td><td rowspan="1">761</td></tr><tr class="passedeven"><td><a href="#m18">gotoresetpage</a></td><td rowspan="1">1603104912898</td><td rowspan="1">65226</td></tr><tr class="passedeven"><td><a href="#m19">invalidpwd</a></td><td rowspan="1">1603104981885</td><td rowspan="1">3044</td></tr><tr class="passedeven"><td><a href="#m20">pwdnotmatch</a></td><td rowspan="1">1603104984932</td><td rowspan="1">3035</td></tr><tr class="passedeven"><td><a href="#m21">pwdonly</a></td><td rowspan="1">1603104978894</td><td rowspan="1">2989</td></tr><tr class="passedeven"><td><a href="#m22">resetpwd</a></td><td rowspan="1">1603104991170</td><td rowspan="1">3365</td></tr><tr class="passedeven"><td><a href="#m23">resetsamepwd</a></td><td rowspan="1">1603104987971</td><td rowspan="1">3197</td></tr></tbody><tbody id="t4"><tr><th colspan="4">CHNAGEPASSWORD &#8212; passed</th></tr><tr class="passedeven"><td rowspan="8">com.qa.Testcase.Changepasswordpage_test</td><td><a href="#m24">Changepwd</a></td><td rowspan="1">1603105025465</td><td rowspan="1">3504</td></tr><tr class="passedeven"><td><a href="#m25">Changesamepwd</a></td><td rowspan="1">1603105022200</td><td rowspan="1">3263</td></tr><tr class="passedeven"><td><a href="#m26">Sigin</a></td><td rowspan="1">1603105002123</td><td rowspan="1">7643</td></tr><tr class="passedeven"><td><a href="#m27">emptypwd</a></td><td rowspan="1">1603105009772</td><td rowspan="1">3343</td></tr><tr class="passedeven"><td><a href="#m28">invalidpwd</a></td><td rowspan="1">1603105016096</td><td rowspan="1">3102</td></tr><tr class="passedeven"><td><a href="#m29">logout</a></td><td rowspan="1">1603105028972</td><td rowspan="1">1380</td></tr><tr class="passedeven"><td><a href="#m30">pwdnotmatch</a></td><td rowspan="1">1603105019200</td><td rowspan="1">2997</td></tr><tr class="passedeven"><td><a href="#m31">pwdonly</a></td><td rowspan="1">1603105013119</td><td rowspan="1">2973</td></tr></tbody><tbody id="t5"><tr><th colspan="4">SIGNIN &#8212; failed</th></tr><tr class="failedeven"><td rowspan="2">com.qa.Testcase.Signinpage_test</td><td><a href="#m32">Siginusingvalidinputs</a></td><td rowspan="1">1603105043037</td><td rowspan="1">1906</td></tr><tr class="failedeven"><td><a href="#m33">invalidpwd</a></td><td rowspan="1">1603105040835</td><td rowspan="1">2199</td></tr><tr><th colspan="4">SIGNIN &#8212; passed</th></tr><tr class="passedeven"><td rowspan="8">com.qa.Testcase.Signinpage_test</td><td><a href="#m34">emptysigin</a></td><td rowspan="1">1603105037668</td><td rowspan="1">142</td></tr><tr class="passedeven"><td><a href="#m35">forgotlinkcheck</a></td><td rowspan="1">1603105036651</td><td rowspan="1">503</td></tr><tr class="passedeven"><td><a href="#m36">gettitle</a></td><td rowspan="1">1603105036643</td><td rowspan="1">7</td></tr><tr class="passedeven"><td><a href="#m37">logout</a></td><td rowspan="1">1603105044947</td><td rowspan="1">31093</td></tr><tr class="passedeven"><td><a href="#m38">mobonlysigin</a></td><td rowspan="1">1603105037812</td><td rowspan="1">187</td></tr><tr class="passedeven"><td><a href="#m39">pwdonlysigin</a></td><td rowspan="1">1603105038001</td><td rowspan="1">323</td></tr><tr class="passedeven"><td><a href="#m40">signuplinkcheck</a></td><td rowspan="1">1603105037155</td><td rowspan="1">511</td></tr><tr class="passedeven"><td><a href="#m41">unregistereduser</a></td><td rowspan="1">1603105038325</td><td rowspan="1">2509</td></tr></tbody><tbody id="t6"><tr><th colspan="4">HOME &#8212; passed</th></tr><tr class="passedeven"><td rowspan="5">com.qa.Testcase.Homepage_test</td><td><a href="#m42">Sigin</a></td><td rowspan="1">1603105092824</td><td rowspan="1">7597</td></tr><tr class="passedeven"><td><a href="#m43">attenttestone</a></td><td rowspan="1">1603105100429</td><td rowspan="1">4585</td></tr><tr class="passedeven"><td><a href="#m44">latest</a></td><td rowspan="1">1603105105017</td><td rowspan="1">2215</td></tr><tr class="passedeven"><td><a href="#m45">logout</a></td><td rowspan="1">1603105219119</td><td rowspan="1">3124</td></tr><tr class="passedeven"><td><a href="#m46">recentActivities</a></td><td rowspan="1">1603105107234</td><td rowspan="1">111883</td></tr></tbody><tbody id="t7"><tr><th colspan="4">TEST &#8212; failed</th></tr><tr class="failedeven"><td rowspan="48">com.qa.Testcase.Test_test</td><td><a href="#m47">attendtest1_1</a></td><td rowspan="1">1603105239193</td><td rowspan="1">0</td></tr><tr class="failedeven"><td><a href="#m48">attendtest1_10</a></td><td rowspan="1">1603105239213</td><td rowspan="1">0</td></tr><tr class="failedeven"><td><a href="#m49">attendtest1_11</a></td><td rowspan="1">1603105239215</td><td rowspan="1">0</td></tr><tr class="failedeven"><td><a href="#m50">attendtest1_12</a></td><td rowspan="1">1603105239217</td><td rowspan="1">0</td></tr><tr class="failedeven"><td><a href="#m51">attendtest1_2</a></td><td rowspan="1">1603105239196</td><td rowspan="1">0</td></tr><tr class="failedeven"><td><a href="#m52">attendtest1_3</a></td><td rowspan="1">1603105239198</td><td rowspan="1">0</td></tr><tr class="failedeven"><td><a href="#m53">attendtest1_4</a></td><td rowspan="1">1603105239200</td><td rowspan="1">0</td></tr><tr class="failedeven"><td><a href="#m54">attendtest1_5</a></td><td rowspan="1">1603105239202</td><td rowspan="1">0</td></tr><tr class="failedeven"><td><a href="#m55">attendtest1_6</a></td><td rowspan="1">1603105239205</td><td rowspan="1">0</td></tr><tr class="failedeven"><td><a href="#m56">attendtest1_7</a></td><td rowspan="1">1603105239207</td><td rowspan="1">0</td></tr><tr class="failedeven"><td><a href="#m57">attendtest1_8</a></td><td rowspan="1">1603105239209</td><td rowspan="1">0</td></tr><tr class="failedeven"><td><a href="#m58">attendtest1_9</a></td><td rowspan="1">1603105239211</td><td rowspan="1">0</td></tr><tr class="failedeven"><td><a href="#m59">attendtest2_1</a></td><td rowspan="1">1603105239219</td><td rowspan="1">0</td></tr><tr class="failedeven"><td><a href="#m60">attendtest2_10</a></td><td rowspan="1">1603105239240</td><td rowspan="1">0</td></tr><tr class="failedeven"><td><a href="#m61">attendtest2_11</a></td><td rowspan="1">1603105239242</td><td rowspan="1">0</td></tr><tr class="failedeven"><td><a href="#m62">attendtest2_12</a></td><td rowspan="1">1603105239244</td><td rowspan="1">1</td></tr><tr class="failedeven"><td><a href="#m63">attendtest2_2</a></td><td rowspan="1">1603105239221</td><td rowspan="1">1</td></tr><tr class="failedeven"><td><a href="#m64">attendtest2_3</a></td><td rowspan="1">1603105239224</td><td rowspan="1">1</td></tr><tr class="failedeven"><td><a href="#m65">attendtest2_4</a></td><td rowspan="1">1603105239227</td><td rowspan="1">0</td></tr><tr class="failedeven"><td><a href="#m66">attendtest2_5</a></td><td rowspan="1">1603105239229</td><td rowspan="1">0</td></tr><tr class="failedeven"><td><a href="#m67">attendtest2_6</a></td><td rowspan="1">1603105239231</td><td rowspan="1">1</td></tr><tr class="failedeven"><td><a href="#m68">attendtest2_7</a></td><td rowspan="1">1603105239233</td><td rowspan="1">1</td></tr><tr class="failedeven"><td><a href="#m69">attendtest2_8</a></td><td rowspan="1">1603105239236</td><td rowspan="1">0</td></tr><tr class="failedeven"><td><a href="#m70">attendtest2_9</a></td><td rowspan="1">1603105239238</td><td rowspan="1">0</td></tr><tr class="failedeven"><td><a href="#m71">attendtest3_1</a></td><td rowspan="1">1603105239246</td><td rowspan="1">0</td></tr><tr class="failedeven"><td><a href="#m72">attendtest3_10</a></td><td rowspan="1">1603105239267</td><td rowspan="1">0</td></tr><tr class="failedeven"><td><a href="#m73">attendtest3_11</a></td><td rowspan="1">1603105239269</td><td rowspan="1">0</td></tr><tr class="failedeven"><td><a href="#m74">attendtest3_12</a></td><td rowspan="1">1603105239271</td><td rowspan="1">1</td></tr><tr class="failedeven"><td><a href="#m75">attendtest3_2</a></td><td rowspan="1">1603105239249</td><td rowspan="1">0</td></tr><tr class="failedeven"><td><a href="#m76">attendtest3_3</a></td><td rowspan="1">1603105239250</td><td rowspan="1">1</td></tr><tr class="failedeven"><td><a href="#m77">attendtest3_4</a></td><td rowspan="1">1603105239253</td><td rowspan="1">0</td></tr><tr class="failedeven"><td><a href="#m78">attendtest3_5</a></td><td rowspan="1">1603105239254</td><td rowspan="1">1</td></tr><tr class="failedeven"><td><a href="#m79">attendtest3_6</a></td><td rowspan="1">1603105239257</td><td rowspan="1">0</td></tr><tr class="failedeven"><td><a href="#m80">attendtest3_7</a></td><td rowspan="1">1603105239259</td><td rowspan="1">1</td></tr><tr class="failedeven"><td><a href="#m81">attendtest3_8</a></td><td rowspan="1">1603105239262</td><td rowspan="1">0</td></tr><tr class="failedeven"><td><a href="#m82">attendtest3_9</a></td><td rowspan="1">1603105239264</td><td rowspan="1">1</td></tr><tr class="failedeven"><td><a href="#m83">attendtest4_1</a></td><td rowspan="1">1603105239274</td><td rowspan="1">0</td></tr><tr class="failedeven"><td><a href="#m84">attendtest4_10</a></td><td rowspan="1">1603105239291</td><td rowspan="1">0</td></tr><tr class="failedeven"><td><a href="#m85">attendtest4_11</a></td><td rowspan="1">1603105239292</td><td rowspan="1">0</td></tr><tr class="failedeven"><td><a href="#m86">attendtest4_12</a></td><td rowspan="1">1603105239294</td><td rowspan="1">0</td></tr><tr class="failedeven"><td><a href="#m87">attendtest4_2</a></td><td rowspan="1">1603105239276</td><td rowspan="1">0</td></tr><tr class="failedeven"><td><a href="#m88">attendtest4_3</a></td><td rowspan="1">1603105239278</td><td rowspan="1">1</td></tr><tr class="failedeven"><td><a href="#m89">attendtest4_4</a></td><td rowspan="1">1603105239281</td><td rowspan="1">0</td></tr><tr class="failedeven"><td><a href="#m90">attendtest4_5</a></td><td rowspan="1">1603105239283</td><td rowspan="1">0</td></tr><tr class="failedeven"><td><a href="#m91">attendtest4_6</a></td><td rowspan="1">1603105239285</td><td rowspan="1">0</td></tr><tr class="failedeven"><td><a href="#m92">attendtest4_7</a></td><td rowspan="1">1603105239286</td><td rowspan="1">1</td></tr><tr class="failedeven"><td><a href="#m93">attendtest4_8</a></td><td rowspan="1">1603105239288</td><td rowspan="1">0</td></tr><tr class="failedeven"><td><a href="#m94">attendtest4_9</a></td><td rowspan="1">1603105239289</td><td rowspan="1">0</td></tr><tr><th colspan="4">TEST &#8212; passed</th></tr><tr class="passedeven"><td rowspan="2">com.qa.Testcase.Test_test</td><td><a href="#m95">Sigin</a></td><td rowspan="1">1603105233062</td><td rowspan="1">6130</td></tr><tr class="passedeven"><td><a href="#m96">logout</a></td><td rowspan="1">1603105239297</td><td rowspan="1">1246</td></tr></tbody><tbody id="t8"><tr><th colspan="4">DownloadQB &#8212; passed</th></tr><tr class="passedeven"><td rowspan="2">com.qa.Testcase.Downloadspage_test</td><td><a href="#m97">Sigin</a></td><td rowspan="1">1603105249731</td><td rowspan="1">12037</td></tr><tr class="passedeven"><td><a href="#m98">downloadqb</a></td><td rowspan="1">1603105261770</td><td rowspan="1">28441</td></tr></tbody><tbody id="t9"><tr><th colspan="4">PROFILE &#8212; passed</th></tr><tr class="passedeven"><td rowspan="11">com.qa.Testcase.Profilepage_test</td><td><a href="#m99">Sigin</a></td><td rowspan="1">1603105303461</td><td rowspan="1">4282</td></tr><tr class="passedeven"><td><a href="#m100">allinputs</a></td><td rowspan="1">1603105312684</td><td rowspan="1">3406</td></tr><tr class="passedeven"><td><a href="#m101">emptyprofile</a></td><td rowspan="1">1603105307745</td><td rowspan="1">1311</td></tr><tr class="passedeven"><td><a href="#m102">pname_Invalidemail</a></td><td rowspan="1">1603105311714</td><td rowspan="1">968</td></tr><tr class="passedeven"><td><a href="#m103">pname_pemail</a></td><td rowspan="1">1603105310759</td><td rowspan="1">953</td></tr><tr class="passedeven"><td><a href="#m104">pnameonly</a></td><td rowspan="1">1603105309058</td><td rowspan="1">865</td></tr><tr class="passedeven"><td><a href="#m105">pnameonlylessthan2</a></td><td rowspan="1">1603105309926</td><td rowspan="1">831</td></tr><tr class="passedeven"><td><a href="#m106">pressback</a></td><td rowspan="1">1603105328130</td><td rowspan="1">6832</td></tr><tr class="passedeven"><td><a href="#m107">profileupdate</a></td><td rowspan="1">1603105316091</td><td rowspan="1">7673</td></tr><tr class="passedeven"><td><a href="#m108">profileupdateinvalid</a></td><td rowspan="1">1603105323768</td><td rowspan="1">1722</td></tr><tr class="passedeven"><td><a href="#m109">profileupdatemorethan5mb</a></td><td rowspan="1">1603105325491</td><td rowspan="1">2634</td></tr></tbody><tbody id="t10"><tr><th colspan="4">MYTEST &#8212; failed</th></tr><tr class="failedeven"><td rowspan="1">com.qa.Testcase.MyTestpage_test</td><td><a href="#m110">logout</a></td><td rowspan="1">1603105457879</td><td rowspan="1">120041</td></tr><tr><th colspan="4">MYTEST &#8212; passed</th></tr><tr class="passedeven"><td rowspan="2">com.qa.Testcase.MyTestpage_test</td><td><a href="#m111">Sigin</a></td><td rowspan="1">1603105341210</td><td rowspan="1">3646</td></tr><tr class="passedeven"><td><a href="#m112">mytest</a></td><td rowspan="1">1603105344858</td><td rowspan="1">113019</td></tr></tbody><tbody id="t11"><tr><th colspan="4">CONTACTUS &#8212; failed</th></tr><tr class="failedeven"><td rowspan="5">com.qa.Testcase.Contactuspage_test</td><td><a href="#m113">invalidEmail</a></td><td rowspan="1">1603105606595</td><td rowspan="1">1908</td></tr><tr class="failedeven"><td><a href="#m114">logout</a></td><td rowspan="1">1603105610453</td><td rowspan="1">120781</td></tr><tr class="failedeven"><td><a href="#m115">name_emailonly</a></td><td rowspan="1">1603105604612</td><td rowspan="1">1981</td></tr><tr class="failedeven"><td><a href="#m116">nameonly</a></td><td rowspan="1">1603105602882</td><td rowspan="1">1727</td></tr><tr class="failedeven"><td><a href="#m117">sendcontactus</a></td><td rowspan="1">1603105608505</td><td rowspan="1">1946</td></tr><tr><th colspan="4">CONTACTUS &#8212; passed</th></tr><tr class="passedeven"><td rowspan="2">com.qa.Testcase.Contactuspage_test</td><td><a href="#m118">Sigin</a></td><td rowspan="1">1603105592733</td><td rowspan="1">7959</td></tr><tr class="passedeven"><td><a href="#m119">emptysubmit</a></td><td rowspan="1">1603105600694</td><td rowspan="1">2187</td></tr></tbody></table><h2>SIGNUP</h2><h3 id="m0">com.qa.Testcase.Signuppage_test#Sigupusingvalidinputs</h3><table class="result"><tr><th>Exception</th></tr><tr><td><div class="stacktrace">java.lang.AssertionError: The following asserts failed:
	expected [Registered Successfully..!] but found [User already exists, proceed to login]
	at com.qa.Base.TestBase.softAssert(TestBase.java:103)
	at com.qa.Testcase.Signuppage_test.Sigupusingvalidinputs(Signuppage_test.java:87)
... Removed 29 stack frames</div></td></tr></table><p class="totop"><a href="#summary">back to summary</a></p><h3 id="m1">com.qa.Testcase.Signuppage_test#alreadyregistereduser</h3><table class="result"></table><p class="totop"><a href="#summary">back to summary</a></p><h3 id="m2">com.qa.Testcase.Signuppage_test#emptysigin</h3><table class="result"></table><p class="totop"><a href="#summary">back to summary</a></p><h3 id="m3">com.qa.Testcase.Signuppage_test#gettitle</h3><table class="result"></table><p class="totop"><a href="#summary">back to summary</a></p><h3 id="m4">com.qa.Testcase.Signuppage_test#invalidpwd</h3><table class="result"></table><p class="totop"><a href="#summary">back to summary</a></p><h3 id="m5">com.qa.Testcase.Signuppage_test#mobonlysigup</h3><table class="result"></table><p class="totop"><a href="#summary">back to summary</a></p><h3 id="m6">com.qa.Testcase.Signuppage_test#pwdonlysigin</h3><table class="result"></table><p class="totop"><a href="#summary">back to summary</a></p><h3 id="m7">com.qa.Testcase.Signuppage_test#signinlinkcheck</h3><table class="result"></table><p class="totop"><a href="#summary">back to summary</a></p><h2>FORGOT</h2><h3 id="m8">com.qa.Testcase.Forgotpage_test#backbutton</h3><table class="result"></table><p class="totop"><a href="#summary">back to summary</a></p><h3 id="m9">com.qa.Testcase.Forgotpage_test#emptysubmit</h3><table class="result"></table><p class="totop"><a href="#summary">back to summary</a></p><h3 id="m10">com.qa.Testcase.Forgotpage_test#forgotTitle</h3><table class="result"></table><p class="totop"><a href="#summary">back to summary</a></p><h3 id="m11">com.qa.Testcase.Forgotpage_test#invalidmob</h3><table class="result"></table><p class="totop"><a href="#summary">back to summary</a></p><h3 id="m12">com.qa.Testcase.Forgotpage_test#validmob</h3><table class="result"></table><p class="totop"><a href="#summary">back to summary</a></p><h2>FORGOTOTP</h2><h3 id="m13">com.qa.Testcase.Otpforgotpage_test#emptycheck</h3><table class="result"></table><p class="totop"><a href="#summary">back to summary</a></p><h3 id="m14">com.qa.Testcase.Otpforgotpage_test#incomleteotp</h3><table class="result"></table><p class="totop"><a href="#summary">back to summary</a></p><h3 id="m15">com.qa.Testcase.Otpforgotpage_test#incorrectotp</h3><table class="result"></table><p class="totop"><a href="#summary">back to summary</a></p><h3 id="m16">com.qa.Testcase.Otpforgotpage_test#otptitlecheck</h3><table class="result"></table><p class="totop"><a href="#summary">back to summary</a></p><h2>RESETPASSWORD</h2><h3 id="m17">com.qa.Testcase.Resetpasswordpage_test#emptypwd</h3><table class="result"></table><p class="totop"><a href="#summary">back to summary</a></p><h3 id="m18">com.qa.Testcase.Resetpasswordpage_test#gotoresetpage</h3><table class="result"></table><p class="totop"><a href="#summary">back to summary</a></p><h3 id="m19">com.qa.Testcase.Resetpasswordpage_test#invalidpwd</h3><table class="result"></table><p class="totop"><a href="#summary">back to summary</a></p><h3 id="m20">com.qa.Testcase.Resetpasswordpage_test#pwdnotmatch</h3><table class="result"></table><p class="totop"><a href="#summary">back to summary</a></p><h3 id="m21">com.qa.Testcase.Resetpasswordpage_test#pwdonly</h3><table class="result"></table><p class="totop"><a href="#summary">back to summary</a></p><h3 id="m22">com.qa.Testcase.Resetpasswordpage_test#resetpwd</h3><table class="result"></table><p class="totop"><a href="#summary">back to summary</a></p><h3 id="m23">com.qa.Testcase.Resetpasswordpage_test#resetsamepwd</h3><table class="result"></table><p class="totop"><a href="#summary">back to summary</a></p><h2>CHNAGEPASSWORD</h2><h3 id="m24">com.qa.Testcase.Changepasswordpage_test#Changepwd</h3><table class="result"></table><p class="totop"><a href="#summary">back to summary</a></p><h3 id="m25">com.qa.Testcase.Changepasswordpage_test#Changesamepwd</h3><table class="result"></table><p class="totop"><a href="#summary">back to summary</a></p><h3 id="m26">com.qa.Testcase.Changepasswordpage_test#Sigin</h3><table class="result"></table><p class="totop"><a href="#summary">back to summary</a></p><h3 id="m27">com.qa.Testcase.Changepasswordpage_test#emptypwd</h3><table class="result"></table><p class="totop"><a href="#summary">back to summary</a></p><h3 id="m28">com.qa.Testcase.Changepasswordpage_test#invalidpwd</h3><table class="result"></table><p class="totop"><a href="#summary">back to summary</a></p><h3 id="m29">com.qa.Testcase.Changepasswordpage_test#logout</h3><table class="result"></table><p class="totop"><a href="#summary">back to summary</a></p><h3 id="m30">com.qa.Testcase.Changepasswordpage_test#pwdnotmatch</h3><table class="result"></table><p class="totop"><a href="#summary">back to summary</a></p><h3 id="m31">com.qa.Testcase.Changepasswordpage_test#pwdonly</h3><table class="result"></table><p class="totop"><a href="#summary">back to summary</a></p><h2>SIGNIN</h2><h3 id="m32">com.qa.Testcase.Signinpage_test#Siginusingvalidinputs</h3><table class="result"><tr><th>Exception</th></tr><tr><td><div class="stacktrace">org.openqa.selenium.ElementClickInterceptedException: element click intercepted: Element &lt;button class=&quot;login100-form-btn  login-submit&quot; type=&quot;button&quot;&gt;...&lt;/button&gt; is not clickable at point (320, 630). Other element would receive the click: &lt;div class=&quot;sweet-overlay&quot; tabindex=&quot;-1&quot; style=&quot;opacity: 1; display: block;&quot;&gt;&lt;/div&gt;
  (Session info: chrome=85.0.4183.121)
Build info: version: &apos;3.14.0&apos;, revision: &apos;aacccce0&apos;, time: &apos;2018-08-02T20:19:58.91Z&apos;
System info: host: &apos;MTCHNDT-UTHRAA&apos;, ip: &apos;192.168.64.110&apos;, os.name: &apos;Windows 10&apos;, os.arch: &apos;amd64&apos;, os.version: &apos;10.0&apos;, java.version: &apos;11.0.8&apos;
Driver info: org.openqa.selenium.chrome.ChromeDriver
Capabilities {acceptInsecureCerts: false, browserName: chrome, browserVersion: 85.0.4183.121, chrome: {chromedriverVersion: 85.0.4183.87 (cd6713ebf92fa..., userDataDir: C:\Users\UTHRAK~1.A\AppData...}, goog:chromeOptions: {debuggerAddress: localhost:17869}, javascriptEnabled: true, networkConnectionEnabled: false, pageLoadStrategy: normal, platform: WINDOWS, platformName: WINDOWS, proxy: Proxy(), setWindowRect: true, strictFileInteractability: false, timeouts: {implicit: 0, pageLoad: 300000, script: 30000}, unhandledPromptBehavior: dismiss and notify, webauthn:virtualAuthenticators: true}
Session ID: 9c7ad59361569272c2fd643a68dd3aaa
	at org.openqa.selenium.remote.http.W3CHttpResponseCodec.createException(W3CHttpResponseCodec.java:187)
	at org.openqa.selenium.remote.http.W3CHttpResponseCodec.decode(W3CHttpResponseCodec.java:122)
	at org.openqa.selenium.remote.http.W3CHttpResponseCodec.decode(W3CHttpResponseCodec.java:49)
	at org.openqa.selenium.remote.HttpCommandExecutor.execute(HttpCommandExecutor.java:158)
	at org.openqa.selenium.remote.service.DriverCommandExecutor.execute(DriverCommandExecutor.java:83)
	at org.openqa.selenium.remote.RemoteWebDriver.execute(RemoteWebDriver.java:548)
	at org.openqa.selenium.remote.RemoteWebElement.execute(RemoteWebElement.java:276)
	at org.openqa.selenium.remote.RemoteWebElement.click(RemoteWebElement.java:83)
	at org.openqa.selenium.support.events.EventFiringWebDriver$EventFiringWebElement.lambda$new$0(EventFiringWebDriver.java:403)
	at com.sun.proxy.$Proxy13.click(Unknown Source)
	at org.openqa.selenium.support.events.EventFiringWebDriver$EventFiringWebElement.click(EventFiringWebDriver.java:416)
	at org.openqa.selenium.support.pagefactory.internal.LocatingElementHandler.invoke(LocatingElementHandler.java:51)
	at com.sun.proxy.$Proxy12.click(Unknown Source)
	at com.qa.Base.TestBase.click(TestBase.java:97)
	at Pages.Signinpage.pressSignin(Signinpage.java:56)
	at com.qa.Testcase.Signinpage_test.Siginusingvalidinputs(Signinpage_test.java:89)
... Removed 38 stack frames</div></td></tr></table><p class="totop"><a href="#summary">back to summary</a></p><h3 id="m33">com.qa.Testcase.Signinpage_test#invalidpwd</h3><table class="result"><tr><th>Exception</th></tr><tr><td><div class="stacktrace">org.openqa.selenium.ElementClickInterceptedException: element click intercepted: Element &lt;button class=&quot;login100-form-btn  login-submit&quot; type=&quot;button&quot;&gt;...&lt;/button&gt; is not clickable at point (320, 630). Other element would receive the click: &lt;div class=&quot;sweet-overlay&quot; tabindex=&quot;-1&quot; style=&quot;opacity: 1; display: block;&quot;&gt;&lt;/div&gt;
  (Session info: chrome=85.0.4183.121)
Build info: version: &apos;3.14.0&apos;, revision: &apos;aacccce0&apos;, time: &apos;2018-08-02T20:19:58.91Z&apos;
System info: host: &apos;MTCHNDT-UTHRAA&apos;, ip: &apos;192.168.64.110&apos;, os.name: &apos;Windows 10&apos;, os.arch: &apos;amd64&apos;, os.version: &apos;10.0&apos;, java.version: &apos;11.0.8&apos;
Driver info: org.openqa.selenium.chrome.ChromeDriver
Capabilities {acceptInsecureCerts: false, browserName: chrome, browserVersion: 85.0.4183.121, chrome: {chromedriverVersion: 85.0.4183.87 (cd6713ebf92fa..., userDataDir: C:\Users\UTHRAK~1.A\AppData...}, goog:chromeOptions: {debuggerAddress: localhost:17869}, javascriptEnabled: true, networkConnectionEnabled: false, pageLoadStrategy: normal, platform: WINDOWS, platformName: WINDOWS, proxy: Proxy(), setWindowRect: true, strictFileInteractability: false, timeouts: {implicit: 0, pageLoad: 300000, script: 30000}, unhandledPromptBehavior: dismiss and notify, webauthn:virtualAuthenticators: true}
Session ID: 9c7ad59361569272c2fd643a68dd3aaa
	at org.openqa.selenium.remote.http.W3CHttpResponseCodec.createException(W3CHttpResponseCodec.java:187)
	at org.openqa.selenium.remote.http.W3CHttpResponseCodec.decode(W3CHttpResponseCodec.java:122)
	at org.openqa.selenium.remote.http.W3CHttpResponseCodec.decode(W3CHttpResponseCodec.java:49)
	at org.openqa.selenium.remote.HttpCommandExecutor.execute(HttpCommandExecutor.java:158)
	at org.openqa.selenium.remote.service.DriverCommandExecutor.execute(DriverCommandExecutor.java:83)
	at org.openqa.selenium.remote.RemoteWebDriver.execute(RemoteWebDriver.java:548)
	at org.openqa.selenium.remote.RemoteWebElement.execute(RemoteWebElement.java:276)
	at org.openqa.selenium.remote.RemoteWebElement.click(RemoteWebElement.java:83)
	at org.openqa.selenium.support.events.EventFiringWebDriver$EventFiringWebElement.lambda$new$0(EventFiringWebDriver.java:403)
	at com.sun.proxy.$Proxy13.click(Unknown Source)
	at org.openqa.selenium.support.events.EventFiringWebDriver$EventFiringWebElement.click(EventFiringWebDriver.java:416)
	at org.openqa.selenium.support.pagefactory.internal.LocatingElementHandler.invoke(LocatingElementHandler.java:51)
	at com.sun.proxy.$Proxy12.click(Unknown Source)
	at com.qa.Base.TestBase.click(TestBase.java:97)
	at Pages.Signinpage.pressSignin(Signinpage.java:56)
	at com.qa.Testcase.Signinpage_test.invalidpwd(Signinpage_test.java:79)
... Removed 38 stack frames</div></td></tr></table><p class="totop"><a href="#summary">back to summary</a></p><h3 id="m34">com.qa.Testcase.Signinpage_test#emptysigin</h3><table class="result"></table><p class="totop"><a href="#summary">back to summary</a></p><h3 id="m35">com.qa.Testcase.Signinpage_test#forgotlinkcheck</h3><table class="result"></table><p class="totop"><a href="#summary">back to summary</a></p><h3 id="m36">com.qa.Testcase.Signinpage_test#gettitle</h3><table class="result"></table><p class="totop"><a href="#summary">back to summary</a></p><h3 id="m37">com.qa.Testcase.Signinpage_test#logout</h3><table class="result"></table><p class="totop"><a href="#summary">back to summary</a></p><h3 id="m38">com.qa.Testcase.Signinpage_test#mobonlysigin</h3><table class="result"></table><p class="totop"><a href="#summary">back to summary</a></p><h3 id="m39">com.qa.Testcase.Signinpage_test#pwdonlysigin</h3><table class="result"></table><p class="totop"><a href="#summary">back to summary</a></p><h3 id="m40">com.qa.Testcase.Signinpage_test#signuplinkcheck</h3><table class="result"></table><p class="totop"><a href="#summary">back to summary</a></p><h3 id="m41">com.qa.Testcase.Signinpage_test#unregistereduser</h3><table class="result"></table><p class="totop"><a href="#summary">back to summary</a></p><h2>HOME</h2><h3 id="m42">com.qa.Testcase.Homepage_test#Sigin</h3><table class="result"></table><p class="totop"><a href="#summary">back to summary</a></p><h3 id="m43">com.qa.Testcase.Homepage_test#attenttestone</h3><table class="result"></table><p class="totop"><a href="#summary">back to summary</a></p><h3 id="m44">com.qa.Testcase.Homepage_test#latest</h3><table class="result"></table><p class="totop"><a href="#summary">back to summary</a></p><h3 id="m45">com.qa.Testcase.Homepage_test#logout</h3><table class="result"></table><p class="totop"><a href="#summary">back to summary</a></p><h3 id="m46">com.qa.Testcase.Homepage_test#recentActivities</h3><table class="result"></table><p class="totop"><a href="#summary">back to summary</a></p><h2>TEST</h2><h3 id="m47">com.qa.Testcase.Test_test#attendtest1_1</h3><table class="result"><tr><th>Exception</th></tr><tr><td><div class="stacktrace">java.lang.NullPointerException
	at com.qa.Base.TestBase.exceptedcondition(TestBase.java:89)
	at com.qa.Testcase.Test_test.attendtest1_1(Test_test.java:40)
... Removed 28 stack frames</div></td></tr></table><p class="totop"><a href="#summary">back to summary</a></p><h3 id="m48">com.qa.Testcase.Test_test#attendtest1_10</h3><table class="result"><tr><th>Exception</th></tr><tr><td><div class="stacktrace">java.lang.NullPointerException
	at com.qa.Base.TestBase.exceptedcondition(TestBase.java:89)
	at com.qa.Testcase.Test_test.attendtest1_10(Test_test.java:212)
... Removed 28 stack frames</div></td></tr></table><p class="totop"><a href="#summary">back to summary</a></p><h3 id="m49">com.qa.Testcase.Test_test#attendtest1_11</h3><table class="result"><tr><th>Exception</th></tr><tr><td><div class="stacktrace">java.lang.NullPointerException
	at com.qa.Base.TestBase.exceptedcondition(TestBase.java:89)
	at com.qa.Testcase.Test_test.attendtest1_11(Test_test.java:231)
... Removed 28 stack frames</div></td></tr></table><p class="totop"><a href="#summary">back to summary</a></p><h3 id="m50">com.qa.Testcase.Test_test#attendtest1_12</h3><table class="result"><tr><th>Exception</th></tr><tr><td><div class="stacktrace">java.lang.NullPointerException
	at com.qa.Base.TestBase.exceptedcondition(TestBase.java:89)
	at com.qa.Testcase.Test_test.attendtest1_12(Test_test.java:250)
... Removed 28 stack frames</div></td></tr></table><p class="totop"><a href="#summary">back to summary</a></p><h3 id="m51">com.qa.Testcase.Test_test#attendtest1_2</h3><table class="result"><tr><th>Exception</th></tr><tr><td><div class="stacktrace">java.lang.NullPointerException
	at com.qa.Base.TestBase.exceptedcondition(TestBase.java:89)
	at com.qa.Testcase.Test_test.attendtest1_2(Test_test.java:60)
... Removed 28 stack frames</div></td></tr></table><p class="totop"><a href="#summary">back to summary</a></p><h3 id="m52">com.qa.Testcase.Test_test#attendtest1_3</h3><table class="result"><tr><th>Exception</th></tr><tr><td><div class="stacktrace">java.lang.NullPointerException
	at com.qa.Base.TestBase.exceptedcondition(TestBase.java:89)
	at com.qa.Testcase.Test_test.attendtest1_3(Test_test.java:79)
... Removed 28 stack frames</div></td></tr></table><p class="totop"><a href="#summary">back to summary</a></p><h3 id="m53">com.qa.Testcase.Test_test#attendtest1_4</h3><table class="result"><tr><th>Exception</th></tr><tr><td><div class="stacktrace">java.lang.NullPointerException
	at com.qa.Base.TestBase.exceptedcondition(TestBase.java:89)
	at com.qa.Testcase.Test_test.attendtest1_4(Test_test.java:98)
... Removed 28 stack frames</div></td></tr></table><p class="totop"><a href="#summary">back to summary</a></p><h3 id="m54">com.qa.Testcase.Test_test#attendtest1_5</h3><table class="result"><tr><th>Exception</th></tr><tr><td><div class="stacktrace">java.lang.NullPointerException
	at com.qa.Base.TestBase.exceptedcondition(TestBase.java:89)
	at com.qa.Testcase.Test_test.attendtest1_5(Test_test.java:117)
... Removed 28 stack frames</div></td></tr></table><p class="totop"><a href="#summary">back to summary</a></p><h3 id="m55">com.qa.Testcase.Test_test#attendtest1_6</h3><table class="result"><tr><th>Exception</th></tr><tr><td><div class="stacktrace">java.lang.NullPointerException
	at com.qa.Base.TestBase.exceptedcondition(TestBase.java:89)
	at com.qa.Testcase.Test_test.attendtest1_6(Test_test.java:136)
... Removed 28 stack frames</div></td></tr></table><p class="totop"><a href="#summary">back to summary</a></p><h3 id="m56">com.qa.Testcase.Test_test#attendtest1_7</h3><table class="result"><tr><th>Exception</th></tr><tr><td><div class="stacktrace">java.lang.NullPointerException
	at com.qa.Base.TestBase.exceptedcondition(TestBase.java:89)
	at com.qa.Testcase.Test_test.attendtest1_7(Test_test.java:155)
... Removed 28 stack frames</div></td></tr></table><p class="totop"><a href="#summary">back to summary</a></p><h3 id="m57">com.qa.Testcase.Test_test#attendtest1_8</h3><table class="result"><tr><th>Exception</th></tr><tr><td><div class="stacktrace">java.lang.NullPointerException
	at com.qa.Base.TestBase.exceptedcondition(TestBase.java:89)
	at com.qa.Testcase.Test_test.attendtest1_8(Test_test.java:174)
... Removed 28 stack frames</div></td></tr></table><p class="totop"><a href="#summary">back to summary</a></p><h3 id="m58">com.qa.Testcase.Test_test#attendtest1_9</h3><table class="result"><tr><th>Exception</th></tr><tr><td><div class="stacktrace">java.lang.NullPointerException
	at com.qa.Base.TestBase.exceptedcondition(TestBase.java:89)
	at com.qa.Testcase.Test_test.attendtest1_9(Test_test.java:193)
... Removed 28 stack frames</div></td></tr></table><p class="totop"><a href="#summary">back to summary</a></p><h3 id="m59">com.qa.Testcase.Test_test#attendtest2_1</h3><table class="result"><tr><th>Exception</th></tr><tr><td><div class="stacktrace">java.lang.NullPointerException
	at com.qa.Base.TestBase.exceptedcondition(TestBase.java:89)
	at com.qa.Testcase.Test_test.attendtest2_1(Test_test.java:272)
... Removed 28 stack frames</div></td></tr></table><p class="totop"><a href="#summary">back to summary</a></p><h3 id="m60">com.qa.Testcase.Test_test#attendtest2_10</h3><table class="result"><tr><th>Exception</th></tr><tr><td><div class="stacktrace">java.lang.NullPointerException
	at com.qa.Base.TestBase.exceptedcondition(TestBase.java:89)
	at com.qa.Testcase.Test_test.attendtest2_10(Test_test.java:443)
... Removed 28 stack frames</div></td></tr></table><p class="totop"><a href="#summary">back to summary</a></p><h3 id="m61">com.qa.Testcase.Test_test#attendtest2_11</h3><table class="result"><tr><th>Exception</th></tr><tr><td><div class="stacktrace">java.lang.NullPointerException
	at com.qa.Base.TestBase.exceptedcondition(TestBase.java:89)
	at com.qa.Testcase.Test_test.attendtest2_11(Test_test.java:462)
... Removed 28 stack frames</div></td></tr></table><p class="totop"><a href="#summary">back to summary</a></p><h3 id="m62">com.qa.Testcase.Test_test#attendtest2_12</h3><table class="result"><tr><th>Exception</th></tr><tr><td><div class="stacktrace">java.lang.NullPointerException
	at com.qa.Base.TestBase.exceptedcondition(TestBase.java:89)
	at com.qa.Testcase.Test_test.attendtest2_12(Test_test.java:481)
... Removed 28 stack frames</div></td></tr></table><p class="totop"><a href="#summary">back to summary</a></p><h3 id="m63">com.qa.Testcase.Test_test#attendtest2_2</h3><table class="result"><tr><th>Exception</th></tr><tr><td><div class="stacktrace">java.lang.NullPointerException
	at com.qa.Base.TestBase.exceptedcondition(TestBase.java:89)
	at com.qa.Testcase.Test_test.attendtest2_2(Test_test.java:291)
... Removed 28 stack frames</div></td></tr></table><p class="totop"><a href="#summary">back to summary</a></p><h3 id="m64">com.qa.Testcase.Test_test#attendtest2_3</h3><table class="result"><tr><th>Exception</th></tr><tr><td><div class="stacktrace">java.lang.NullPointerException
	at com.qa.Base.TestBase.exceptedcondition(TestBase.java:89)
	at com.qa.Testcase.Test_test.attendtest2_3(Test_test.java:310)
... Removed 28 stack frames</div></td></tr></table><p class="totop"><a href="#summary">back to summary</a></p><h3 id="m65">com.qa.Testcase.Test_test#attendtest2_4</h3><table class="result"><tr><th>Exception</th></tr><tr><td><div class="stacktrace">java.lang.NullPointerException
	at com.qa.Base.TestBase.exceptedcondition(TestBase.java:89)
	at com.qa.Testcase.Test_test.attendtest2_4(Test_test.java:329)
... Removed 28 stack frames</div></td></tr></table><p class="totop"><a href="#summary">back to summary</a></p><h3 id="m66">com.qa.Testcase.Test_test#attendtest2_5</h3><table class="result"><tr><th>Exception</th></tr><tr><td><div class="stacktrace">java.lang.NullPointerException
	at com.qa.Base.TestBase.exceptedcondition(TestBase.java:89)
	at com.qa.Testcase.Test_test.attendtest2_5(Test_test.java:348)
... Removed 28 stack frames</div></td></tr></table><p class="totop"><a href="#summary">back to summary</a></p><h3 id="m67">com.qa.Testcase.Test_test#attendtest2_6</h3><table class="result"><tr><th>Exception</th></tr><tr><td><div class="stacktrace">java.lang.NullPointerException
	at com.qa.Base.TestBase.exceptedcondition(TestBase.java:89)
	at com.qa.Testcase.Test_test.attendtest2_6(Test_test.java:367)
... Removed 28 stack frames</div></td></tr></table><p class="totop"><a href="#summary">back to summary</a></p><h3 id="m68">com.qa.Testcase.Test_test#attendtest2_7</h3><table class="result"><tr><th>Exception</th></tr><tr><td><div class="stacktrace">java.lang.NullPointerException
	at com.qa.Base.TestBase.exceptedcondition(TestBase.java:89)
	at com.qa.Testcase.Test_test.attendtest2_7(Test_test.java:386)
... Removed 28 stack frames</div></td></tr></table><p class="totop"><a href="#summary">back to summary</a></p><h3 id="m69">com.qa.Testcase.Test_test#attendtest2_8</h3><table class="result"><tr><th>Exception</th></tr><tr><td><div class="stacktrace">java.lang.NullPointerException
	at com.qa.Base.TestBase.exceptedcondition(TestBase.java:89)
	at com.qa.Testcase.Test_test.attendtest2_8(Test_test.java:405)
... Removed 28 stack frames</div></td></tr></table><p class="totop"><a href="#summary">back to summary</a></p><h3 id="m70">com.qa.Testcase.Test_test#attendtest2_9</h3><table class="result"><tr><th>Exception</th></tr><tr><td><div class="stacktrace">java.lang.NullPointerException
	at com.qa.Base.TestBase.exceptedcondition(TestBase.java:89)
	at com.qa.Testcase.Test_test.attendtest2_9(Test_test.java:424)
... Removed 28 stack frames</div></td></tr></table><p class="totop"><a href="#summary">back to summary</a></p><h3 id="m71">com.qa.Testcase.Test_test#attendtest3_1</h3><table class="result"><tr><th>Exception</th></tr><tr><td><div class="stacktrace">java.lang.NullPointerException
	at com.qa.Base.TestBase.exceptedcondition(TestBase.java:89)
	at com.qa.Testcase.Test_test.attendtest3_1(Test_test.java:502)
... Removed 28 stack frames</div></td></tr></table><p class="totop"><a href="#summary">back to summary</a></p><h3 id="m72">com.qa.Testcase.Test_test#attendtest3_10</h3><table class="result"><tr><th>Exception</th></tr><tr><td><div class="stacktrace">java.lang.NullPointerException
	at com.qa.Base.TestBase.exceptedcondition(TestBase.java:89)
	at com.qa.Testcase.Test_test.attendtest3_10(Test_test.java:673)
... Removed 28 stack frames</div></td></tr></table><p class="totop"><a href="#summary">back to summary</a></p><h3 id="m73">com.qa.Testcase.Test_test#attendtest3_11</h3><table class="result"><tr><th>Exception</th></tr><tr><td><div class="stacktrace">java.lang.NullPointerException
	at com.qa.Base.TestBase.exceptedcondition(TestBase.java:89)
	at com.qa.Testcase.Test_test.attendtest3_11(Test_test.java:692)
... Removed 28 stack frames</div></td></tr></table><p class="totop"><a href="#summary">back to summary</a></p><h3 id="m74">com.qa.Testcase.Test_test#attendtest3_12</h3><table class="result"><tr><th>Exception</th></tr><tr><td><div class="stacktrace">java.lang.NullPointerException
	at com.qa.Base.TestBase.exceptedcondition(TestBase.java:89)
	at com.qa.Testcase.Test_test.attendtest3_12(Test_test.java:711)
... Removed 28 stack frames</div></td></tr></table><p class="totop"><a href="#summary">back to summary</a></p><h3 id="m75">com.qa.Testcase.Test_test#attendtest3_2</h3><table class="result"><tr><th>Exception</th></tr><tr><td><div class="stacktrace">java.lang.NullPointerException
	at com.qa.Base.TestBase.exceptedcondition(TestBase.java:89)
	at com.qa.Testcase.Test_test.attendtest3_2(Test_test.java:521)
... Removed 28 stack frames</div></td></tr></table><p class="totop"><a href="#summary">back to summary</a></p><h3 id="m76">com.qa.Testcase.Test_test#attendtest3_3</h3><table class="result"><tr><th>Exception</th></tr><tr><td><div class="stacktrace">java.lang.NullPointerException
	at com.qa.Base.TestBase.exceptedcondition(TestBase.java:89)
	at com.qa.Testcase.Test_test.attendtest3_3(Test_test.java:540)
... Removed 28 stack frames</div></td></tr></table><p class="totop"><a href="#summary">back to summary</a></p><h3 id="m77">com.qa.Testcase.Test_test#attendtest3_4</h3><table class="result"><tr><th>Exception</th></tr><tr><td><div class="stacktrace">java.lang.NullPointerException
	at com.qa.Base.TestBase.exceptedcondition(TestBase.java:89)
	at com.qa.Testcase.Test_test.attendtest3_4(Test_test.java:559)
... Removed 28 stack frames</div></td></tr></table><p class="totop"><a href="#summary">back to summary</a></p><h3 id="m78">com.qa.Testcase.Test_test#attendtest3_5</h3><table class="result"><tr><th>Exception</th></tr><tr><td><div class="stacktrace">java.lang.NullPointerException
	at com.qa.Base.TestBase.exceptedcondition(TestBase.java:89)
	at com.qa.Testcase.Test_test.attendtest3_5(Test_test.java:578)
... Removed 28 stack frames</div></td></tr></table><p class="totop"><a href="#summary">back to summary</a></p><h3 id="m79">com.qa.Testcase.Test_test#attendtest3_6</h3><table class="result"><tr><th>Exception</th></tr><tr><td><div class="stacktrace">java.lang.NullPointerException
	at com.qa.Base.TestBase.exceptedcondition(TestBase.java:89)
	at com.qa.Testcase.Test_test.attendtest3_6(Test_test.java:597)
... Removed 28 stack frames</div></td></tr></table><p class="totop"><a href="#summary">back to summary</a></p><h3 id="m80">com.qa.Testcase.Test_test#attendtest3_7</h3><table class="result"><tr><th>Exception</th></tr><tr><td><div class="stacktrace">java.lang.NullPointerException
	at com.qa.Base.TestBase.exceptedcondition(TestBase.java:89)
	at com.qa.Testcase.Test_test.attendtest3_7(Test_test.java:616)
... Removed 28 stack frames</div></td></tr></table><p class="totop"><a href="#summary">back to summary</a></p><h3 id="m81">com.qa.Testcase.Test_test#attendtest3_8</h3><table class="result"><tr><th>Exception</th></tr><tr><td><div class="stacktrace">java.lang.NullPointerException
	at com.qa.Base.TestBase.exceptedcondition(TestBase.java:89)
	at com.qa.Testcase.Test_test.attendtest3_8(Test_test.java:635)
... Removed 28 stack frames</div></td></tr></table><p class="totop"><a href="#summary">back to summary</a></p><h3 id="m82">com.qa.Testcase.Test_test#attendtest3_9</h3><table class="result"><tr><th>Exception</th></tr><tr><td><div class="stacktrace">java.lang.NullPointerException
	at com.qa.Base.TestBase.exceptedcondition(TestBase.java:89)
	at com.qa.Testcase.Test_test.attendtest3_9(Test_test.java:654)
... Removed 28 stack frames</div></td></tr></table><p class="totop"><a href="#summary">back to summary</a></p><h3 id="m83">com.qa.Testcase.Test_test#attendtest4_1</h3><table class="result"><tr><th>Exception</th></tr><tr><td><div class="stacktrace">java.lang.NullPointerException
	at com.qa.Base.TestBase.exceptedcondition(TestBase.java:89)
	at com.qa.Testcase.Test_test.attendtest4_1(Test_test.java:732)
... Removed 28 stack frames</div></td></tr></table><p class="totop"><a href="#summary">back to summary</a></p><h3 id="m84">com.qa.Testcase.Test_test#attendtest4_10</h3><table class="result"><tr><th>Exception</th></tr><tr><td><div class="stacktrace">java.lang.NullPointerException
	at com.qa.Base.TestBase.exceptedcondition(TestBase.java:89)
	at com.qa.Testcase.Test_test.attendtest4_10(Test_test.java:903)
... Removed 28 stack frames</div></td></tr></table><p class="totop"><a href="#summary">back to summary</a></p><h3 id="m85">com.qa.Testcase.Test_test#attendtest4_11</h3><table class="result"><tr><th>Exception</th></tr><tr><td><div class="stacktrace">java.lang.NullPointerException
	at com.qa.Base.TestBase.exceptedcondition(TestBase.java:89)
	at com.qa.Testcase.Test_test.attendtest4_11(Test_test.java:922)
... Removed 28 stack frames</div></td></tr></table><p class="totop"><a href="#summary">back to summary</a></p><h3 id="m86">com.qa.Testcase.Test_test#attendtest4_12</h3><table class="result"><tr><th>Exception</th></tr><tr><td><div class="stacktrace">java.lang.NullPointerException
	at com.qa.Base.TestBase.exceptedcondition(TestBase.java:89)
	at com.qa.Testcase.Test_test.attendtest4_12(Test_test.java:941)
... Removed 28 stack frames</div></td></tr></table><p class="totop"><a href="#summary">back to summary</a></p><h3 id="m87">com.qa.Testcase.Test_test#attendtest4_2</h3><table class="result"><tr><th>Exception</th></tr><tr><td><div class="stacktrace">java.lang.NullPointerException
	at com.qa.Base.TestBase.exceptedcondition(TestBase.java:89)
	at com.qa.Testcase.Test_test.attendtest4_2(Test_test.java:751)
... Removed 28 stack frames</div></td></tr></table><p class="totop"><a href="#summary">back to summary</a></p><h3 id="m88">com.qa.Testcase.Test_test#attendtest4_3</h3><table class="result"><tr><th>Exception</th></tr><tr><td><div class="stacktrace">java.lang.NullPointerException
	at com.qa.Base.TestBase.exceptedcondition(TestBase.java:89)
	at com.qa.Testcase.Test_test.attendtest4_3(Test_test.java:770)
... Removed 28 stack frames</div></td></tr></table><p class="totop"><a href="#summary">back to summary</a></p><h3 id="m89">com.qa.Testcase.Test_test#attendtest4_4</h3><table class="result"><tr><th>Exception</th></tr><tr><td><div class="stacktrace">java.lang.NullPointerException
	at com.qa.Base.TestBase.exceptedcondition(TestBase.java:89)
	at com.qa.Testcase.Test_test.attendtest4_4(Test_test.java:789)
... Removed 28 stack frames</div></td></tr></table><p class="totop"><a href="#summary">back to summary</a></p><h3 id="m90">com.qa.Testcase.Test_test#attendtest4_5</h3><table class="result"><tr><th>Exception</th></tr><tr><td><div class="stacktrace">java.lang.NullPointerException
	at com.qa.Base.TestBase.exceptedcondition(TestBase.java:89)
	at com.qa.Testcase.Test_test.attendtest4_5(Test_test.java:808)
... Removed 28 stack frames</div></td></tr></table><p class="totop"><a href="#summary">back to summary</a></p><h3 id="m91">com.qa.Testcase.Test_test#attendtest4_6</h3><table class="result"><tr><th>Exception</th></tr><tr><td><div class="stacktrace">java.lang.NullPointerException
	at com.qa.Base.TestBase.exceptedcondition(TestBase.java:89)
	at com.qa.Testcase.Test_test.attendtest4_6(Test_test.java:827)
... Removed 28 stack frames</div></td></tr></table><p class="totop"><a href="#summary">back to summary</a></p><h3 id="m92">com.qa.Testcase.Test_test#attendtest4_7</h3><table class="result"><tr><th>Exception</th></tr><tr><td><div class="stacktrace">java.lang.NullPointerException
	at com.qa.Base.TestBase.exceptedcondition(TestBase.java:89)
	at com.qa.Testcase.Test_test.attendtest4_7(Test_test.java:846)
... Removed 28 stack frames</div></td></tr></table><p class="totop"><a href="#summary">back to summary</a></p><h3 id="m93">com.qa.Testcase.Test_test#attendtest4_8</h3><table class="result"><tr><th>Exception</th></tr><tr><td><div class="stacktrace">java.lang.NullPointerException
	at com.qa.Base.TestBase.exceptedcondition(TestBase.java:89)
	at com.qa.Testcase.Test_test.attendtest4_8(Test_test.java:865)
... Removed 28 stack frames</div></td></tr></table><p class="totop"><a href="#summary">back to summary</a></p><h3 id="m94">com.qa.Testcase.Test_test#attendtest4_9</h3><table class="result"><tr><th>Exception</th></tr><tr><td><div class="stacktrace">java.lang.NullPointerException
	at com.qa.Base.TestBase.exceptedcondition(TestBase.java:89)
	at com.qa.Testcase.Test_test.attendtest4_9(Test_test.java:884)
... Removed 28 stack frames</div></td></tr></table><p class="totop"><a href="#summary">back to summary</a></p><h3 id="m95">com.qa.Testcase.Test_test#Sigin</h3><table class="result"></table><p class="totop"><a href="#summary">back to summary</a></p><h3 id="m96">com.qa.Testcase.Test_test#logout</h3><table class="result"></table><p class="totop"><a href="#summary">back to summary</a></p><h2>DownloadQB</h2><h3 id="m97">com.qa.Testcase.Downloadspage_test#Sigin</h3><table class="result"></table><p class="totop"><a href="#summary">back to summary</a></p><h3 id="m98">com.qa.Testcase.Downloadspage_test#downloadqb</h3><table class="result"></table><p class="totop"><a href="#summary">back to summary</a></p><h2>PROFILE</h2><h3 id="m99">com.qa.Testcase.Profilepage_test#Sigin</h3><table class="result"></table><p class="totop"><a href="#summary">back to summary</a></p><h3 id="m100">com.qa.Testcase.Profilepage_test#allinputs</h3><table class="result"></table><p class="totop"><a href="#summary">back to summary</a></p><h3 id="m101">com.qa.Testcase.Profilepage_test#emptyprofile</h3><table class="result"></table><p class="totop"><a href="#summary">back to summary</a></p><h3 id="m102">com.qa.Testcase.Profilepage_test#pname_Invalidemail</h3><table class="result"></table><p class="totop"><a href="#summary">back to summary</a></p><h3 id="m103">com.qa.Testcase.Profilepage_test#pname_pemail</h3><table class="result"></table><p class="totop"><a href="#summary">back to summary</a></p><h3 id="m104">com.qa.Testcase.Profilepage_test#pnameonly</h3><table class="result"></table><p class="totop"><a href="#summary">back to summary</a></p><h3 id="m105">com.qa.Testcase.Profilepage_test#pnameonlylessthan2</h3><table class="result"></table><p class="totop"><a href="#summary">back to summary</a></p><h3 id="m106">com.qa.Testcase.Profilepage_test#pressback</h3><table class="result"></table><p class="totop"><a href="#summary">back to summary</a></p><h3 id="m107">com.qa.Testcase.Profilepage_test#profileupdate</h3><table class="result"></table><p class="totop"><a href="#summary">back to summary</a></p><h3 id="m108">com.qa.Testcase.Profilepage_test#profileupdateinvalid</h3><table class="result"></table><p class="totop"><a href="#summary">back to summary</a></p><h3 id="m109">com.qa.Testcase.Profilepage_test#profileupdatemorethan5mb</h3><table class="result"></table><p class="totop"><a href="#summary">back to summary</a></p><h2>MYTEST</h2><h3 id="m110">com.qa.Testcase.MyTestpage_test#logout</h3><table class="result"><tr><th>Exception</th></tr><tr><td><div class="stacktrace">org.openqa.selenium.TimeoutException: Expected condition failed: waiting for element to be clickable: [[ChromeDriver: chrome on WINDOWS (eea29308e2c7afe9e27e55749756a55f)] -&gt; xpath: //*[@id=&quot;accordion-menu&quot;]/li[8]/a/span[2]] (tried for 120 second(s) with 500 milliseconds interval)
Build info: version: &apos;3.14.0&apos;, revision: &apos;aacccce0&apos;, time: &apos;2018-08-02T20:19:58.91Z&apos;
System info: host: &apos;MTCHNDT-UTHRAA&apos;, ip: &apos;192.168.64.110&apos;, os.name: &apos;Windows 10&apos;, os.arch: &apos;amd64&apos;, os.version: &apos;10.0&apos;, java.version: &apos;11.0.8&apos;
Driver info: org.openqa.selenium.support.events.EventFiringWebDriver
Capabilities {acceptInsecureCerts: false, browserName: chrome, browserVersion: 85.0.4183.121, chrome: {chromedriverVersion: 85.0.4183.87 (cd6713ebf92fa..., userDataDir: C:\Users\UTHRAK~1.A\AppData...}, goog:chromeOptions: {debuggerAddress: localhost:18476}, javascriptEnabled: true, networkConnectionEnabled: false, pageLoadStrategy: normal, platform: WINDOWS, platformName: WINDOWS, proxy: Proxy(), setWindowRect: true, strictFileInteractability: false, timeouts: {implicit: 0, pageLoad: 300000, script: 30000}, unhandledPromptBehavior: dismiss and notify, webauthn:virtualAuthenticators: true}
Session ID: eea29308e2c7afe9e27e55749756a55f
	at org.openqa.selenium.support.ui.WebDriverWait.timeoutException(WebDriverWait.java:113)
	at org.openqa.selenium.support.ui.FluentWait.until(FluentWait.java:283)
	at com.qa.Base.TestBase.elementtoeclickable(TestBase.java:129)
	at Pages.Homepage.logout(Homepage.java:76)
	at com.qa.Testcase.MyTestpage_test.logout(MyTestpage_test.java:64)
... Removed 28 stack frames</div></td></tr></table><p class="totop"><a href="#summary">back to summary</a></p><h3 id="m111">com.qa.Testcase.MyTestpage_test#Sigin</h3><table class="result"></table><p class="totop"><a href="#summary">back to summary</a></p><h3 id="m112">com.qa.Testcase.MyTestpage_test#mytest</h3><table class="result"></table><p class="totop"><a href="#summary">back to summary</a></p><h2>CONTACTUS</h2><h3 id="m113">com.qa.Testcase.Contactuspage_test#invalidEmail</h3><table class="result"><tr><th>Exception</th></tr><tr><td><div class="stacktrace">org.openqa.selenium.ElementClickInterceptedException: element click intercepted: Element &lt;button class=&quot;login100-form-btn&quot; type=&quot;button&quot; id=&quot;contact_us_button&quot;&gt;...&lt;/button&gt; is not clickable at point (564, 655). Other element would receive the click: &lt;div class=&quot;sweet-overlay&quot; tabindex=&quot;-1&quot; style=&quot;opacity: 1.03; display: block;&quot;&gt;&lt;/div&gt;
  (Session info: chrome=85.0.4183.121)
Build info: version: &apos;3.14.0&apos;, revision: &apos;aacccce0&apos;, time: &apos;2018-08-02T20:19:58.91Z&apos;
System info: host: &apos;MTCHNDT-UTHRAA&apos;, ip: &apos;192.168.64.110&apos;, os.name: &apos;Windows 10&apos;, os.arch: &apos;amd64&apos;, os.version: &apos;10.0&apos;, java.version: &apos;11.0.8&apos;
Driver info: org.openqa.selenium.chrome.ChromeDriver
Capabilities {acceptInsecureCerts: false, browserName: chrome, browserVersion: 85.0.4183.121, chrome: {chromedriverVersion: 85.0.4183.87 (cd6713ebf92fa..., userDataDir: C:\Users\UTHRAK~1.A\AppData...}, goog:chromeOptions: {debuggerAddress: localhost:19036}, javascriptEnabled: true, networkConnectionEnabled: false, pageLoadStrategy: normal, platform: WINDOWS, platformName: WINDOWS, proxy: Proxy(), setWindowRect: true, strictFileInteractability: false, timeouts: {implicit: 0, pageLoad: 300000, script: 30000}, unhandledPromptBehavior: dismiss and notify, webauthn:virtualAuthenticators: true}
Session ID: 4e3261fcbafb395259e94b1c5c6b543c
	at org.openqa.selenium.remote.http.W3CHttpResponseCodec.createException(W3CHttpResponseCodec.java:187)
	at org.openqa.selenium.remote.http.W3CHttpResponseCodec.decode(W3CHttpResponseCodec.java:122)
	at org.openqa.selenium.remote.http.W3CHttpResponseCodec.decode(W3CHttpResponseCodec.java:49)
	at org.openqa.selenium.remote.HttpCommandExecutor.execute(HttpCommandExecutor.java:158)
	at org.openqa.selenium.remote.service.DriverCommandExecutor.execute(DriverCommandExecutor.java:83)
	at org.openqa.selenium.remote.RemoteWebDriver.execute(RemoteWebDriver.java:548)
	at org.openqa.selenium.remote.RemoteWebElement.execute(RemoteWebElement.java:276)
	at org.openqa.selenium.remote.RemoteWebElement.click(RemoteWebElement.java:83)
	at org.openqa.selenium.support.events.EventFiringWebDriver$EventFiringWebElement.lambda$new$0(EventFiringWebDriver.java:403)
	at com.sun.proxy.$Proxy13.click(Unknown Source)
	at org.openqa.selenium.support.events.EventFiringWebDriver$EventFiringWebElement.click(EventFiringWebDriver.java:416)
	at org.openqa.selenium.support.pagefactory.internal.LocatingElementHandler.invoke(LocatingElementHandler.java:51)
	at com.sun.proxy.$Proxy12.click(Unknown Source)
	at com.qa.Base.TestBase.click(TestBase.java:97)
	at Pages.Contactuspage.pressSubmitbutton(Contactuspage.java:45)
	at com.qa.Testcase.Contactuspage_test.invalidEmail(Contactuspage_test.java:71)
... Removed 38 stack frames</div></td></tr></table><p class="totop"><a href="#summary">back to summary</a></p><h3 id="m114">com.qa.Testcase.Contactuspage_test#logout</h3><table class="result"><tr><th>Exception</th></tr><tr><td><div class="stacktrace">org.openqa.selenium.TimeoutException: Expected condition failed: waiting for visibility of [[ChromeDriver: chrome on WINDOWS (4e3261fcbafb395259e94b1c5c6b543c)] -&gt; xpath: //*[@id=&quot;accordion-menu&quot;]/li[8]/a/span[2]] (tried for 120 second(s) with 500 milliseconds interval)
Build info: version: &apos;3.14.0&apos;, revision: &apos;aacccce0&apos;, time: &apos;2018-08-02T20:19:58.91Z&apos;
System info: host: &apos;MTCHNDT-UTHRAA&apos;, ip: &apos;192.168.64.110&apos;, os.name: &apos;Windows 10&apos;, os.arch: &apos;amd64&apos;, os.version: &apos;10.0&apos;, java.version: &apos;11.0.8&apos;
Driver info: org.openqa.selenium.support.events.EventFiringWebDriver
Capabilities {acceptInsecureCerts: false, browserName: chrome, browserVersion: 85.0.4183.121, chrome: {chromedriverVersion: 85.0.4183.87 (cd6713ebf92fa..., userDataDir: C:\Users\UTHRAK~1.A\AppData...}, goog:chromeOptions: {debuggerAddress: localhost:19036}, javascriptEnabled: true, networkConnectionEnabled: false, pageLoadStrategy: normal, platform: WINDOWS, platformName: WINDOWS, proxy: Proxy(), setWindowRect: true, strictFileInteractability: false, timeouts: {implicit: 0, pageLoad: 300000, script: 30000}, unhandledPromptBehavior: dismiss and notify, webauthn:virtualAuthenticators: true}
Session ID: 4e3261fcbafb395259e94b1c5c6b543c
	at org.openqa.selenium.support.ui.WebDriverWait.timeoutException(WebDriverWait.java:113)
	at org.openqa.selenium.support.ui.FluentWait.until(FluentWait.java:283)
	at com.qa.Base.TestBase.waitForVisibility(TestBase.java:86)
	at com.qa.Base.TestBase.click(TestBase.java:96)
	at com.qa.Base.TestBase.elementtoeclickable(TestBase.java:130)
	at Pages.Homepage.logout(Homepage.java:76)
	at com.qa.Testcase.Contactuspage_test.logout(Contactuspage_test.java:91)
... Removed 28 stack frames</div></td></tr></table><p class="totop"><a href="#summary">back to summary</a></p><h3 id="m115">com.qa.Testcase.Contactuspage_test#name_emailonly</h3><table class="result"><tr><th>Exception</th></tr><tr><td><div class="stacktrace">org.openqa.selenium.ElementClickInterceptedException: element click intercepted: Element &lt;button class=&quot;login100-form-btn&quot; type=&quot;button&quot; id=&quot;contact_us_button&quot;&gt;...&lt;/button&gt; is not clickable at point (564, 655). Other element would receive the click: &lt;div class=&quot;sweet-overlay&quot; tabindex=&quot;-1&quot; style=&quot;opacity: 1.03; display: block;&quot;&gt;&lt;/div&gt;
  (Session info: chrome=85.0.4183.121)
Build info: version: &apos;3.14.0&apos;, revision: &apos;aacccce0&apos;, time: &apos;2018-08-02T20:19:58.91Z&apos;
System info: host: &apos;MTCHNDT-UTHRAA&apos;, ip: &apos;192.168.64.110&apos;, os.name: &apos;Windows 10&apos;, os.arch: &apos;amd64&apos;, os.version: &apos;10.0&apos;, java.version: &apos;11.0.8&apos;
Driver info: org.openqa.selenium.chrome.ChromeDriver
Capabilities {acceptInsecureCerts: false, browserName: chrome, browserVersion: 85.0.4183.121, chrome: {chromedriverVersion: 85.0.4183.87 (cd6713ebf92fa..., userDataDir: C:\Users\UTHRAK~1.A\AppData...}, goog:chromeOptions: {debuggerAddress: localhost:19036}, javascriptEnabled: true, networkConnectionEnabled: false, pageLoadStrategy: normal, platform: WINDOWS, platformName: WINDOWS, proxy: Proxy(), setWindowRect: true, strictFileInteractability: false, timeouts: {implicit: 0, pageLoad: 300000, script: 30000}, unhandledPromptBehavior: dismiss and notify, webauthn:virtualAuthenticators: true}
Session ID: 4e3261fcbafb395259e94b1c5c6b543c
	at org.openqa.selenium.remote.http.W3CHttpResponseCodec.createException(W3CHttpResponseCodec.java:187)
	at org.openqa.selenium.remote.http.W3CHttpResponseCodec.decode(W3CHttpResponseCodec.java:122)
	at org.openqa.selenium.remote.http.W3CHttpResponseCodec.decode(W3CHttpResponseCodec.java:49)
	at org.openqa.selenium.remote.HttpCommandExecutor.execute(HttpCommandExecutor.java:158)
	at org.openqa.selenium.remote.service.DriverCommandExecutor.execute(DriverCommandExecutor.java:83)
	at org.openqa.selenium.remote.RemoteWebDriver.execute(RemoteWebDriver.java:548)
	at org.openqa.selenium.remote.RemoteWebElement.execute(RemoteWebElement.java:276)
	at org.openqa.selenium.remote.RemoteWebElement.click(RemoteWebElement.java:83)
	at org.openqa.selenium.support.events.EventFiringWebDriver$EventFiringWebElement.lambda$new$0(EventFiringWebDriver.java:403)
	at com.sun.proxy.$Proxy13.click(Unknown Source)
	at org.openqa.selenium.support.events.EventFiringWebDriver$EventFiringWebElement.click(EventFiringWebDriver.java:416)
	at org.openqa.selenium.support.pagefactory.internal.LocatingElementHandler.invoke(LocatingElementHandler.java:51)
	at com.sun.proxy.$Proxy12.click(Unknown Source)
	at com.qa.Base.TestBase.click(TestBase.java:97)
	at Pages.Contactuspage.pressSubmitbutton(Contactuspage.java:45)
	at com.qa.Testcase.Contactuspage_test.name_emailonly(Contactuspage_test.java:62)
... Removed 38 stack frames</div></td></tr></table><p class="totop"><a href="#summary">back to summary</a></p><h3 id="m116">com.qa.Testcase.Contactuspage_test#nameonly</h3><table class="result"><tr><th>Exception</th></tr><tr><td><div class="stacktrace">org.openqa.selenium.ElementClickInterceptedException: element click intercepted: Element &lt;button class=&quot;login100-form-btn&quot; type=&quot;button&quot; id=&quot;contact_us_button&quot;&gt;...&lt;/button&gt; is not clickable at point (564, 655). Other element would receive the click: &lt;div class=&quot;sweet-overlay&quot; tabindex=&quot;-1&quot; style=&quot;opacity: 1.03; display: block;&quot;&gt;&lt;/div&gt;
  (Session info: chrome=85.0.4183.121)
Build info: version: &apos;3.14.0&apos;, revision: &apos;aacccce0&apos;, time: &apos;2018-08-02T20:19:58.91Z&apos;
System info: host: &apos;MTCHNDT-UTHRAA&apos;, ip: &apos;192.168.64.110&apos;, os.name: &apos;Windows 10&apos;, os.arch: &apos;amd64&apos;, os.version: &apos;10.0&apos;, java.version: &apos;11.0.8&apos;
Driver info: org.openqa.selenium.chrome.ChromeDriver
Capabilities {acceptInsecureCerts: false, browserName: chrome, browserVersion: 85.0.4183.121, chrome: {chromedriverVersion: 85.0.4183.87 (cd6713ebf92fa..., userDataDir: C:\Users\UTHRAK~1.A\AppData...}, goog:chromeOptions: {debuggerAddress: localhost:19036}, javascriptEnabled: true, networkConnectionEnabled: false, pageLoadStrategy: normal, platform: WINDOWS, platformName: WINDOWS, proxy: Proxy(), setWindowRect: true, strictFileInteractability: false, timeouts: {implicit: 0, pageLoad: 300000, script: 30000}, unhandledPromptBehavior: dismiss and notify, webauthn:virtualAuthenticators: true}
Session ID: 4e3261fcbafb395259e94b1c5c6b543c
	at org.openqa.selenium.remote.http.W3CHttpResponseCodec.createException(W3CHttpResponseCodec.java:187)
	at org.openqa.selenium.remote.http.W3CHttpResponseCodec.decode(W3CHttpResponseCodec.java:122)
	at org.openqa.selenium.remote.http.W3CHttpResponseCodec.decode(W3CHttpResponseCodec.java:49)
	at org.openqa.selenium.remote.HttpCommandExecutor.execute(HttpCommandExecutor.java:158)
	at org.openqa.selenium.remote.service.DriverCommandExecutor.execute(DriverCommandExecutor.java:83)
	at org.openqa.selenium.remote.RemoteWebDriver.execute(RemoteWebDriver.java:548)
	at org.openqa.selenium.remote.RemoteWebElement.execute(RemoteWebElement.java:276)
	at org.openqa.selenium.remote.RemoteWebElement.click(RemoteWebElement.java:83)
	at org.openqa.selenium.support.events.EventFiringWebDriver$EventFiringWebElement.lambda$new$0(EventFiringWebDriver.java:403)
	at com.sun.proxy.$Proxy13.click(Unknown Source)
	at org.openqa.selenium.support.events.EventFiringWebDriver$EventFiringWebElement.click(EventFiringWebDriver.java:416)
	at org.openqa.selenium.support.pagefactory.internal.LocatingElementHandler.invoke(LocatingElementHandler.java:51)
	at com.sun.proxy.$Proxy12.click(Unknown Source)
	at com.qa.Base.TestBase.click(TestBase.java:97)
	at Pages.Contactuspage.pressSubmitbutton(Contactuspage.java:45)
	at com.qa.Testcase.Contactuspage_test.nameonly(Contactuspage_test.java:53)
... Removed 38 stack frames</div></td></tr></table><p class="totop"><a href="#summary">back to summary</a></p><h3 id="m117">com.qa.Testcase.Contactuspage_test#sendcontactus</h3><table class="result"><tr><th>Exception</th></tr><tr><td><div class="stacktrace">org.openqa.selenium.ElementClickInterceptedException: element click intercepted: Element &lt;button class=&quot;login100-form-btn&quot; type=&quot;button&quot; id=&quot;contact_us_button&quot;&gt;...&lt;/button&gt; is not clickable at point (564, 655). Other element would receive the click: &lt;div class=&quot;sweet-overlay&quot; tabindex=&quot;-1&quot; style=&quot;opacity: 1.03; display: block;&quot;&gt;&lt;/div&gt;
  (Session info: chrome=85.0.4183.121)
Build info: version: &apos;3.14.0&apos;, revision: &apos;aacccce0&apos;, time: &apos;2018-08-02T20:19:58.91Z&apos;
System info: host: &apos;MTCHNDT-UTHRAA&apos;, ip: &apos;192.168.64.110&apos;, os.name: &apos;Windows 10&apos;, os.arch: &apos;amd64&apos;, os.version: &apos;10.0&apos;, java.version: &apos;11.0.8&apos;
Driver info: org.openqa.selenium.chrome.ChromeDriver
Capabilities {acceptInsecureCerts: false, browserName: chrome, browserVersion: 85.0.4183.121, chrome: {chromedriverVersion: 85.0.4183.87 (cd6713ebf92fa..., userDataDir: C:\Users\UTHRAK~1.A\AppData...}, goog:chromeOptions: {debuggerAddress: localhost:19036}, javascriptEnabled: true, networkConnectionEnabled: false, pageLoadStrategy: normal, platform: WINDOWS, platformName: WINDOWS, proxy: Proxy(), setWindowRect: true, strictFileInteractability: false, timeouts: {implicit: 0, pageLoad: 300000, script: 30000}, unhandledPromptBehavior: dismiss and notify, webauthn:virtualAuthenticators: true}
Session ID: 4e3261fcbafb395259e94b1c5c6b543c
	at org.openqa.selenium.remote.http.W3CHttpResponseCodec.createException(W3CHttpResponseCodec.java:187)
	at org.openqa.selenium.remote.http.W3CHttpResponseCodec.decode(W3CHttpResponseCodec.java:122)
	at org.openqa.selenium.remote.http.W3CHttpResponseCodec.decode(W3CHttpResponseCodec.java:49)
	at org.openqa.selenium.remote.HttpCommandExecutor.execute(HttpCommandExecutor.java:158)
	at org.openqa.selenium.remote.service.DriverCommandExecutor.execute(DriverCommandExecutor.java:83)
	at org.openqa.selenium.remote.RemoteWebDriver.execute(RemoteWebDriver.java:548)
	at org.openqa.selenium.remote.RemoteWebElement.execute(RemoteWebElement.java:276)
	at org.openqa.selenium.remote.RemoteWebElement.click(RemoteWebElement.java:83)
	at org.openqa.selenium.support.events.EventFiringWebDriver$EventFiringWebElement.lambda$new$0(EventFiringWebDriver.java:403)
	at com.sun.proxy.$Proxy13.click(Unknown Source)
	at org.openqa.selenium.support.events.EventFiringWebDriver$EventFiringWebElement.click(EventFiringWebDriver.java:416)
	at org.openqa.selenium.support.pagefactory.internal.LocatingElementHandler.invoke(LocatingElementHandler.java:51)
	at com.sun.proxy.$Proxy12.click(Unknown Source)
	at com.qa.Base.TestBase.click(TestBase.java:97)
	at Pages.Contactuspage.pressSubmitbutton(Contactuspage.java:45)
	at com.qa.Testcase.Contactuspage_test.sendcontactus(Contactuspage_test.java:81)
... Removed 38 stack frames</div></td></tr></table><p class="totop"><a href="#summary">back to summary</a></p><h3 id="m118">com.qa.Testcase.Contactuspage_test#Sigin</h3><table class="result"></table><p class="totop"><a href="#summary">back to summary</a></p><h3 id="m119">com.qa.Testcase.Contactuspage_test#emptysubmit</h3><table class="result"></table><p class="totop"><a href="#summary">back to summary</a></p></body></html>