<?xml version="1.0" encoding="UTF-8"?>
<testsuite xmlns:xsi="http://www.w3.org/2001/XMLSchema-instance" xsi:schemaLocation="https://maven.apache.org/surefire/maven-surefire-plugin/xsd/surefire-test-report.xsd" name="TestSuite" time="1,780.515" tests="48" errors="0" skipped="0" failures="6">
  <properties>
    <property name="JOB_NAME" value="NEET-TestJob"/>
    <property name="java.vendor" value="Oracle Corporation"/>
    <property name="sun.java.launcher" value="SUN_STANDARD"/>
    <property name="RUN_TESTS_DISPLAY_URL" value="http://localhost:8080/job/NEET-TestJob/20/display/redirect?page=tests"/>
    <property name="NUMBER_OF_PROCESSORS" value="4"/>
    <property name="sun.management.compiler" value="HotSpot 64-Bit Tiered Compilers"/>
    <property name="DEFLOGDIR" value="C:\ProgramData\McAfee\DesktopProtection"/>
    <property name="JENKINS_HOME" value="C:\Users\uthrakumar.a\.jenkins"/>
    <property name="FPS_BROWSER_USER_PROFILE_STRING" value="Default"/>
    <property name="HUDSON_SERVER_COOKIE" value="cd2798f5515de281"/>
    <property name="POM_ARTIFACTID" value="NEET_WEB"/>
    <property name="os.name" value="Windows 10"/>
    <property name="EXECUTOR_NUMBER" value="0"/>
    <property name="sun.desktop" value="windows"/>
    <property name="PATHEXT" value=".COM;.EXE;.BAT;.CMD;.VBS;.VBE;.JS;.JSE;.WSF;.WSH;.MSC"/>
    <property name="POM_DISPLAYNAME" value="NEET_WEB"/>
    <property name="java.vm.specification.vendor" value="Oracle Corporation"/>
    <property name="TEMP" value="C:\Users\UTHRAK~1.A\AppData\Local\Temp"/>
    <property name="NODE_LABELS" value="master"/>
    <property name="java.runtime.version" value="11.0.8+10-LTS"/>
    <property name="FPS_BROWSER_APP_PROFILE_STRING" value="Internet Explorer"/>
    <property name="user.name" value="Uthrakumar.a"/>
    <property name="guice.disable.misplaced.annotation.check" value="true"/>
    <property name="CommonProgramW6432" value="C:\Program Files\Common Files"/>
    <property name="ProgramFiles" value="C:\Program Files"/>
    <property name="PROMPT" value="$P$G"/>
    <property name="user.language" value="en"/>
    <property name="JOB_BASE_NAME" value="NEET-TestJob"/>
    <property name="RUN_CHANGES_DISPLAY_URL" value="http://localhost:8080/job/NEET-TestJob/20/display/redirect?page=changes"/>
    <property name="BUILD_DISPLAY_NAME" value="#20"/>
    <property name="OneDrive" value="C:\Users\uthrakumar.a\OneDrive"/>
    <property name="sun.boot.library.path" value="C:\Program Files\Java\jdk-11.0.8\bin"/>
    <property name="VS110COMNTOOLS" value="C:\Program Files (x86)\Microsoft Visual Studio 11.0\Common7\Tools\"/>
    <property name="java.vm.compressedOopsMode" value="32-bit"/>
    <property name="LOCALAPPDATA" value="C:\Users\uthrakumar.a\AppData\Local"/>
    <property name="java.version" value="11.0.8"/>
    <property name="user.timezone" value="Asia/Calcutta"/>
    <property name="PROCESSOR_LEVEL" value="6"/>
    <property name="USERNAME" value="Uthrakumar.a"/>
    <property name="sun.arch.data.model" value="64"/>
    <property name="NODE_NAME" value="master"/>
    <property name="OneDriveConsumer" value="C:\Users\uthrakumar.a\OneDrive"/>
    <property name="BUILD_ID" value="20"/>
    <property name="sun.cpu.isalist" value="amd64"/>
    <property name="sun.jnu.encoding" value="Cp1252"/>
    <property name="maven.conf" value="C:\Users\uthrakumar.a\.jenkins\tools\hudson.tasks.Maven_MavenInstallation\TestMaven\conf"/>
    <property name="HOMEDRIVE" value="C:"/>
    <property name="file.separator" value="\"/>
    <property name="java.specification.name" value="Java Platform API Specification"/>
    <property name="java.class.version" value="55.0"/>
    <property name="=::" value="::\"/>
    <property name="org.slf4j.simpleLogger.defaultLogLevel" value="info"/>
    <property name="user.country" value="US"/>
    <property name="ALLUSERSPROFILE" value="C:\ProgramData"/>
    <property name="java.home" value="C:\Program Files\Java\jdk-11.0.8"/>
    <property name="java.vm.info" value="mixed mode"/>
    <property name="os.version" value="10.0"/>
    <property name="=F:" value="F:\WFH\Jenkins"/>
    <property name="=ExitCode" value="00000001"/>
    <property name="RUN_DISPLAY_URL" value="http://localhost:8080/job/NEET-TestJob/20/display/redirect"/>
    <property name="POM_VERSION" value="1.0-SNAPSHOT"/>
    <property name="TMP" value="C:\Users\UTHRAK~1.A\AppData\Local\Temp"/>
    <property name="path.separator" value=";"/>
    <property name="RUN_ARTIFACTS_DISPLAY_URL" value="http://localhost:8080/job/NEET-TestJob/20/display/redirect?page=artifacts"/>
    <property name="java.vm.version" value="11.0.8+10-LTS"/>
    <property name="user.variant" value=""/>
    <property name="CommonProgramFiles(x86)" value="C:\Program Files (x86)\Common Files"/>
    <property name="JOB_DISPLAY_URL" value="http://localhost:8080/job/NEET-TestJob/display/redirect"/>
    <property name="USERDOMAIN_ROAMINGPROFILE" value="GMCADS"/>
    <property name="java.awt.printerjob" value="sun.awt.windows.WPrinterJob"/>
    <property name="CommonProgramFiles" value="C:\Program Files\Common Files"/>
    <property name="sun.io.unicode.encoding" value="UnicodeLittle"/>
    <property name="JAVA_HOME" value="C:\Program Files\Java\jdk-11.0.8"/>
    <property name="ComSpec" value="C:\WINDOWS\system32\cmd.exe"/>
    <property name="USERDNSDOMAIN" value="GMCADS.COM"/>
    <property name="HOMEPATH" value="\Users\uthrakumar.a"/>
    <property name="awt.toolkit" value="sun.awt.windows.WToolkit"/>
    <property name="POM_PACKAGING" value="jar"/>
    <property name="COMPUTERNAME" value="MTCHNDT-UTHRAA"/>
    <property name="user.script" value=""/>
    <property name="POM_GROUPID" value="org.example"/>
    <property name="user.home" value="C:\Users\uthrakumar.a"/>
    <property name="PUBLIC" value="C:\Users\Public"/>
    <property name="BUILD_TAG" value="jenkins-NEET-TestJob-20"/>
    <property name="JENKINS_SERVER_COOKIE" value="cd2798f5515de281"/>
    <property name="HUDSON_URL" value="http://localhost:8080/"/>
    <property name="ProgramData" value="C:\ProgramData"/>
    <property name="java.version.date" value="2020-07-14"/>
    <property name="java.specification.vendor" value="Oracle Corporation"/>
    <property name="USERPROFILE" value="C:\Users\uthrakumar.a"/>
    <property name="CLASSPATH" value=""/>
    <property name="java.library.path" value="C:\Program Files\Java\jdk-11.0.8\bin;C:\WINDOWS\Sun\Java\bin;C:\WINDOWS\system32;C:\WINDOWS;C:\Users\uthrakumar.a\.jenkins\tools\hudson.tasks.Maven_MavenInstallation\TestMaven/bin;C:\Program Files\Common Files\Oracle\Java\javapath;D:\Perl\site\bin;D:\Perl\bin;C:\Program Files (x86)\Common Files\Oracle\Java\javapath;C:\WINDOWS\system32;C:\WINDOWS;C:\WINDOWS\System32\Wbem;C:\WINDOWS\System32\WindowsPowerShell\v1.0\;C:\Program Files\TortoiseSVN\bin;C:\WINDOWS\System32\OpenSSH\;C:\Program Files\Java\jdk-11.0.8\bin;F:\Node;D:\Android\Sdk\platform-tools;D:\Android\Sdk\tools;C:\Program Files\PuTTY\;C:\Program Files\Microsoft\Web Platform Installer\;C:\Program Files (x86)\Microsoft ASP.NET\ASP.NET Web Pages\v1.0\;C:\Program Files (x86)\Windows Kits\8.0\Windows Performance Toolkit\;C:\Program Files\Microsoft SQL Server\110\Tools\Binn\;D:\Android\Sdk\tools\bin;F:\Node\;C:\Users\uthrakumar.a\Downloads\Apache24\bin;C:\php;C:\apache-maven-3.6.3\bin;C:\Users\uthrakumar.a\AppData\Local\Microsoft\WindowsApps;C:\Users\uthrakumar.a\AppData\Roaming\npm;."/>
    <property name="java.vendor.url" value="https://openjdk.java.net/"/>
    <property name="java.vm.vendor" value="Oracle Corporation"/>
    <property name="APPDATA" value="C:\Users\uthrakumar.a\AppData\Roaming"/>
    <property name="java.runtime.name" value="Java(TM) SE Runtime Environment"/>
    <property name="maven.home" value="C:\Users\uthrakumar.a\.jenkins\tools\hudson.tasks.Maven_MavenInstallation\TestMaven"/>
    <property name="java.class.path" value="C:\Users\uthrakumar.a\.jenkins\plugins\maven-plugin\WEB-INF\lib\maven35-agent-1.13.jar;C:\Users\uthrakumar.a\.jenkins\tools\hudson.tasks.Maven_MavenInstallation\TestMaven\boot\plexus-classworlds-2.6.0.jar;C:\Users\uthrakumar.a\.jenkins\tools\hudson.tasks.Maven_MavenInstallation\TestMaven/conf/logging"/>
    <property name="sun.java.command" value="jenkins.maven3.agent.Maven35Main C:\Users\uthrakumar.a\.jenkins\tools\hudson.tasks.Maven_MavenInstallation\TestMaven C:\Users\uthrakumar.a\.jenkins\war\WEB-INF\lib\remoting-4.5.jar C:\Users\uthrakumar.a\.jenkins\plugins\maven-plugin\WEB-INF\lib\maven35-interceptor-1.13.jar C:\Users\uthrakumar.a\.jenkins\plugins\maven-plugin\WEB-INF\lib\maven3-interceptor-commons-1.13.jar 30426"/>
    <property name="Path" value="C:\Program Files\Common Files\Oracle\Java\javapath;D:\Perl\site\bin;D:\Perl\bin;C:\Program Files (x86)\Common Files\Oracle\Java\javapath;C:\WINDOWS\system32;C:\WINDOWS;C:\WINDOWS\System32\Wbem;C:\WINDOWS\System32\WindowsPowerShell\v1.0\;C:\Program Files\TortoiseSVN\bin;C:\WINDOWS\System32\OpenSSH\;C:\Program Files\Java\jdk-11.0.8\bin;F:\Node;D:\Android\Sdk\platform-tools;D:\Android\Sdk\tools;C:\Program Files\PuTTY\;C:\Program Files\Microsoft\Web Platform Installer\;C:\Program Files (x86)\Microsoft ASP.NET\ASP.NET Web Pages\v1.0\;C:\Program Files (x86)\Windows Kits\8.0\Windows Performance Toolkit\;C:\Program Files\Microsoft SQL Server\110\Tools\Binn\;D:\Android\Sdk\tools\bin;F:\Node\;C:\Users\uthrakumar.a\Downloads\Apache24\bin;C:\php;C:\apache-maven-3.6.3\bin;C:\Users\uthrakumar.a\AppData\Local\Microsoft\WindowsApps;C:\Users\uthrakumar.a\AppData\Roaming\npm"/>
    <property name="jdk.debug" value="release"/>
    <property name="PROCESSOR_ARCHITECTURE" value="AMD64"/>
    <property name="java.vm.specification.name" value="Java Virtual Machine Specification"/>
    <property name="SESSIONNAME" value="Console"/>
    <property name="PROCESSOR_IDENTIFIER" value="Intel64 Family 6 Model 60 Stepping 3, GenuineIntel"/>
    <property name="java.vm.specification.version" value="11"/>
    <property name="M2_HOME" value="C:\Users\uthrakumar.a\.jenkins\tools\hudson.tasks.Maven_MavenInstallation\TestMaven"/>
    <property name="sun.cpu.endian" value="little"/>
    <property name="sun.os.patch.level" value=""/>
    <property name="OS" value="Windows_NT"/>
    <property name="java.io.tmpdir" value="C:\Users\UTHRAK~1.A\AppData\Local\Temp\"/>
    <property name="HUDSON_HOME" value="C:\Users\uthrakumar.a\.jenkins"/>
    <property name="PATH+MAVEN" value="C:\Users\uthrakumar.a\.jenkins\tools\hudson.tasks.Maven_MavenInstallation\TestMaven/bin"/>
    <property name="ProgramFiles(x86)" value="C:\Program Files (x86)"/>
    <property name="java.vendor.url.bug" value="https://bugreport.java.com/bugreport/"/>
    <property name="BUILD_URL" value="http://localhost:8080/job/NEET-TestJob/20/"/>
    <property name="SystemRoot" value="C:\WINDOWS"/>
    <property name="os.arch" value="amd64"/>
    <property name="java.awt.graphicsenv" value="sun.awt.Win32GraphicsEnvironment"/>
    <property name="VSEDEFLOGDIR" value="C:\ProgramData\McAfee\DesktopProtection"/>
    <property name="user.dir" value="C:\Users\uthrakumar.a\IdeaProjects\NEET_WEB"/>
    <property name="JOB_URL" value="http://localhost:8080/job/NEET-TestJob/"/>
    <property name="LOGONSERVER" value="\\BACKUP"/>
    <property name="USERDOMAIN" value="GMCADS"/>
    <property name="MAVEN_HOME" value="C:\Users\uthrakumar.a\.jenkins\tools\hudson.tasks.Maven_MavenInstallation\TestMaven"/>
    <property name="line.separator" value="&#10;"/>
    <property name="java.vm.name" value="Java HotSpot(TM) 64-Bit Server VM"/>
    <property name="BUILD_NUMBER" value="20"/>
    <property name="PROCESSOR_REVISION" value="3c03"/>
    <property name="ANDROID_HOME" value="D:\Android\Sdk"/>
    <property name="JENKINS_URL" value="http://localhost:8080/"/>
    <property name="ProgramW6432" value="C:\Program Files"/>
    <property name="windir" value="C:\WINDOWS"/>
    <property name="file.encoding" value="Cp1252"/>
    <property name="SystemDrive" value="C:"/>
    <property name="maven3.interceptor" value="C:\Users\uthrakumar.a\.jenkins\plugins\maven-plugin\WEB-INF\lib\maven35-interceptor-1.13.jar"/>
    <property name="WORKSPACE_TMP" value="C:\Users\uthrakumar.a\.jenkins\workspace\NEET-TestJob@tmp"/>
    <property name="WORKSPACE" value="C:\Users\uthrakumar.a\.jenkins\workspace\NEET-TestJob"/>
    <property name="maven3.interceptor.common" value="C:\Users\uthrakumar.a\.jenkins\plugins\maven-plugin\WEB-INF\lib\maven3-interceptor-commons-1.13.jar"/>
    <property name="PSModulePath" value="C:\WINDOWS\system32\WindowsPowerShell\v1.0\Modules\"/>
    <property name="java.specification.version" value="11"/>
    <property name="DriverData" value="C:\Windows\System32\Drivers\DriverData"/>
    <property name="java.vendor.version" value="18.9"/>
  </properties>
  <testcase name="gettitle" classname="com.qa.Testcase.Signinpage_test" time="0.02"/>
  <testcase name="forgotlinkcheck" classname="com.qa.Testcase.Signinpage_test" time="0.762"/>
  <testcase name="signuplinkcheck" classname="com.qa.Testcase.Signinpage_test" time="0.813"/>
  <testcase name="emptysigin" classname="com.qa.Testcase.Signinpage_test" time="0.183"/>
  <testcase name="mobonlysigin" classname="com.qa.Testcase.Signinpage_test" time="0.279"/>
  <testcase name="pwdonlysigin" classname="com.qa.Testcase.Signinpage_test" time="0.436"/>
  <testcase name="unregistereduser" classname="com.qa.Testcase.Signinpage_test" time="1.544"/>
  <testcase name="invalidpwd" classname="com.qa.Testcase.Signinpage_test" time="0.776"/>
  <testcase name="Siginusingvalidinputs" classname="com.qa.Testcase.Signinpage_test" time="13.446"/>
  <testcase name="logout" classname="com.qa.Testcase.Signinpage_test" time="2.088"/>
  <testcase name="Sigin" classname="com.qa.Testcase.Homepage_test" time="10.819"/>
  <testcase name="attenttestone" classname="com.qa.Testcase.Homepage_test" time="5.08"/>
  <testcase name="latest" classname="com.qa.Testcase.Homepage_test" time="2.826"/>
  <testcase name="recentActivities" classname="com.qa.Testcase.Homepage_test" time="111.921"/>
  <testcase name="logout" classname="com.qa.Testcase.Homepage_test" time="3.868"/>
  <testcase name="Sigin" classname="com.qa.Testcase.Test_test" time="6.734"/>
  <testcase name="attendtestt1" classname="com.qa.Testcase.Test_test" time="112.07"/>
  <testcase name="attendtest2" classname="com.qa.Testcase.Test_test" time="111.763"/>
  <testcase name="attendtest3" classname="com.qa.Testcase.Test_test" time="112.043"/>
  <testcase name="attendtest4" classname="com.qa.Testcase.Test_test" time="111.132"/>
  <testcase name="attendtest5" classname="com.qa.Testcase.Test_test" time="110.648"/>
  <testcase name="attendtest6" classname="com.qa.Testcase.Test_test" time="110.64"/>
  <testcase name="attendtest7" classname="com.qa.Testcase.Test_test" time="109.915"/>
  <testcase name="attendtest8" classname="com.qa.Testcase.Test_test" time="110.661"/>
  <testcase name="attendtest9" classname="com.qa.Testcase.Test_test" time="109.827"/>
  <testcase name="attendtest10" classname="com.qa.Testcase.Test_test" time="109.629"/>
  <testcase name="attendtest11" classname="com.qa.Testcase.Test_test" time="110.09"/>
  <testcase name="attendtest12" classname="com.qa.Testcase.Test_test" time="109.267"/>
  <testcase name="logout" classname="com.qa.Testcase.Test_test" time="39.652"/>
  <testcase name="Sigin" classname="com.qa.Testcase.MyTestpage_test" time="9.789"/>
  <testcase name="mytest" classname="com.qa.Testcase.MyTestpage_test" time="112.278"/>
  <testcase name="logout" classname="com.qa.Testcase.MyTestpage_test" time="16.111"/>
  <testcase name="Sigin" classname="com.qa.Testcase.Contactuspage_test" time="8.946"/>
  <testcase name="emptysubmit" classname="com.qa.Testcase.Contactuspage_test" time="2.233"/>
  <testcase name="nameonly" classname="com.qa.Testcase.Contactuspage_test" time="1.876">
    <failure message="element click intercepted: Element &lt;button class=&quot;login100-form-btn&quot; type=&quot;button&quot; id=&quot;contact_us_button&quot;&gt;...&lt;/button&gt; is not clickable at point (564, 655). Other element would receive the click: &lt;div class=&quot;sweet-overlay&quot; tabindex=&quot;-1&quot; style=&quot;opacity: 1.1; display: block;&quot;&gt;&lt;/div&gt;&#10;  (Session info: chrome=85.0.4183.121)&#10;Build info: version: &apos;3.14.0&apos;, revision: &apos;aacccce0&apos;, time: &apos;2018-08-02T20:19:58.91Z&apos;&#10;System info: host: &apos;MTCHNDT-UTHRAA&apos;, ip: &apos;192.168.64.110&apos;, os.name: &apos;Windows 10&apos;, os.arch: &apos;amd64&apos;, os.version: &apos;10.0&apos;, java.version: &apos;11.0.8&apos;&#10;Driver info: org.openqa.selenium.chrome.ChromeDriver&#10;Capabilities {acceptInsecureCerts: false, browserName: chrome, browserVersion: 85.0.4183.121, chrome: {chromedriverVersion: 85.0.4183.87 (cd6713ebf92fa..., userDataDir: C:\Users\UTHRAK~1.A\AppData...}, goog:chromeOptions: {debuggerAddress: localhost:17131}, javascriptEnabled: true, networkConnectionEnabled: false, pageLoadStrategy: normal, platform: WINDOWS, platformName: WINDOWS, proxy: Proxy(), setWindowRect: true, strictFileInteractability: false, timeouts: {implicit: 0, pageLoad: 300000, script: 30000}, unhandledPromptBehavior: dismiss and notify, webauthn:virtualAuthenticators: true}&#10;Session ID: e10d3744fd30721ca1209287e6e2979a" type="org.openqa.selenium.ElementClickInterceptedException"><![CDATA[org.openqa.selenium.ElementClickInterceptedException: 
element click intercepted: Element <button class="login100-form-btn" type="button" id="contact_us_button">...</button> is not clickable at point (564, 655). Other element would receive the click: <div class="sweet-overlay" tabindex="-1" style="opacity: 1.1; display: block;"></div>
  (Session info: chrome=85.0.4183.121)
Build info: version: '3.14.0', revision: 'aacccce0', time: '2018-08-02T20:19:58.91Z'
System info: host: 'MTCHNDT-UTHRAA', ip: '192.168.64.110', os.name: 'Windows 10', os.arch: 'amd64', os.version: '10.0', java.version: '11.0.8'
Driver info: org.openqa.selenium.chrome.ChromeDriver
Capabilities {acceptInsecureCerts: false, browserName: chrome, browserVersion: 85.0.4183.121, chrome: {chromedriverVersion: 85.0.4183.87 (cd6713ebf92fa..., userDataDir: C:\Users\UTHRAK~1.A\AppData...}, goog:chromeOptions: {debuggerAddress: localhost:17131}, javascriptEnabled: true, networkConnectionEnabled: false, pageLoadStrategy: normal, platform: WINDOWS, platformName: WINDOWS, proxy: Proxy(), setWindowRect: true, strictFileInteractability: false, timeouts: {implicit: 0, pageLoad: 300000, script: 30000}, unhandledPromptBehavior: dismiss and notify, webauthn:virtualAuthenticators: true}
Session ID: e10d3744fd30721ca1209287e6e2979a
	at com.qa.Testcase.Contactuspage_test.nameonly(Contactuspage_test.java:48)
]]></failure>
    <system-out><![CDATA[
****** Starting Test:nameonly*****

Trying to find Element By : By.id: name
Found Element By : By.id: name
Trying to find Element By : By.id: name
Found Element By : By.id: name
Trying to find Element By : By.id: contact_us_button
Found Element By : By.id: contact_us_button
Trying to find Element By : By.id: contact_us_button
Found Element By : By.id: contact_us_button
Trying to click on: [[ChromeDriver: chrome on WINDOWS (e10d3744fd30721ca1209287e6e2979a)] -> id: contact_us_button]
Exception occured: org.openqa.selenium.ElementClickInterceptedException: element click intercepted: Element <button class="login100-form-btn" type="button" id="contact_us_button">...</button> is not clickable at point (564, 655). Other element would receive the click: <div class="sweet-overlay" tabindex="-1" style="opacity: 1.1; display: block;"></div>
  (Session info: chrome=85.0.4183.121)
Build info: version: '3.14.0', revision: 'aacccce0', time: '2018-08-02T20:19:58.91Z'
System info: host: 'MTCHNDT-UTHRAA', ip: '192.168.64.110', os.name: 'Windows 10', os.arch: 'amd64', os.version: '10.0', java.version: '11.0.8'
Driver info: org.openqa.selenium.chrome.ChromeDriver
Capabilities {acceptInsecureCerts: false, browserName: chrome, browserVersion: 85.0.4183.121, chrome: {chromedriverVersion: 85.0.4183.87 (cd6713ebf92fa..., userDataDir: C:\Users\UTHRAK~1.A\AppData...}, goog:chromeOptions: {debuggerAddress: localhost:17131}, javascriptEnabled: true, networkConnectionEnabled: false, pageLoadStrategy: normal, platform: WINDOWS, platformName: WINDOWS, proxy: Proxy(), setWindowRect: true, strictFileInteractability: false, timeouts: {implicit: 0, pageLoad: 300000, script: 30000}, unhandledPromptBehavior: dismiss and notify, webauthn:virtualAuthenticators: true}
Session ID: e10d3744fd30721ca1209287e6e2979a
]]></system-out>
  </testcase>
  <testcase name="name_emailonly" classname="com.qa.Testcase.Contactuspage_test" time="1.828">
    <failure message="element click intercepted: Element &lt;button class=&quot;login100-form-btn&quot; type=&quot;button&quot; id=&quot;contact_us_button&quot;&gt;...&lt;/button&gt; is not clickable at point (564, 655). Other element would receive the click: &lt;div class=&quot;sweet-overlay&quot; tabindex=&quot;-1&quot; style=&quot;opacity: 1.1; display: block;&quot;&gt;&lt;/div&gt;&#10;  (Session info: chrome=85.0.4183.121)&#10;Build info: version: &apos;3.14.0&apos;, revision: &apos;aacccce0&apos;, time: &apos;2018-08-02T20:19:58.91Z&apos;&#10;System info: host: &apos;MTCHNDT-UTHRAA&apos;, ip: &apos;192.168.64.110&apos;, os.name: &apos;Windows 10&apos;, os.arch: &apos;amd64&apos;, os.version: &apos;10.0&apos;, java.version: &apos;11.0.8&apos;&#10;Driver info: org.openqa.selenium.chrome.ChromeDriver&#10;Capabilities {acceptInsecureCerts: false, browserName: chrome, browserVersion: 85.0.4183.121, chrome: {chromedriverVersion: 85.0.4183.87 (cd6713ebf92fa..., userDataDir: C:\Users\UTHRAK~1.A\AppData...}, goog:chromeOptions: {debuggerAddress: localhost:17131}, javascriptEnabled: true, networkConnectionEnabled: false, pageLoadStrategy: normal, platform: WINDOWS, platformName: WINDOWS, proxy: Proxy(), setWindowRect: true, strictFileInteractability: false, timeouts: {implicit: 0, pageLoad: 300000, script: 30000}, unhandledPromptBehavior: dismiss and notify, webauthn:virtualAuthenticators: true}&#10;Session ID: e10d3744fd30721ca1209287e6e2979a" type="org.openqa.selenium.ElementClickInterceptedException"><![CDATA[org.openqa.selenium.ElementClickInterceptedException: 
element click intercepted: Element <button class="login100-form-btn" type="button" id="contact_us_button">...</button> is not clickable at point (564, 655). Other element would receive the click: <div class="sweet-overlay" tabindex="-1" style="opacity: 1.1; display: block;"></div>
  (Session info: chrome=85.0.4183.121)
Build info: version: '3.14.0', revision: 'aacccce0', time: '2018-08-02T20:19:58.91Z'
System info: host: 'MTCHNDT-UTHRAA', ip: '192.168.64.110', os.name: 'Windows 10', os.arch: 'amd64', os.version: '10.0', java.version: '11.0.8'
Driver info: org.openqa.selenium.chrome.ChromeDriver
Capabilities {acceptInsecureCerts: false, browserName: chrome, browserVersion: 85.0.4183.121, chrome: {chromedriverVersion: 85.0.4183.87 (cd6713ebf92fa..., userDataDir: C:\Users\UTHRAK~1.A\AppData...}, goog:chromeOptions: {debuggerAddress: localhost:17131}, javascriptEnabled: true, networkConnectionEnabled: false, pageLoadStrategy: normal, platform: WINDOWS, platformName: WINDOWS, proxy: Proxy(), setWindowRect: true, strictFileInteractability: false, timeouts: {implicit: 0, pageLoad: 300000, script: 30000}, unhandledPromptBehavior: dismiss and notify, webauthn:virtualAuthenticators: true}
Session ID: e10d3744fd30721ca1209287e6e2979a
	at com.qa.Testcase.Contactuspage_test.name_emailonly(Contactuspage_test.java:57)
]]></failure>
    <system-out><![CDATA[
****** Starting Test:name_emailonly*****

Trying to find Element By : By.id: name
Found Element By : By.id: name
Trying to find Element By : By.id: name
Found Element By : By.id: name
Trying to find Element By : By.id: email
Found Element By : By.id: email
Trying to find Element By : By.id: email
Found Element By : By.id: email
Trying to find Element By : By.id: contact_text
Found Element By : By.id: contact_text
Trying to find Element By : By.id: contact_text
Found Element By : By.id: contact_text
Trying to find Element By : By.id: name
Found Element By : By.id: name
Trying to find Element By : By.id: name
Found Element By : By.id: name
Trying to find Element By : By.id: email
Found Element By : By.id: email
Trying to find Element By : By.id: email
Found Element By : By.id: email
Trying to find Element By : By.id: contact_us_button
Found Element By : By.id: contact_us_button
Trying to find Element By : By.id: contact_us_button
Found Element By : By.id: contact_us_button
Trying to click on: [[ChromeDriver: chrome on WINDOWS (e10d3744fd30721ca1209287e6e2979a)] -> id: contact_us_button]
Exception occured: org.openqa.selenium.ElementClickInterceptedException: element click intercepted: Element <button class="login100-form-btn" type="button" id="contact_us_button">...</button> is not clickable at point (564, 655). Other element would receive the click: <div class="sweet-overlay" tabindex="-1" style="opacity: 1.1; display: block;"></div>
  (Session info: chrome=85.0.4183.121)
Build info: version: '3.14.0', revision: 'aacccce0', time: '2018-08-02T20:19:58.91Z'
System info: host: 'MTCHNDT-UTHRAA', ip: '192.168.64.110', os.name: 'Windows 10', os.arch: 'amd64', os.version: '10.0', java.version: '11.0.8'
Driver info: org.openqa.selenium.chrome.ChromeDriver
Capabilities {acceptInsecureCerts: false, browserName: chrome, browserVersion: 85.0.4183.121, chrome: {chromedriverVersion: 85.0.4183.87 (cd6713ebf92fa..., userDataDir: C:\Users\UTHRAK~1.A\AppData...}, goog:chromeOptions: {debuggerAddress: localhost:17131}, javascriptEnabled: true, networkConnectionEnabled: false, pageLoadStrategy: normal, platform: WINDOWS, platformName: WINDOWS, proxy: Proxy(), setWindowRect: true, strictFileInteractability: false, timeouts: {implicit: 0, pageLoad: 300000, script: 30000}, unhandledPromptBehavior: dismiss and notify, webauthn:virtualAuthenticators: true}
Session ID: e10d3744fd30721ca1209287e6e2979a
]]></system-out>
  </testcase>
  <testcase name="invalidEmail" classname="com.qa.Testcase.Contactuspage_test" time="1.824">
    <failure message="element click intercepted: Element &lt;button class=&quot;login100-form-btn&quot; type=&quot;button&quot; id=&quot;contact_us_button&quot;&gt;...&lt;/button&gt; is not clickable at point (564, 655). Other element would receive the click: &lt;div class=&quot;sweet-overlay&quot; tabindex=&quot;-1&quot; style=&quot;opacity: 1.1; display: block;&quot;&gt;&lt;/div&gt;&#10;  (Session info: chrome=85.0.4183.121)&#10;Build info: version: &apos;3.14.0&apos;, revision: &apos;aacccce0&apos;, time: &apos;2018-08-02T20:19:58.91Z&apos;&#10;System info: host: &apos;MTCHNDT-UTHRAA&apos;, ip: &apos;192.168.64.110&apos;, os.name: &apos;Windows 10&apos;, os.arch: &apos;amd64&apos;, os.version: &apos;10.0&apos;, java.version: &apos;11.0.8&apos;&#10;Driver info: org.openqa.selenium.chrome.ChromeDriver&#10;Capabilities {acceptInsecureCerts: false, browserName: chrome, browserVersion: 85.0.4183.121, chrome: {chromedriverVersion: 85.0.4183.87 (cd6713ebf92fa..., userDataDir: C:\Users\UTHRAK~1.A\AppData...}, goog:chromeOptions: {debuggerAddress: localhost:17131}, javascriptEnabled: true, networkConnectionEnabled: false, pageLoadStrategy: normal, platform: WINDOWS, platformName: WINDOWS, proxy: Proxy(), setWindowRect: true, strictFileInteractability: false, timeouts: {implicit: 0, pageLoad: 300000, script: 30000}, unhandledPromptBehavior: dismiss and notify, webauthn:virtualAuthenticators: true}&#10;Session ID: e10d3744fd30721ca1209287e6e2979a" type="org.openqa.selenium.ElementClickInterceptedException"><![CDATA[org.openqa.selenium.ElementClickInterceptedException: 
element click intercepted: Element <button class="login100-form-btn" type="button" id="contact_us_button">...</button> is not clickable at point (564, 655). Other element would receive the click: <div class="sweet-overlay" tabindex="-1" style="opacity: 1.1; display: block;"></div>
  (Session info: chrome=85.0.4183.121)
Build info: version: '3.14.0', revision: 'aacccce0', time: '2018-08-02T20:19:58.91Z'
System info: host: 'MTCHNDT-UTHRAA', ip: '192.168.64.110', os.name: 'Windows 10', os.arch: 'amd64', os.version: '10.0', java.version: '11.0.8'
Driver info: org.openqa.selenium.chrome.ChromeDriver
Capabilities {acceptInsecureCerts: false, browserName: chrome, browserVersion: 85.0.4183.121, chrome: {chromedriverVersion: 85.0.4183.87 (cd6713ebf92fa..., userDataDir: C:\Users\UTHRAK~1.A\AppData...}, goog:chromeOptions: {debuggerAddress: localhost:17131}, javascriptEnabled: true, networkConnectionEnabled: false, pageLoadStrategy: normal, platform: WINDOWS, platformName: WINDOWS, proxy: Proxy(), setWindowRect: true, strictFileInteractability: false, timeouts: {implicit: 0, pageLoad: 300000, script: 30000}, unhandledPromptBehavior: dismiss and notify, webauthn:virtualAuthenticators: true}
Session ID: e10d3744fd30721ca1209287e6e2979a
	at com.qa.Testcase.Contactuspage_test.invalidEmail(Contactuspage_test.java:66)
]]></failure>
    <system-out><![CDATA[
****** Starting Test:invalidEmail*****

Trying to find Element By : By.id: name
Found Element By : By.id: name
Trying to find Element By : By.id: name
Found Element By : By.id: name
Trying to find Element By : By.id: email
Found Element By : By.id: email
Trying to find Element By : By.id: email
Found Element By : By.id: email
Trying to find Element By : By.id: contact_text
Found Element By : By.id: contact_text
Trying to find Element By : By.id: contact_text
Found Element By : By.id: contact_text
Trying to find Element By : By.id: name
Found Element By : By.id: name
Trying to find Element By : By.id: name
Found Element By : By.id: name
Trying to find Element By : By.id: email
Found Element By : By.id: email
Trying to find Element By : By.id: email
Found Element By : By.id: email
Trying to find Element By : By.id: contact_us_button
Found Element By : By.id: contact_us_button
Trying to find Element By : By.id: contact_us_button
Found Element By : By.id: contact_us_button
Trying to click on: [[ChromeDriver: chrome on WINDOWS (e10d3744fd30721ca1209287e6e2979a)] -> id: contact_us_button]
Exception occured: org.openqa.selenium.ElementClickInterceptedException: element click intercepted: Element <button class="login100-form-btn" type="button" id="contact_us_button">...</button> is not clickable at point (564, 655). Other element would receive the click: <div class="sweet-overlay" tabindex="-1" style="opacity: 1.1; display: block;"></div>
  (Session info: chrome=85.0.4183.121)
Build info: version: '3.14.0', revision: 'aacccce0', time: '2018-08-02T20:19:58.91Z'
System info: host: 'MTCHNDT-UTHRAA', ip: '192.168.64.110', os.name: 'Windows 10', os.arch: 'amd64', os.version: '10.0', java.version: '11.0.8'
Driver info: org.openqa.selenium.chrome.ChromeDriver
Capabilities {acceptInsecureCerts: false, browserName: chrome, browserVersion: 85.0.4183.121, chrome: {chromedriverVersion: 85.0.4183.87 (cd6713ebf92fa..., userDataDir: C:\Users\UTHRAK~1.A\AppData...}, goog:chromeOptions: {debuggerAddress: localhost:17131}, javascriptEnabled: true, networkConnectionEnabled: false, pageLoadStrategy: normal, platform: WINDOWS, platformName: WINDOWS, proxy: Proxy(), setWindowRect: true, strictFileInteractability: false, timeouts: {implicit: 0, pageLoad: 300000, script: 30000}, unhandledPromptBehavior: dismiss and notify, webauthn:virtualAuthenticators: true}
Session ID: e10d3744fd30721ca1209287e6e2979a
]]></system-out>
  </testcase>
  <testcase name="sendcontactus" classname="com.qa.Testcase.Contactuspage_test" time="1.939">
    <failure message="element click intercepted: Element &lt;button class=&quot;login100-form-btn&quot; type=&quot;button&quot; id=&quot;contact_us_button&quot;&gt;...&lt;/button&gt; is not clickable at point (564, 655). Other element would receive the click: &lt;div class=&quot;sweet-overlay&quot; tabindex=&quot;-1&quot; style=&quot;opacity: 1.1; display: block;&quot;&gt;&lt;/div&gt;&#10;  (Session info: chrome=85.0.4183.121)&#10;Build info: version: &apos;3.14.0&apos;, revision: &apos;aacccce0&apos;, time: &apos;2018-08-02T20:19:58.91Z&apos;&#10;System info: host: &apos;MTCHNDT-UTHRAA&apos;, ip: &apos;192.168.64.110&apos;, os.name: &apos;Windows 10&apos;, os.arch: &apos;amd64&apos;, os.version: &apos;10.0&apos;, java.version: &apos;11.0.8&apos;&#10;Driver info: org.openqa.selenium.chrome.ChromeDriver&#10;Capabilities {acceptInsecureCerts: false, browserName: chrome, browserVersion: 85.0.4183.121, chrome: {chromedriverVersion: 85.0.4183.87 (cd6713ebf92fa..., userDataDir: C:\Users\UTHRAK~1.A\AppData...}, goog:chromeOptions: {debuggerAddress: localhost:17131}, javascriptEnabled: true, networkConnectionEnabled: false, pageLoadStrategy: normal, platform: WINDOWS, platformName: WINDOWS, proxy: Proxy(), setWindowRect: true, strictFileInteractability: false, timeouts: {implicit: 0, pageLoad: 300000, script: 30000}, unhandledPromptBehavior: dismiss and notify, webauthn:virtualAuthenticators: true}&#10;Session ID: e10d3744fd30721ca1209287e6e2979a" type="org.openqa.selenium.ElementClickInterceptedException"><![CDATA[org.openqa.selenium.ElementClickInterceptedException: 
element click intercepted: Element <button class="login100-form-btn" type="button" id="contact_us_button">...</button> is not clickable at point (564, 655). Other element would receive the click: <div class="sweet-overlay" tabindex="-1" style="opacity: 1.1; display: block;"></div>
  (Session info: chrome=85.0.4183.121)
Build info: version: '3.14.0', revision: 'aacccce0', time: '2018-08-02T20:19:58.91Z'
System info: host: 'MTCHNDT-UTHRAA', ip: '192.168.64.110', os.name: 'Windows 10', os.arch: 'amd64', os.version: '10.0', java.version: '11.0.8'
Driver info: org.openqa.selenium.chrome.ChromeDriver
Capabilities {acceptInsecureCerts: false, browserName: chrome, browserVersion: 85.0.4183.121, chrome: {chromedriverVersion: 85.0.4183.87 (cd6713ebf92fa..., userDataDir: C:\Users\UTHRAK~1.A\AppData...}, goog:chromeOptions: {debuggerAddress: localhost:17131}, javascriptEnabled: true, networkConnectionEnabled: false, pageLoadStrategy: normal, platform: WINDOWS, platformName: WINDOWS, proxy: Proxy(), setWindowRect: true, strictFileInteractability: false, timeouts: {implicit: 0, pageLoad: 300000, script: 30000}, unhandledPromptBehavior: dismiss and notify, webauthn:virtualAuthenticators: true}
Session ID: e10d3744fd30721ca1209287e6e2979a
	at com.qa.Testcase.Contactuspage_test.sendcontactus(Contactuspage_test.java:76)
]]></failure>
    <system-out><![CDATA[
****** Starting Test:sendcontactus*****

Trying to find Element By : By.id: name
Found Element By : By.id: name
Trying to find Element By : By.id: name
Found Element By : By.id: name
Trying to find Element By : By.id: email
Found Element By : By.id: email
Trying to find Element By : By.id: email
Found Element By : By.id: email
Trying to find Element By : By.id: contact_text
Found Element By : By.id: contact_text
Trying to find Element By : By.id: contact_text
Found Element By : By.id: contact_text
Trying to find Element By : By.id: name
Found Element By : By.id: name
Trying to find Element By : By.id: name
Found Element By : By.id: name
Trying to find Element By : By.id: email
Found Element By : By.id: email
Trying to find Element By : By.id: email
Found Element By : By.id: email
Trying to find Element By : By.id: contact_text
Found Element By : By.id: contact_text
Trying to find Element By : By.id: contact_text
Found Element By : By.id: contact_text
Trying to find Element By : By.id: contact_us_button
Found Element By : By.id: contact_us_button
Trying to find Element By : By.id: contact_us_button
Found Element By : By.id: contact_us_button
Trying to click on: [[ChromeDriver: chrome on WINDOWS (e10d3744fd30721ca1209287e6e2979a)] -> id: contact_us_button]
Exception occured: org.openqa.selenium.ElementClickInterceptedException: element click intercepted: Element <button class="login100-form-btn" type="button" id="contact_us_button">...</button> is not clickable at point (564, 655). Other element would receive the click: <div class="sweet-overlay" tabindex="-1" style="opacity: 1.1; display: block;"></div>
  (Session info: chrome=85.0.4183.121)
Build info: version: '3.14.0', revision: 'aacccce0', time: '2018-08-02T20:19:58.91Z'
System info: host: 'MTCHNDT-UTHRAA', ip: '192.168.64.110', os.name: 'Windows 10', os.arch: 'amd64', os.version: '10.0', java.version: '11.0.8'
Driver info: org.openqa.selenium.chrome.ChromeDriver
Capabilities {acceptInsecureCerts: false, browserName: chrome, browserVersion: 85.0.4183.121, chrome: {chromedriverVersion: 85.0.4183.87 (cd6713ebf92fa..., userDataDir: C:\Users\UTHRAK~1.A\AppData...}, goog:chromeOptions: {debuggerAddress: localhost:17131}, javascriptEnabled: true, networkConnectionEnabled: false, pageLoadStrategy: normal, platform: WINDOWS, platformName: WINDOWS, proxy: Proxy(), setWindowRect: true, strictFileInteractability: false, timeouts: {implicit: 0, pageLoad: 300000, script: 30000}, unhandledPromptBehavior: dismiss and notify, webauthn:virtualAuthenticators: true}
Session ID: e10d3744fd30721ca1209287e6e2979a
]]></system-out>
  </testcase>
  <testcase name="logout" classname="com.qa.Testcase.Contactuspage_test" time="2.169"/>
  <testcase name="Sigin" classname="com.qa.Testcase.Changepasswordpage_test" time="9.45"/>
  <testcase name="emptypwd" classname="com.qa.Testcase.Changepasswordpage_test" time="2.83"/>
  <testcase name="pwdonly" classname="com.qa.Testcase.Changepasswordpage_test" time="1.72">
    <failure message="element click intercepted: Element &lt;button class=&quot;login100-form-btn validate-form&quot;&gt;...&lt;/button&gt; is not clickable at point (320, 640). Other element would receive the click: &lt;div class=&quot;sweet-overlay&quot; tabindex=&quot;-1&quot; style=&quot;opacity: 1.11; display: block;&quot;&gt;&lt;/div&gt;&#10;  (Session info: chrome=85.0.4183.121)&#10;Build info: version: &apos;3.14.0&apos;, revision: &apos;aacccce0&apos;, time: &apos;2018-08-02T20:19:58.91Z&apos;&#10;System info: host: &apos;MTCHNDT-UTHRAA&apos;, ip: &apos;192.168.64.110&apos;, os.name: &apos;Windows 10&apos;, os.arch: &apos;amd64&apos;, os.version: &apos;10.0&apos;, java.version: &apos;11.0.8&apos;&#10;Driver info: org.openqa.selenium.chrome.ChromeDriver&#10;Capabilities {acceptInsecureCerts: false, browserName: chrome, browserVersion: 85.0.4183.121, chrome: {chromedriverVersion: 85.0.4183.87 (cd6713ebf92fa..., userDataDir: C:\Users\UTHRAK~1.A\AppData...}, goog:chromeOptions: {debuggerAddress: localhost:17196}, javascriptEnabled: true, networkConnectionEnabled: false, pageLoadStrategy: normal, platform: WINDOWS, platformName: WINDOWS, proxy: Proxy(), setWindowRect: true, strictFileInteractability: false, timeouts: {implicit: 0, pageLoad: 300000, script: 30000}, unhandledPromptBehavior: dismiss and notify, webauthn:virtualAuthenticators: true}&#10;Session ID: f48e9cec0393ca54411f846c7d6f56e0" type="org.openqa.selenium.ElementClickInterceptedException"><![CDATA[org.openqa.selenium.ElementClickInterceptedException: 
element click intercepted: Element <button class="login100-form-btn validate-form">...</button> is not clickable at point (320, 640). Other element would receive the click: <div class="sweet-overlay" tabindex="-1" style="opacity: 1.11; display: block;"></div>
  (Session info: chrome=85.0.4183.121)
Build info: version: '3.14.0', revision: 'aacccce0', time: '2018-08-02T20:19:58.91Z'
System info: host: 'MTCHNDT-UTHRAA', ip: '192.168.64.110', os.name: 'Windows 10', os.arch: 'amd64', os.version: '10.0', java.version: '11.0.8'
Driver info: org.openqa.selenium.chrome.ChromeDriver
Capabilities {acceptInsecureCerts: false, browserName: chrome, browserVersion: 85.0.4183.121, chrome: {chromedriverVersion: 85.0.4183.87 (cd6713ebf92fa..., userDataDir: C:\Users\UTHRAK~1.A\AppData...}, goog:chromeOptions: {debuggerAddress: localhost:17196}, javascriptEnabled: true, networkConnectionEnabled: false, pageLoadStrategy: normal, platform: WINDOWS, platformName: WINDOWS, proxy: Proxy(), setWindowRect: true, strictFileInteractability: false, timeouts: {implicit: 0, pageLoad: 300000, script: 30000}, unhandledPromptBehavior: dismiss and notify, webauthn:virtualAuthenticators: true}
Session ID: f48e9cec0393ca54411f846c7d6f56e0
	at com.qa.Testcase.Changepasswordpage_test.pwdonly(Changepasswordpage_test.java:50)
]]></failure>
    <system-out><![CDATA[
****** Starting Test:pwdonly*****

Trying to find Element By : By.id: password
Found Element By : By.id: password
Trying to find Element By : By.id: password
Found Element By : By.id: password
Trying to find Element By : By.xpath: //*[@id="validate-form"]/div[4]/div/button
Found Element By : By.xpath: //*[@id="validate-form"]/div[4]/div/button
Trying to find Element By : By.xpath: //*[@id="validate-form"]/div[4]/div/button
Found Element By : By.xpath: //*[@id="validate-form"]/div[4]/div/button
Trying to click on: [[ChromeDriver: chrome on WINDOWS (f48e9cec0393ca54411f846c7d6f56e0)] -> xpath: //*[@id="validate-form"]/div[4]/div/button]
Exception occured: org.openqa.selenium.ElementClickInterceptedException: element click intercepted: Element <button class="login100-form-btn validate-form">...</button> is not clickable at point (320, 640). Other element would receive the click: <div class="sweet-overlay" tabindex="-1" style="opacity: 1.11; display: block;"></div>
  (Session info: chrome=85.0.4183.121)
Build info: version: '3.14.0', revision: 'aacccce0', time: '2018-08-02T20:19:58.91Z'
System info: host: 'MTCHNDT-UTHRAA', ip: '192.168.64.110', os.name: 'Windows 10', os.arch: 'amd64', os.version: '10.0', java.version: '11.0.8'
Driver info: org.openqa.selenium.chrome.ChromeDriver
Capabilities {acceptInsecureCerts: false, browserName: chrome, browserVersion: 85.0.4183.121, chrome: {chromedriverVersion: 85.0.4183.87 (cd6713ebf92fa..., userDataDir: C:\Users\UTHRAK~1.A\AppData...}, goog:chromeOptions: {debuggerAddress: localhost:17196}, javascriptEnabled: true, networkConnectionEnabled: false, pageLoadStrategy: normal, platform: WINDOWS, platformName: WINDOWS, proxy: Proxy(), setWindowRect: true, strictFileInteractability: false, timeouts: {implicit: 0, pageLoad: 300000, script: 30000}, unhandledPromptBehavior: dismiss and notify, webauthn:virtualAuthenticators: true}
Session ID: f48e9cec0393ca54411f846c7d6f56e0
]]></system-out>
  </testcase>
  <testcase name="invalidpwd" classname="com.qa.Testcase.Changepasswordpage_test" time="1.68">
    <failure message="element click intercepted: Element &lt;button class=&quot;login100-form-btn validate-form&quot;&gt;...&lt;/button&gt; is not clickable at point (320, 613). Other element would receive the click: &lt;div class=&quot;sweet-overlay&quot; tabindex=&quot;-1&quot; style=&quot;opacity: 1.11; display: block;&quot;&gt;&lt;/div&gt;&#10;  (Session info: chrome=85.0.4183.121)&#10;Build info: version: &apos;3.14.0&apos;, revision: &apos;aacccce0&apos;, time: &apos;2018-08-02T20:19:58.91Z&apos;&#10;System info: host: &apos;MTCHNDT-UTHRAA&apos;, ip: &apos;192.168.64.110&apos;, os.name: &apos;Windows 10&apos;, os.arch: &apos;amd64&apos;, os.version: &apos;10.0&apos;, java.version: &apos;11.0.8&apos;&#10;Driver info: org.openqa.selenium.chrome.ChromeDriver&#10;Capabilities {acceptInsecureCerts: false, browserName: chrome, browserVersion: 85.0.4183.121, chrome: {chromedriverVersion: 85.0.4183.87 (cd6713ebf92fa..., userDataDir: C:\Users\UTHRAK~1.A\AppData...}, goog:chromeOptions: {debuggerAddress: localhost:17196}, javascriptEnabled: true, networkConnectionEnabled: false, pageLoadStrategy: normal, platform: WINDOWS, platformName: WINDOWS, proxy: Proxy(), setWindowRect: true, strictFileInteractability: false, timeouts: {implicit: 0, pageLoad: 300000, script: 30000}, unhandledPromptBehavior: dismiss and notify, webauthn:virtualAuthenticators: true}&#10;Session ID: f48e9cec0393ca54411f846c7d6f56e0" type="org.openqa.selenium.ElementClickInterceptedException"><![CDATA[org.openqa.selenium.ElementClickInterceptedException: 
element click intercepted: Element <button class="login100-form-btn validate-form">...</button> is not clickable at point (320, 613). Other element would receive the click: <div class="sweet-overlay" tabindex="-1" style="opacity: 1.11; display: block;"></div>
  (Session info: chrome=85.0.4183.121)
Build info: version: '3.14.0', revision: 'aacccce0', time: '2018-08-02T20:19:58.91Z'
System info: host: 'MTCHNDT-UTHRAA', ip: '192.168.64.110', os.name: 'Windows 10', os.arch: 'amd64', os.version: '10.0', java.version: '11.0.8'
Driver info: org.openqa.selenium.chrome.ChromeDriver
Capabilities {acceptInsecureCerts: false, browserName: chrome, browserVersion: 85.0.4183.121, chrome: {chromedriverVersion: 85.0.4183.87 (cd6713ebf92fa..., userDataDir: C:\Users\UTHRAK~1.A\AppData...}, goog:chromeOptions: {debuggerAddress: localhost:17196}, javascriptEnabled: true, networkConnectionEnabled: false, pageLoadStrategy: normal, platform: WINDOWS, platformName: WINDOWS, proxy: Proxy(), setWindowRect: true, strictFileInteractability: false, timeouts: {implicit: 0, pageLoad: 300000, script: 30000}, unhandledPromptBehavior: dismiss and notify, webauthn:virtualAuthenticators: true}
Session ID: f48e9cec0393ca54411f846c7d6f56e0
	at com.qa.Testcase.Changepasswordpage_test.invalidpwd(Changepasswordpage_test.java:63)
]]></failure>
    <system-out><![CDATA[
****** Starting Test:invalidpwd*****

Trying to find Element By : By.id: password
Found Element By : By.id: password
Trying to find Element By : By.id: password
Found Element By : By.id: password
Trying to find Element By : By.id: confirm_password
Found Element By : By.id: confirm_password
Trying to find Element By : By.id: confirm_password
Found Element By : By.id: confirm_password
Trying to find Element By : By.xpath: //*[@id="validate-form"]/div[4]/div/button
Found Element By : By.xpath: //*[@id="validate-form"]/div[4]/div/button
Trying to find Element By : By.xpath: //*[@id="validate-form"]/div[4]/div/button
Found Element By : By.xpath: //*[@id="validate-form"]/div[4]/div/button
Trying to click on: [[ChromeDriver: chrome on WINDOWS (f48e9cec0393ca54411f846c7d6f56e0)] -> xpath: //*[@id="validate-form"]/div[4]/div/button]
Exception occured: org.openqa.selenium.ElementClickInterceptedException: element click intercepted: Element <button class="login100-form-btn validate-form">...</button> is not clickable at point (320, 613). Other element would receive the click: <div class="sweet-overlay" tabindex="-1" style="opacity: 1.11; display: block;"></div>
  (Session info: chrome=85.0.4183.121)
Build info: version: '3.14.0', revision: 'aacccce0', time: '2018-08-02T20:19:58.91Z'
System info: host: 'MTCHNDT-UTHRAA', ip: '192.168.64.110', os.name: 'Windows 10', os.arch: 'amd64', os.version: '10.0', java.version: '11.0.8'
Driver info: org.openqa.selenium.chrome.ChromeDriver
Capabilities {acceptInsecureCerts: false, browserName: chrome, browserVersion: 85.0.4183.121, chrome: {chromedriverVersion: 85.0.4183.87 (cd6713ebf92fa..., userDataDir: C:\Users\UTHRAK~1.A\AppData...}, goog:chromeOptions: {debuggerAddress: localhost:17196}, javascriptEnabled: true, networkConnectionEnabled: false, pageLoadStrategy: normal, platform: WINDOWS, platformName: WINDOWS, proxy: Proxy(), setWindowRect: true, strictFileInteractability: false, timeouts: {implicit: 0, pageLoad: 300000, script: 30000}, unhandledPromptBehavior: dismiss and notify, webauthn:virtualAuthenticators: true}
Session ID: f48e9cec0393ca54411f846c7d6f56e0
]]></system-out>
  </testcase>
  <testcase name="pwdnotmatch" classname="com.qa.Testcase.Changepasswordpage_test" time="3.059"/>
  <testcase name="Changesamepwd" classname="com.qa.Testcase.Changepasswordpage_test" time="2.83"/>
  <testcase name="Changepwd" classname="com.qa.Testcase.Changepasswordpage_test" time="2.688"/>
  <testcase name="help" classname="com.qa.Testcase.Changepasswordpage_test" time="3.55"/>
  <testcase name="logout" classname="com.qa.Testcase.Changepasswordpage_test" time="12.728"/>
</testsuite>