<?xml version="1.0" encoding="UTF-8"?>
<testng-results ignored="0" total="48" passed="42" failed="6" skipped="0">
  <reporter-output>
  </reporter-output>
  <suite started-at="2020-09-30T15:21:24Z" name="NEET Application Test Automation Test Suite" finished-at="2020-09-30T15:51:03Z" duration-ms="1778784">
    <groups>
    </groups>
    <test started-at="2020-09-30T15:21:24Z" name="SIGNIN" finished-at="2020-09-30T15:21:53Z" duration-ms="28980">
      <class name="com.qa.Testcase.Signinpage_test">
        <test-method is-config="true" signature="initialization()[pri:0, instance:com.qa.Testcase.Signinpage_test@c8c12ac]" started-at="2020-09-30T20:51:24Z" name="initialization" finished-at="2020-09-30T20:51:32Z" duration-ms="7552" status="PASS">
          <reporter-output>
          </reporter-output>
        </test-method> <!-- initialization -->
        <test-method is-config="true" signature="beforeMethod(java.lang.reflect.Method)[pri:0, instance:com.qa.Testcase.Signinpage_test@c8c12ac]" started-at="2020-09-30T20:51:32Z" name="beforeMethod" finished-at="2020-09-30T20:51:32Z" duration-ms="23" status="PASS">
          <params>
            <param index="0">
              <value>
                <![CDATA[public void com.qa.Testcase.Signinpage_test.gettitle()]]>
              </value>
            </param>
          </params>
          <reporter-output>
          </reporter-output>
        </test-method> <!-- beforeMethod -->
        <test-method signature="gettitle()[pri:1, instance:com.qa.Testcase.Signinpage_test@c8c12ac]" started-at="2020-09-30T20:51:32Z" name="gettitle" finished-at="2020-09-30T20:51:32Z" duration-ms="19" status="PASS">
          <reporter-output>
          </reporter-output>
        </test-method> <!-- gettitle -->
        <test-method is-config="true" signature="beforeMethod(java.lang.reflect.Method)[pri:0, instance:com.qa.Testcase.Signinpage_test@c8c12ac]" started-at="2020-09-30T20:51:32Z" name="beforeMethod" finished-at="2020-09-30T20:51:32Z" duration-ms="3" status="PASS">
          <params>
            <param index="0">
              <value>
                <![CDATA[public void com.qa.Testcase.Signinpage_test.forgotlinkcheck()]]>
              </value>
            </param>
          </params>
          <reporter-output>
          </reporter-output>
        </test-method> <!-- beforeMethod -->
        <test-method signature="forgotlinkcheck()[pri:2, instance:com.qa.Testcase.Signinpage_test@c8c12ac]" started-at="2020-09-30T20:51:32Z" name="forgotlinkcheck" finished-at="2020-09-30T20:51:33Z" duration-ms="766" status="PASS">
          <reporter-output>
          </reporter-output>
        </test-method> <!-- forgotlinkcheck -->
        <test-method is-config="true" signature="beforeMethod(java.lang.reflect.Method)[pri:0, instance:com.qa.Testcase.Signinpage_test@c8c12ac]" started-at="2020-09-30T20:51:33Z" name="beforeMethod" finished-at="2020-09-30T20:51:33Z" duration-ms="5" status="PASS">
          <params>
            <param index="0">
              <value>
                <![CDATA[public void com.qa.Testcase.Signinpage_test.signuplinkcheck()]]>
              </value>
            </param>
          </params>
          <reporter-output>
          </reporter-output>
        </test-method> <!-- beforeMethod -->
        <test-method signature="signuplinkcheck()[pri:3, instance:com.qa.Testcase.Signinpage_test@c8c12ac]" started-at="2020-09-30T20:51:33Z" name="signuplinkcheck" finished-at="2020-09-30T20:51:34Z" duration-ms="815" status="PASS">
          <reporter-output>
          </reporter-output>
        </test-method> <!-- signuplinkcheck -->
        <test-method is-config="true" signature="beforeMethod(java.lang.reflect.Method)[pri:0, instance:com.qa.Testcase.Signinpage_test@c8c12ac]" started-at="2020-09-30T20:51:34Z" name="beforeMethod" finished-at="2020-09-30T20:51:34Z" duration-ms="4" status="PASS">
          <params>
            <param index="0">
              <value>
                <![CDATA[public void com.qa.Testcase.Signinpage_test.emptysigin()]]>
              </value>
            </param>
          </params>
          <reporter-output>
          </reporter-output>
        </test-method> <!-- beforeMethod -->
        <test-method signature="emptysigin()[pri:4, instance:com.qa.Testcase.Signinpage_test@c8c12ac]" started-at="2020-09-30T20:51:34Z" name="emptysigin" finished-at="2020-09-30T20:51:34Z" duration-ms="185" status="PASS">
          <reporter-output>
          </reporter-output>
        </test-method> <!-- emptysigin -->
        <test-method is-config="true" signature="beforeMethod(java.lang.reflect.Method)[pri:0, instance:com.qa.Testcase.Signinpage_test@c8c12ac]" started-at="2020-09-30T20:51:34Z" name="beforeMethod" finished-at="2020-09-30T20:51:34Z" duration-ms="2" status="PASS">
          <params>
            <param index="0">
              <value>
                <![CDATA[public void com.qa.Testcase.Signinpage_test.mobonlysigin()]]>
              </value>
            </param>
          </params>
          <reporter-output>
          </reporter-output>
        </test-method> <!-- beforeMethod -->
        <test-method signature="mobonlysigin()[pri:5, instance:com.qa.Testcase.Signinpage_test@c8c12ac]" started-at="2020-09-30T20:51:34Z" name="mobonlysigin" finished-at="2020-09-30T20:51:34Z" duration-ms="277" status="PASS">
          <reporter-output>
          </reporter-output>
        </test-method> <!-- mobonlysigin -->
        <test-method is-config="true" signature="beforeMethod(java.lang.reflect.Method)[pri:0, instance:com.qa.Testcase.Signinpage_test@c8c12ac]" started-at="2020-09-30T20:51:34Z" name="beforeMethod" finished-at="2020-09-30T20:51:34Z" duration-ms="3" status="PASS">
          <params>
            <param index="0">
              <value>
                <![CDATA[public void com.qa.Testcase.Signinpage_test.pwdonlysigin()]]>
              </value>
            </param>
          </params>
          <reporter-output>
          </reporter-output>
        </test-method> <!-- beforeMethod -->
        <test-method signature="pwdonlysigin()[pri:6, instance:com.qa.Testcase.Signinpage_test@c8c12ac]" started-at="2020-09-30T20:51:34Z" name="pwdonlysigin" finished-at="2020-09-30T20:51:34Z" duration-ms="436" status="PASS">
          <reporter-output>
          </reporter-output>
        </test-method> <!-- pwdonlysigin -->
        <test-method is-config="true" signature="beforeMethod(java.lang.reflect.Method)[pri:0, instance:com.qa.Testcase.Signinpage_test@c8c12ac]" started-at="2020-09-30T20:51:34Z" name="beforeMethod" finished-at="2020-09-30T20:51:34Z" duration-ms="1" status="PASS">
          <params>
            <param index="0">
              <value>
                <![CDATA[public void com.qa.Testcase.Signinpage_test.unregistereduser() throws java.lang.InterruptedException,java.awt.AWTException]]>
              </value>
            </param>
          </params>
          <reporter-output>
          </reporter-output>
        </test-method> <!-- beforeMethod -->
        <test-method signature="unregistereduser()[pri:7, instance:com.qa.Testcase.Signinpage_test@c8c12ac]" started-at="2020-09-30T20:51:34Z" name="unregistereduser" finished-at="2020-09-30T20:51:36Z" duration-ms="1539" status="PASS">
          <reporter-output>
          </reporter-output>
        </test-method> <!-- unregistereduser -->
        <test-method is-config="true" signature="beforeMethod(java.lang.reflect.Method)[pri:0, instance:com.qa.Testcase.Signinpage_test@c8c12ac]" started-at="2020-09-30T20:51:36Z" name="beforeMethod" finished-at="2020-09-30T20:51:36Z" duration-ms="7" status="PASS">
          <params>
            <param index="0">
              <value>
                <![CDATA[public void com.qa.Testcase.Signinpage_test.invalidpwd() throws java.awt.AWTException]]>
              </value>
            </param>
          </params>
          <reporter-output>
          </reporter-output>
        </test-method> <!-- beforeMethod -->
        <test-method signature="invalidpwd()[pri:8, instance:com.qa.Testcase.Signinpage_test@c8c12ac]" started-at="2020-09-30T20:51:36Z" name="invalidpwd" finished-at="2020-09-30T20:51:37Z" duration-ms="750" status="PASS">
          <reporter-output>
          </reporter-output>
        </test-method> <!-- invalidpwd -->
        <test-method is-config="true" signature="beforeMethod(java.lang.reflect.Method)[pri:0, instance:com.qa.Testcase.Signinpage_test@c8c12ac]" started-at="2020-09-30T20:51:37Z" name="beforeMethod" finished-at="2020-09-30T20:51:37Z" duration-ms="15" status="PASS">
          <params>
            <param index="0">
              <value>
                <![CDATA[public void com.qa.Testcase.Signinpage_test.Siginusingvalidinputs() throws java.lang.InterruptedException]]>
              </value>
            </param>
          </params>
          <reporter-output>
          </reporter-output>
        </test-method> <!-- beforeMethod -->
        <test-method signature="Siginusingvalidinputs()[pri:9, instance:com.qa.Testcase.Signinpage_test@c8c12ac]" started-at="2020-09-30T20:51:37Z" name="Siginusingvalidinputs" finished-at="2020-09-30T20:51:50Z" duration-ms="13472" status="PASS">
          <reporter-output>
          </reporter-output>
        </test-method> <!-- Siginusingvalidinputs -->
        <test-method is-config="true" signature="beforeMethod(java.lang.reflect.Method)[pri:0, instance:com.qa.Testcase.Signinpage_test@c8c12ac]" started-at="2020-09-30T20:51:50Z" name="beforeMethod" finished-at="2020-09-30T20:51:50Z" duration-ms="11" status="PASS">
          <params>
            <param index="0">
              <value>
                <![CDATA[public void com.qa.Testcase.Signinpage_test.logout() throws java.lang.InterruptedException]]>
              </value>
            </param>
          </params>
          <reporter-output>
          </reporter-output>
        </test-method> <!-- beforeMethod -->
        <test-method signature="logout()[pri:10, instance:com.qa.Testcase.Signinpage_test@c8c12ac]" started-at="2020-09-30T20:51:50Z" name="logout" finished-at="2020-09-30T20:51:52Z" duration-ms="2088" status="PASS">
          <reporter-output>
          </reporter-output>
        </test-method> <!-- logout -->
        <test-method is-config="true" signature="tearDown()[pri:0, instance:com.qa.Testcase.Signinpage_test@c8c12ac]" started-at="2020-09-30T20:51:52Z" name="tearDown" finished-at="2020-09-30T20:51:53Z" duration-ms="988" status="PASS">
          <reporter-output>
          </reporter-output>
        </test-method> <!-- tearDown -->
      </class> <!-- com.qa.Testcase.Signinpage_test -->
    </test> <!-- SIGNIN -->
    <test started-at="2020-09-30T15:21:53Z" name="HOME" finished-at="2020-09-30T15:24:18Z" duration-ms="144196">
      <class name="com.qa.Testcase.Homepage_test">
        <test-method is-config="true" signature="initialization()[pri:0, instance:com.qa.Testcase.Homepage_test@55b699ef]" started-at="2020-09-30T20:51:53Z" name="initialization" finished-at="2020-09-30T20:52:02Z" duration-ms="8830" status="PASS">
          <reporter-output>
          </reporter-output>
        </test-method> <!-- initialization -->
        <test-method is-config="true" signature="beforeMethod(java.lang.reflect.Method)[pri:0, instance:com.qa.Testcase.Homepage_test@55b699ef]" started-at="2020-09-30T20:52:02Z" name="beforeMethod" finished-at="2020-09-30T20:52:02Z" duration-ms="2" status="PASS">
          <params>
            <param index="0">
              <value>
                <![CDATA[public void com.qa.Testcase.Homepage_test.Sigin() throws java.lang.InterruptedException]]>
              </value>
            </param>
          </params>
          <reporter-output>
          </reporter-output>
        </test-method> <!-- beforeMethod -->
        <test-method signature="Sigin()[pri:1, instance:com.qa.Testcase.Homepage_test@55b699ef]" started-at="2020-09-30T20:52:02Z" name="Sigin" finished-at="2020-09-30T20:52:13Z" duration-ms="10820" status="PASS">
          <reporter-output>
          </reporter-output>
        </test-method> <!-- Sigin -->
        <test-method is-config="true" signature="beforeMethod(java.lang.reflect.Method)[pri:0, instance:com.qa.Testcase.Homepage_test@55b699ef]" started-at="2020-09-30T20:52:13Z" name="beforeMethod" finished-at="2020-09-30T20:52:13Z" duration-ms="5" status="PASS">
          <params>
            <param index="0">
              <value>
                <![CDATA[public void com.qa.Testcase.Homepage_test.attenttestone()]]>
              </value>
            </param>
          </params>
          <reporter-output>
          </reporter-output>
        </test-method> <!-- beforeMethod -->
        <test-method signature="attenttestone()[pri:2, instance:com.qa.Testcase.Homepage_test@55b699ef]" started-at="2020-09-30T20:52:13Z" name="attenttestone" finished-at="2020-09-30T20:52:18Z" duration-ms="5084" status="PASS">
          <reporter-output>
          </reporter-output>
        </test-method> <!-- attenttestone -->
        <test-method is-config="true" signature="beforeMethod(java.lang.reflect.Method)[pri:0, instance:com.qa.Testcase.Homepage_test@55b699ef]" started-at="2020-09-30T20:52:18Z" name="beforeMethod" finished-at="2020-09-30T20:52:18Z" duration-ms="3" status="PASS">
          <params>
            <param index="0">
              <value>
                <![CDATA[public void com.qa.Testcase.Homepage_test.latest()]]>
              </value>
            </param>
          </params>
          <reporter-output>
          </reporter-output>
        </test-method> <!-- beforeMethod -->
        <test-method signature="latest()[pri:3, instance:com.qa.Testcase.Homepage_test@55b699ef]" started-at="2020-09-30T20:52:18Z" name="latest" finished-at="2020-09-30T20:52:21Z" duration-ms="2823" status="PASS">
          <reporter-output>
          </reporter-output>
        </test-method> <!-- latest -->
        <test-method is-config="true" signature="beforeMethod(java.lang.reflect.Method)[pri:0, instance:com.qa.Testcase.Homepage_test@55b699ef]" started-at="2020-09-30T20:52:21Z" name="beforeMethod" finished-at="2020-09-30T20:52:21Z" duration-ms="3" status="PASS">
          <params>
            <param index="0">
              <value>
                <![CDATA[public void com.qa.Testcase.Homepage_test.recentActivities() throws java.lang.InterruptedException]]>
              </value>
            </param>
          </params>
          <reporter-output>
          </reporter-output>
        </test-method> <!-- beforeMethod -->
        <test-method signature="recentActivities()[pri:4, instance:com.qa.Testcase.Homepage_test@55b699ef]" started-at="2020-09-30T20:52:21Z" name="recentActivities" finished-at="2020-09-30T20:54:13Z" duration-ms="111922" status="PASS">
          <reporter-output>
          </reporter-output>
        </test-method> <!-- recentActivities -->
        <test-method is-config="true" signature="beforeMethod(java.lang.reflect.Method)[pri:0, instance:com.qa.Testcase.Homepage_test@55b699ef]" started-at="2020-09-30T20:54:13Z" name="beforeMethod" finished-at="2020-09-30T20:54:13Z" duration-ms="2" status="PASS">
          <params>
            <param index="0">
              <value>
                <![CDATA[public void com.qa.Testcase.Homepage_test.logout() throws java.lang.InterruptedException]]>
              </value>
            </param>
          </params>
          <reporter-output>
          </reporter-output>
        </test-method> <!-- beforeMethod -->
        <test-method signature="logout()[pri:5, instance:com.qa.Testcase.Homepage_test@55b699ef]" started-at="2020-09-30T20:54:13Z" name="logout" finished-at="2020-09-30T20:54:17Z" duration-ms="3868" status="PASS">
          <reporter-output>
          </reporter-output>
        </test-method> <!-- logout -->
        <test-method is-config="true" signature="tearDown()[pri:0, instance:com.qa.Testcase.Homepage_test@55b699ef]" started-at="2020-09-30T20:54:17Z" name="tearDown" finished-at="2020-09-30T20:54:18Z" duration-ms="832" status="PASS">
          <reporter-output>
          </reporter-output>
        </test-method> <!-- tearDown -->
      </class> <!-- com.qa.Testcase.Homepage_test -->
    </test> <!-- HOME -->
    <test started-at="2020-09-30T15:24:18Z" name="TEST" finished-at="2020-09-30T15:47:21Z" duration-ms="1383378">
      <class name="com.qa.Testcase.Test_test">
        <test-method is-config="true" signature="initialization()[pri:0, instance:com.qa.Testcase.Test_test@128d2484]" started-at="2020-09-30T20:54:18Z" name="initialization" finished-at="2020-09-30T20:54:26Z" duration-ms="8331" status="PASS">
          <reporter-output>
          </reporter-output>
        </test-method> <!-- initialization -->
        <test-method is-config="true" signature="beforeMethod(java.lang.reflect.Method)[pri:0, instance:com.qa.Testcase.Test_test@128d2484]" started-at="2020-09-30T20:54:26Z" name="beforeMethod" finished-at="2020-09-30T20:54:26Z" duration-ms="2" status="PASS">
          <params>
            <param index="0">
              <value>
                <![CDATA[public void com.qa.Testcase.Test_test.Sigin()]]>
              </value>
            </param>
          </params>
          <reporter-output>
          </reporter-output>
        </test-method> <!-- beforeMethod -->
        <test-method signature="Sigin()[pri:1, instance:com.qa.Testcase.Test_test@128d2484]" started-at="2020-09-30T20:54:26Z" name="Sigin" finished-at="2020-09-30T20:54:33Z" duration-ms="6734" status="PASS">
          <reporter-output>
          </reporter-output>
        </test-method> <!-- Sigin -->
        <test-method is-config="true" signature="beforeMethod(java.lang.reflect.Method)[pri:0, instance:com.qa.Testcase.Test_test@128d2484]" started-at="2020-09-30T20:54:33Z" name="beforeMethod" finished-at="2020-09-30T20:54:33Z" duration-ms="2" status="PASS">
          <params>
            <param index="0">
              <value>
                <![CDATA[public void com.qa.Testcase.Test_test.attendtestt1() throws java.lang.InterruptedException]]>
              </value>
            </param>
          </params>
          <reporter-output>
          </reporter-output>
        </test-method> <!-- beforeMethod -->
        <test-method signature="attendtestt1()[pri:2, instance:com.qa.Testcase.Test_test@128d2484]" started-at="2020-09-30T20:54:33Z" name="attendtestt1" finished-at="2020-09-30T20:56:25Z" duration-ms="112070" status="PASS">
          <reporter-output>
          </reporter-output>
        </test-method> <!-- attendtestt1 -->
        <test-method is-config="true" signature="beforeMethod(java.lang.reflect.Method)[pri:0, instance:com.qa.Testcase.Test_test@128d2484]" started-at="2020-09-30T20:56:25Z" name="beforeMethod" finished-at="2020-09-30T20:56:25Z" duration-ms="2" status="PASS">
          <params>
            <param index="0">
              <value>
                <![CDATA[public void com.qa.Testcase.Test_test.attendtest2() throws java.lang.InterruptedException]]>
              </value>
            </param>
          </params>
          <reporter-output>
          </reporter-output>
        </test-method> <!-- beforeMethod -->
        <test-method signature="attendtest2()[pri:3, instance:com.qa.Testcase.Test_test@128d2484]" started-at="2020-09-30T20:56:25Z" name="attendtest2" finished-at="2020-09-30T20:58:17Z" duration-ms="111762" status="PASS">
          <reporter-output>
          </reporter-output>
        </test-method> <!-- attendtest2 -->
        <test-method is-config="true" signature="beforeMethod(java.lang.reflect.Method)[pri:0, instance:com.qa.Testcase.Test_test@128d2484]" started-at="2020-09-30T20:58:17Z" name="beforeMethod" finished-at="2020-09-30T20:58:17Z" duration-ms="3" status="PASS">
          <params>
            <param index="0">
              <value>
                <![CDATA[public void com.qa.Testcase.Test_test.attendtest3() throws java.lang.InterruptedException]]>
              </value>
            </param>
          </params>
          <reporter-output>
          </reporter-output>
        </test-method> <!-- beforeMethod -->
        <test-method signature="attendtest3()[pri:4, instance:com.qa.Testcase.Test_test@128d2484]" started-at="2020-09-30T20:58:17Z" name="attendtest3" finished-at="2020-09-30T21:00:09Z" duration-ms="112043" status="PASS">
          <reporter-output>
          </reporter-output>
        </test-method> <!-- attendtest3 -->
        <test-method is-config="true" signature="beforeMethod(java.lang.reflect.Method)[pri:0, instance:com.qa.Testcase.Test_test@128d2484]" started-at="2020-09-30T21:00:09Z" name="beforeMethod" finished-at="2020-09-30T21:00:09Z" duration-ms="3" status="PASS">
          <params>
            <param index="0">
              <value>
                <![CDATA[public void com.qa.Testcase.Test_test.attendtest4() throws java.lang.InterruptedException]]>
              </value>
            </param>
          </params>
          <reporter-output>
          </reporter-output>
        </test-method> <!-- beforeMethod -->
        <test-method signature="attendtest4()[pri:5, instance:com.qa.Testcase.Test_test@128d2484]" started-at="2020-09-30T21:00:09Z" name="attendtest4" finished-at="2020-09-30T21:02:00Z" duration-ms="111131" status="PASS">
          <reporter-output>
          </reporter-output>
        </test-method> <!-- attendtest4 -->
        <test-method is-config="true" signature="beforeMethod(java.lang.reflect.Method)[pri:0, instance:com.qa.Testcase.Test_test@128d2484]" started-at="2020-09-30T21:02:00Z" name="beforeMethod" finished-at="2020-09-30T21:02:00Z" duration-ms="2" status="PASS">
          <params>
            <param index="0">
              <value>
                <![CDATA[public void com.qa.Testcase.Test_test.attendtest5() throws java.lang.InterruptedException]]>
              </value>
            </param>
          </params>
          <reporter-output>
          </reporter-output>
        </test-method> <!-- beforeMethod -->
        <test-method signature="attendtest5()[pri:6, instance:com.qa.Testcase.Test_test@128d2484]" started-at="2020-09-30T21:02:00Z" name="attendtest5" finished-at="2020-09-30T21:03:50Z" duration-ms="110648" status="PASS">
          <reporter-output>
          </reporter-output>
        </test-method> <!-- attendtest5 -->
        <test-method is-config="true" signature="beforeMethod(java.lang.reflect.Method)[pri:0, instance:com.qa.Testcase.Test_test@128d2484]" started-at="2020-09-30T21:03:50Z" name="beforeMethod" finished-at="2020-09-30T21:03:50Z" duration-ms="4" status="PASS">
          <params>
            <param index="0">
              <value>
                <![CDATA[public void com.qa.Testcase.Test_test.attendtest6() throws java.lang.InterruptedException]]>
              </value>
            </param>
          </params>
          <reporter-output>
          </reporter-output>
        </test-method> <!-- beforeMethod -->
        <test-method signature="attendtest6()[pri:7, instance:com.qa.Testcase.Test_test@128d2484]" started-at="2020-09-30T21:03:50Z" name="attendtest6" finished-at="2020-09-30T21:05:41Z" duration-ms="110640" status="PASS">
          <reporter-output>
          </reporter-output>
        </test-method> <!-- attendtest6 -->
        <test-method is-config="true" signature="beforeMethod(java.lang.reflect.Method)[pri:0, instance:com.qa.Testcase.Test_test@128d2484]" started-at="2020-09-30T21:05:41Z" name="beforeMethod" finished-at="2020-09-30T21:05:41Z" duration-ms="5" status="PASS">
          <params>
            <param index="0">
              <value>
                <![CDATA[public void com.qa.Testcase.Test_test.attendtest7() throws java.lang.InterruptedException]]>
              </value>
            </param>
          </params>
          <reporter-output>
          </reporter-output>
        </test-method> <!-- beforeMethod -->
        <test-method signature="attendtest7()[pri:8, instance:com.qa.Testcase.Test_test@128d2484]" started-at="2020-09-30T21:05:41Z" name="attendtest7" finished-at="2020-09-30T21:07:31Z" duration-ms="109916" status="PASS">
          <reporter-output>
          </reporter-output>
        </test-method> <!-- attendtest7 -->
        <test-method is-config="true" signature="beforeMethod(java.lang.reflect.Method)[pri:0, instance:com.qa.Testcase.Test_test@128d2484]" started-at="2020-09-30T21:07:31Z" name="beforeMethod" finished-at="2020-09-30T21:07:31Z" duration-ms="2" status="PASS">
          <params>
            <param index="0">
              <value>
                <![CDATA[public void com.qa.Testcase.Test_test.attendtest8() throws java.lang.InterruptedException]]>
              </value>
            </param>
          </params>
          <reporter-output>
          </reporter-output>
        </test-method> <!-- beforeMethod -->
        <test-method signature="attendtest8()[pri:9, instance:com.qa.Testcase.Test_test@128d2484]" started-at="2020-09-30T21:07:31Z" name="attendtest8" finished-at="2020-09-30T21:09:22Z" duration-ms="110660" status="PASS">
          <reporter-output>
          </reporter-output>
        </test-method> <!-- attendtest8 -->
        <test-method is-config="true" signature="beforeMethod(java.lang.reflect.Method)[pri:0, instance:com.qa.Testcase.Test_test@128d2484]" started-at="2020-09-30T21:09:22Z" name="beforeMethod" finished-at="2020-09-30T21:09:22Z" duration-ms="3" status="PASS">
          <params>
            <param index="0">
              <value>
                <![CDATA[public void com.qa.Testcase.Test_test.attendtest9() throws java.lang.InterruptedException]]>
              </value>
            </param>
          </params>
          <reporter-output>
          </reporter-output>
        </test-method> <!-- beforeMethod -->
        <test-method signature="attendtest9()[pri:10, instance:com.qa.Testcase.Test_test@128d2484]" started-at="2020-09-30T21:09:22Z" name="attendtest9" finished-at="2020-09-30T21:11:11Z" duration-ms="109827" status="PASS">
          <reporter-output>
          </reporter-output>
        </test-method> <!-- attendtest9 -->
        <test-method is-config="true" signature="beforeMethod(java.lang.reflect.Method)[pri:0, instance:com.qa.Testcase.Test_test@128d2484]" started-at="2020-09-30T21:11:11Z" name="beforeMethod" finished-at="2020-09-30T21:11:11Z" duration-ms="1" status="PASS">
          <params>
            <param index="0">
              <value>
                <![CDATA[public void com.qa.Testcase.Test_test.attendtest10() throws java.lang.InterruptedException]]>
              </value>
            </param>
          </params>
          <reporter-output>
          </reporter-output>
        </test-method> <!-- beforeMethod -->
        <test-method signature="attendtest10()[pri:11, instance:com.qa.Testcase.Test_test@128d2484]" started-at="2020-09-30T21:11:11Z" name="attendtest10" finished-at="2020-09-30T21:13:01Z" duration-ms="109629" status="PASS">
          <reporter-output>
          </reporter-output>
        </test-method> <!-- attendtest10 -->
        <test-method is-config="true" signature="beforeMethod(java.lang.reflect.Method)[pri:0, instance:com.qa.Testcase.Test_test@128d2484]" started-at="2020-09-30T21:13:01Z" name="beforeMethod" finished-at="2020-09-30T21:13:01Z" duration-ms="3" status="PASS">
          <params>
            <param index="0">
              <value>
                <![CDATA[public void com.qa.Testcase.Test_test.attendtest11() throws java.lang.InterruptedException]]>
              </value>
            </param>
          </params>
          <reporter-output>
          </reporter-output>
        </test-method> <!-- beforeMethod -->
        <test-method signature="attendtest11()[pri:12, instance:com.qa.Testcase.Test_test@128d2484]" started-at="2020-09-30T21:13:01Z" name="attendtest11" finished-at="2020-09-30T21:14:51Z" duration-ms="110090" status="PASS">
          <reporter-output>
          </reporter-output>
        </test-method> <!-- attendtest11 -->
        <test-method is-config="true" signature="beforeMethod(java.lang.reflect.Method)[pri:0, instance:com.qa.Testcase.Test_test@128d2484]" started-at="2020-09-30T21:14:51Z" name="beforeMethod" finished-at="2020-09-30T21:14:51Z" duration-ms="2" status="PASS">
          <params>
            <param index="0">
              <value>
                <![CDATA[public void com.qa.Testcase.Test_test.attendtest12() throws java.lang.InterruptedException]]>
              </value>
            </param>
          </params>
          <reporter-output>
          </reporter-output>
        </test-method> <!-- beforeMethod -->
        <test-method signature="attendtest12()[pri:13, instance:com.qa.Testcase.Test_test@128d2484]" started-at="2020-09-30T21:14:51Z" name="attendtest12" finished-at="2020-09-30T21:16:40Z" duration-ms="109266" status="PASS">
          <reporter-output>
          </reporter-output>
        </test-method> <!-- attendtest12 -->
        <test-method is-config="true" signature="beforeMethod(java.lang.reflect.Method)[pri:0, instance:com.qa.Testcase.Test_test@128d2484]" started-at="2020-09-30T21:16:40Z" name="beforeMethod" finished-at="2020-09-30T21:16:40Z" duration-ms="1" status="PASS">
          <params>
            <param index="0">
              <value>
                <![CDATA[public void com.qa.Testcase.Test_test.logout() throws java.lang.InterruptedException]]>
              </value>
            </param>
          </params>
          <reporter-output>
          </reporter-output>
        </test-method> <!-- beforeMethod -->
        <test-method signature="logout()[pri:14, instance:com.qa.Testcase.Test_test@128d2484]" started-at="2020-09-30T21:16:40Z" name="logout" finished-at="2020-09-30T21:17:20Z" duration-ms="39652" status="PASS">
          <reporter-output>
          </reporter-output>
        </test-method> <!-- logout -->
        <test-method is-config="true" signature="tearDown()[pri:0, instance:com.qa.Testcase.Test_test@128d2484]" started-at="2020-09-30T21:17:20Z" name="tearDown" finished-at="2020-09-30T21:17:21Z" duration-ms="933" status="PASS">
          <reporter-output>
          </reporter-output>
        </test-method> <!-- tearDown -->
      </class> <!-- com.qa.Testcase.Test_test -->
    </test> <!-- TEST -->
    <test started-at="2020-09-30T15:47:21Z" name="MYTEST" finished-at="2020-09-30T15:49:48Z" duration-ms="147144">
      <class name="com.qa.Testcase.MyTestpage_test">
        <test-method is-config="true" signature="initialization()[pri:0, instance:com.qa.Testcase.MyTestpage_test@7b2bbc3]" started-at="2020-09-30T21:17:21Z" name="initialization" finished-at="2020-09-30T21:17:29Z" duration-ms="8135" status="PASS">
          <reporter-output>
          </reporter-output>
        </test-method> <!-- initialization -->
        <test-method is-config="true" signature="beforeMethod(java.lang.reflect.Method)[pri:0, instance:com.qa.Testcase.MyTestpage_test@7b2bbc3]" started-at="2020-09-30T21:17:29Z" name="beforeMethod" finished-at="2020-09-30T21:17:29Z" duration-ms="2" status="PASS">
          <params>
            <param index="0">
              <value>
                <![CDATA[public void com.qa.Testcase.MyTestpage_test.Sigin() throws java.lang.InterruptedException]]>
              </value>
            </param>
          </params>
          <reporter-output>
          </reporter-output>
        </test-method> <!-- beforeMethod -->
        <test-method signature="Sigin()[pri:1, instance:com.qa.Testcase.MyTestpage_test@7b2bbc3]" started-at="2020-09-30T21:17:29Z" name="Sigin" finished-at="2020-09-30T21:17:39Z" duration-ms="9789" status="PASS">
          <reporter-output>
          </reporter-output>
        </test-method> <!-- Sigin -->
        <test-method is-config="true" signature="beforeMethod(java.lang.reflect.Method)[pri:0, instance:com.qa.Testcase.MyTestpage_test@7b2bbc3]" started-at="2020-09-30T21:17:39Z" name="beforeMethod" finished-at="2020-09-30T21:17:39Z" duration-ms="7" status="PASS">
          <params>
            <param index="0">
              <value>
                <![CDATA[public void com.qa.Testcase.MyTestpage_test.mytest() throws java.lang.InterruptedException]]>
              </value>
            </param>
          </params>
          <reporter-output>
          </reporter-output>
        </test-method> <!-- beforeMethod -->
        <test-method signature="mytest()[pri:2, instance:com.qa.Testcase.MyTestpage_test@7b2bbc3]" started-at="2020-09-30T21:17:39Z" name="mytest" finished-at="2020-09-30T21:19:31Z" duration-ms="112279" status="PASS">
          <reporter-output>
          </reporter-output>
        </test-method> <!-- mytest -->
        <test-method is-config="true" signature="beforeMethod(java.lang.reflect.Method)[pri:0, instance:com.qa.Testcase.MyTestpage_test@7b2bbc3]" started-at="2020-09-30T21:19:31Z" name="beforeMethod" finished-at="2020-09-30T21:19:31Z" duration-ms="2" status="PASS">
          <params>
            <param index="0">
              <value>
                <![CDATA[public void com.qa.Testcase.MyTestpage_test.logout() throws java.lang.InterruptedException]]>
              </value>
            </param>
          </params>
          <reporter-output>
          </reporter-output>
        </test-method> <!-- beforeMethod -->
        <test-method signature="logout()[pri:3, instance:com.qa.Testcase.MyTestpage_test@7b2bbc3]" started-at="2020-09-30T21:19:31Z" name="logout" finished-at="2020-09-30T21:19:47Z" duration-ms="16110" status="PASS">
          <reporter-output>
          </reporter-output>
        </test-method> <!-- logout -->
        <test-method is-config="true" signature="tearDown()[pri:0, instance:com.qa.Testcase.MyTestpage_test@7b2bbc3]" started-at="2020-09-30T21:19:47Z" name="tearDown" finished-at="2020-09-30T21:19:48Z" duration-ms="820" status="PASS">
          <reporter-output>
          </reporter-output>
        </test-method> <!-- tearDown -->
      </class> <!-- com.qa.Testcase.MyTestpage_test -->
    </test> <!-- MYTEST -->
    <test started-at="2020-09-30T15:49:48Z" name="CONTACTUS" finished-at="2020-09-30T15:50:15Z" duration-ms="27147">
      <class name="com.qa.Testcase.Contactuspage_test">
        <test-method is-config="true" signature="initialization()[pri:0, instance:com.qa.Testcase.Contactuspage_test@77888435]" started-at="2020-09-30T21:19:48Z" name="initialization" finished-at="2020-09-30T21:19:54Z" duration-ms="5539" status="PASS">
          <reporter-output>
          </reporter-output>
        </test-method> <!-- initialization -->
        <test-method is-config="true" signature="beforeMethod(java.lang.reflect.Method)[pri:0, instance:com.qa.Testcase.Contactuspage_test@77888435]" started-at="2020-09-30T21:19:54Z" name="beforeMethod" finished-at="2020-09-30T21:19:54Z" duration-ms="4" status="PASS">
          <params>
            <param index="0">
              <value>
                <![CDATA[public void com.qa.Testcase.Contactuspage_test.Sigin() throws java.lang.InterruptedException]]>
              </value>
            </param>
          </params>
          <reporter-output>
          </reporter-output>
        </test-method> <!-- beforeMethod -->
        <test-method signature="Sigin()[pri:1, instance:com.qa.Testcase.Contactuspage_test@77888435]" started-at="2020-09-30T21:19:54Z" name="Sigin" finished-at="2020-09-30T21:20:03Z" duration-ms="8946" status="PASS">
          <reporter-output>
          </reporter-output>
        </test-method> <!-- Sigin -->
        <test-method is-config="true" signature="beforeMethod(java.lang.reflect.Method)[pri:0, instance:com.qa.Testcase.Contactuspage_test@77888435]" started-at="2020-09-30T21:20:03Z" name="beforeMethod" finished-at="2020-09-30T21:20:03Z" duration-ms="2" status="PASS">
          <params>
            <param index="0">
              <value>
                <![CDATA[public void com.qa.Testcase.Contactuspage_test.emptysubmit() throws java.lang.InterruptedException,java.awt.AWTException]]>
              </value>
            </param>
          </params>
          <reporter-output>
          </reporter-output>
        </test-method> <!-- beforeMethod -->
        <test-method signature="emptysubmit()[pri:2, instance:com.qa.Testcase.Contactuspage_test@77888435]" started-at="2020-09-30T21:20:03Z" name="emptysubmit" finished-at="2020-09-30T21:20:05Z" duration-ms="2233" status="PASS">
          <reporter-output>
          </reporter-output>
        </test-method> <!-- emptysubmit -->
        <test-method is-config="true" signature="beforeMethod(java.lang.reflect.Method)[pri:0, instance:com.qa.Testcase.Contactuspage_test@77888435]" started-at="2020-09-30T21:20:05Z" name="beforeMethod" finished-at="2020-09-30T21:20:05Z" duration-ms="2" status="PASS">
          <params>
            <param index="0">
              <value>
                <![CDATA[public void com.qa.Testcase.Contactuspage_test.nameonly() throws java.awt.AWTException,java.awt.AWTException]]>
              </value>
            </param>
          </params>
          <reporter-output>
          </reporter-output>
        </test-method> <!-- beforeMethod -->
        <test-method signature="nameonly()[pri:3, instance:com.qa.Testcase.Contactuspage_test@77888435]" started-at="2020-09-30T21:20:05Z" name="nameonly" finished-at="2020-09-30T21:20:07Z" duration-ms="1827" status="FAIL">
          <exception class="org.openqa.selenium.ElementClickInterceptedException">
            <message>
              <![CDATA[element click intercepted: Element <button class="login100-form-btn" type="button" id="contact_us_button">...</button> is not clickable at point (564, 655). Other element would receive the click: <div class="sweet-overlay" tabindex="-1" style="opacity: 1.1; display: block;"></div>
  (Session info: chrome=85.0.4183.121)
Build info: version: '3.14.0', revision: 'aacccce0', time: '2018-08-02T20:19:58.91Z'
System info: host: 'MTCHNDT-UTHRAA', ip: '192.168.64.110', os.name: 'Windows 10', os.arch: 'amd64', os.version: '10.0', java.version: '11.0.8'
Driver info: org.openqa.selenium.chrome.ChromeDriver
Capabilities {acceptInsecureCerts: false, browserName: chrome, browserVersion: 85.0.4183.121, chrome: {chromedriverVersion: 85.0.4183.87 (cd6713ebf92fa..., userDataDir: C:\Users\UTHRAK~1.A\AppData...}, goog:chromeOptions: {debuggerAddress: localhost:17131}, javascriptEnabled: true, networkConnectionEnabled: false, pageLoadStrategy: normal, platform: WINDOWS, platformName: WINDOWS, proxy: Proxy(), setWindowRect: true, strictFileInteractability: false, timeouts: {implicit: 0, pageLoad: 300000, script: 30000}, unhandledPromptBehavior: dismiss and notify, webauthn:virtualAuthenticators: true}
Session ID: e10d3744fd30721ca1209287e6e2979a]]>
            </message>
            <full-stacktrace>
              <![CDATA[org.openqa.selenium.ElementClickInterceptedException: element click intercepted: Element <button class="login100-form-btn" type="button" id="contact_us_button">...</button> is not clickable at point (564, 655). Other element would receive the click: <div class="sweet-overlay" tabindex="-1" style="opacity: 1.1; display: block;"></div>
  (Session info: chrome=85.0.4183.121)
Build info: version: '3.14.0', revision: 'aacccce0', time: '2018-08-02T20:19:58.91Z'
System info: host: 'MTCHNDT-UTHRAA', ip: '192.168.64.110', os.name: 'Windows 10', os.arch: 'amd64', os.version: '10.0', java.version: '11.0.8'
Driver info: org.openqa.selenium.chrome.ChromeDriver
Capabilities {acceptInsecureCerts: false, browserName: chrome, browserVersion: 85.0.4183.121, chrome: {chromedriverVersion: 85.0.4183.87 (cd6713ebf92fa..., userDataDir: C:\Users\UTHRAK~1.A\AppData...}, goog:chromeOptions: {debuggerAddress: localhost:17131}, javascriptEnabled: true, networkConnectionEnabled: false, pageLoadStrategy: normal, platform: WINDOWS, platformName: WINDOWS, proxy: Proxy(), setWindowRect: true, strictFileInteractability: false, timeouts: {implicit: 0, pageLoad: 300000, script: 30000}, unhandledPromptBehavior: dismiss and notify, webauthn:virtualAuthenticators: true}
Session ID: e10d3744fd30721ca1209287e6e2979a
	at java.base/jdk.internal.reflect.NativeConstructorAccessorImpl.newInstance0(Native Method)
	at java.base/jdk.internal.reflect.NativeConstructorAccessorImpl.newInstance(NativeConstructorAccessorImpl.java:62)
	at java.base/jdk.internal.reflect.DelegatingConstructorAccessorImpl.newInstance(DelegatingConstructorAccessorImpl.java:45)
	at java.base/java.lang.reflect.Constructor.newInstance(Constructor.java:490)
	at org.openqa.selenium.remote.http.W3CHttpResponseCodec.createException(W3CHttpResponseCodec.java:187)
	at org.openqa.selenium.remote.http.W3CHttpResponseCodec.decode(W3CHttpResponseCodec.java:122)
	at org.openqa.selenium.remote.http.W3CHttpResponseCodec.decode(W3CHttpResponseCodec.java:49)
	at org.openqa.selenium.remote.HttpCommandExecutor.execute(HttpCommandExecutor.java:158)
	at org.openqa.selenium.remote.service.DriverCommandExecutor.execute(DriverCommandExecutor.java:83)
	at org.openqa.selenium.remote.RemoteWebDriver.execute(RemoteWebDriver.java:548)
	at org.openqa.selenium.remote.RemoteWebElement.execute(RemoteWebElement.java:276)
	at org.openqa.selenium.remote.RemoteWebElement.click(RemoteWebElement.java:83)
	at jdk.internal.reflect.GeneratedMethodAccessor9.invoke(Unknown Source)
	at java.base/jdk.internal.reflect.DelegatingMethodAccessorImpl.invoke(DelegatingMethodAccessorImpl.java:43)
	at java.base/java.lang.reflect.Method.invoke(Method.java:566)
	at org.openqa.selenium.support.events.EventFiringWebDriver$EventFiringWebElement.lambda$new$0(EventFiringWebDriver.java:403)
	at com.sun.proxy.$Proxy13.click(Unknown Source)
	at org.openqa.selenium.support.events.EventFiringWebDriver$EventFiringWebElement.click(EventFiringWebDriver.java:416)
	at jdk.internal.reflect.GeneratedMethodAccessor9.invoke(Unknown Source)
	at java.base/jdk.internal.reflect.DelegatingMethodAccessorImpl.invoke(DelegatingMethodAccessorImpl.java:43)
	at java.base/java.lang.reflect.Method.invoke(Method.java:566)
	at org.openqa.selenium.support.pagefactory.internal.LocatingElementHandler.invoke(LocatingElementHandler.java:51)
	at com.sun.proxy.$Proxy12.click(Unknown Source)
	at com.qa.Base.TestBase.click(TestBase.java:91)
	at Pages.Contactuspage.pressSubmitbutton(Contactuspage.java:45)
	at com.qa.Testcase.Contactuspage_test.nameonly(Contactuspage_test.java:48)
	at java.base/jdk.internal.reflect.NativeMethodAccessorImpl.invoke0(Native Method)
	at java.base/jdk.internal.reflect.NativeMethodAccessorImpl.invoke(NativeMethodAccessorImpl.java:62)
	at java.base/jdk.internal.reflect.DelegatingMethodAccessorImpl.invoke(DelegatingMethodAccessorImpl.java:43)
	at java.base/java.lang.reflect.Method.invoke(Method.java:566)
	at org.testng.internal.MethodInvocationHelper.invokeMethod(MethodInvocationHelper.java:108)
	at org.testng.internal.Invoker.invokeMethod(Invoker.java:661)
	at org.testng.internal.Invoker.invokeTestMethod(Invoker.java:869)
	at org.testng.internal.Invoker.invokeTestMethods(Invoker.java:1193)
	at org.testng.internal.TestMethodWorker.invokeTestMethods(TestMethodWorker.java:126)
	at org.testng.internal.TestMethodWorker.run(TestMethodWorker.java:109)
	at org.testng.TestRunner.privateRun(TestRunner.java:744)
	at org.testng.TestRunner.run(TestRunner.java:602)
	at org.testng.SuiteRunner.runTest(SuiteRunner.java:380)
	at org.testng.SuiteRunner.runSequentially(SuiteRunner.java:375)
	at org.testng.SuiteRunner.privateRun(SuiteRunner.java:340)
	at org.testng.SuiteRunner.run(SuiteRunner.java:289)
	at org.testng.SuiteRunnerWorker.runSuite(SuiteRunnerWorker.java:52)
	at org.testng.SuiteRunnerWorker.run(SuiteRunnerWorker.java:86)
	at org.testng.TestNG.runSuitesSequentially(TestNG.java:1301)
	at org.testng.TestNG.runSuitesLocally(TestNG.java:1226)
	at org.testng.TestNG.runSuites(TestNG.java:1144)
	at org.testng.TestNG.run(TestNG.java:1115)
	at org.apache.maven.surefire.testng.TestNGExecutor.run(TestNGExecutor.java:281)
	at org.apache.maven.surefire.testng.TestNGXmlTestSuite.execute(TestNGXmlTestSuite.java:75)
	at org.apache.maven.surefire.testng.TestNGProvider.invoke(TestNGProvider.java:121)
	at org.apache.maven.surefire.booter.ForkedBooter.invokeProviderInSameClassLoader(ForkedBooter.java:290)
	at org.apache.maven.surefire.booter.ForkedBooter.runSuitesInProcess(ForkedBooter.java:242)
	at org.apache.maven.surefire.booter.ForkedBooter.main(ForkedBooter.java:121)
]]>
            </full-stacktrace>
          </exception> <!-- org.openqa.selenium.ElementClickInterceptedException -->
          <reporter-output>
          </reporter-output>
        </test-method> <!-- nameonly -->
        <test-method is-config="true" signature="beforeMethod(java.lang.reflect.Method)[pri:0, instance:com.qa.Testcase.Contactuspage_test@77888435]" started-at="2020-09-30T21:20:07Z" name="beforeMethod" finished-at="2020-09-30T21:20:07Z" duration-ms="2" status="PASS">
          <params>
            <param index="0">
              <value>
                <![CDATA[public void com.qa.Testcase.Contactuspage_test.name_emailonly() throws java.awt.AWTException,java.awt.AWTException]]>
              </value>
            </param>
          </params>
          <reporter-output>
          </reporter-output>
        </test-method> <!-- beforeMethod -->
        <test-method signature="name_emailonly()[pri:4, instance:com.qa.Testcase.Contactuspage_test@77888435]" started-at="2020-09-30T21:20:07Z" name="name_emailonly" finished-at="2020-09-30T21:20:09Z" duration-ms="1826" status="FAIL">
          <exception class="org.openqa.selenium.ElementClickInterceptedException">
            <message>
              <![CDATA[element click intercepted: Element <button class="login100-form-btn" type="button" id="contact_us_button">...</button> is not clickable at point (564, 655). Other element would receive the click: <div class="sweet-overlay" tabindex="-1" style="opacity: 1.1; display: block;"></div>
  (Session info: chrome=85.0.4183.121)
Build info: version: '3.14.0', revision: 'aacccce0', time: '2018-08-02T20:19:58.91Z'
System info: host: 'MTCHNDT-UTHRAA', ip: '192.168.64.110', os.name: 'Windows 10', os.arch: 'amd64', os.version: '10.0', java.version: '11.0.8'
Driver info: org.openqa.selenium.chrome.ChromeDriver
Capabilities {acceptInsecureCerts: false, browserName: chrome, browserVersion: 85.0.4183.121, chrome: {chromedriverVersion: 85.0.4183.87 (cd6713ebf92fa..., userDataDir: C:\Users\UTHRAK~1.A\AppData...}, goog:chromeOptions: {debuggerAddress: localhost:17131}, javascriptEnabled: true, networkConnectionEnabled: false, pageLoadStrategy: normal, platform: WINDOWS, platformName: WINDOWS, proxy: Proxy(), setWindowRect: true, strictFileInteractability: false, timeouts: {implicit: 0, pageLoad: 300000, script: 30000}, unhandledPromptBehavior: dismiss and notify, webauthn:virtualAuthenticators: true}
Session ID: e10d3744fd30721ca1209287e6e2979a]]>
            </message>
            <full-stacktrace>
              <![CDATA[org.openqa.selenium.ElementClickInterceptedException: element click intercepted: Element <button class="login100-form-btn" type="button" id="contact_us_button">...</button> is not clickable at point (564, 655). Other element would receive the click: <div class="sweet-overlay" tabindex="-1" style="opacity: 1.1; display: block;"></div>
  (Session info: chrome=85.0.4183.121)
Build info: version: '3.14.0', revision: 'aacccce0', time: '2018-08-02T20:19:58.91Z'
System info: host: 'MTCHNDT-UTHRAA', ip: '192.168.64.110', os.name: 'Windows 10', os.arch: 'amd64', os.version: '10.0', java.version: '11.0.8'
Driver info: org.openqa.selenium.chrome.ChromeDriver
Capabilities {acceptInsecureCerts: false, browserName: chrome, browserVersion: 85.0.4183.121, chrome: {chromedriverVersion: 85.0.4183.87 (cd6713ebf92fa..., userDataDir: C:\Users\UTHRAK~1.A\AppData...}, goog:chromeOptions: {debuggerAddress: localhost:17131}, javascriptEnabled: true, networkConnectionEnabled: false, pageLoadStrategy: normal, platform: WINDOWS, platformName: WINDOWS, proxy: Proxy(), setWindowRect: true, strictFileInteractability: false, timeouts: {implicit: 0, pageLoad: 300000, script: 30000}, unhandledPromptBehavior: dismiss and notify, webauthn:virtualAuthenticators: true}
Session ID: e10d3744fd30721ca1209287e6e2979a
	at java.base/jdk.internal.reflect.NativeConstructorAccessorImpl.newInstance0(Native Method)
	at java.base/jdk.internal.reflect.NativeConstructorAccessorImpl.newInstance(NativeConstructorAccessorImpl.java:62)
	at java.base/jdk.internal.reflect.DelegatingConstructorAccessorImpl.newInstance(DelegatingConstructorAccessorImpl.java:45)
	at java.base/java.lang.reflect.Constructor.newInstance(Constructor.java:490)
	at org.openqa.selenium.remote.http.W3CHttpResponseCodec.createException(W3CHttpResponseCodec.java:187)
	at org.openqa.selenium.remote.http.W3CHttpResponseCodec.decode(W3CHttpResponseCodec.java:122)
	at org.openqa.selenium.remote.http.W3CHttpResponseCodec.decode(W3CHttpResponseCodec.java:49)
	at org.openqa.selenium.remote.HttpCommandExecutor.execute(HttpCommandExecutor.java:158)
	at org.openqa.selenium.remote.service.DriverCommandExecutor.execute(DriverCommandExecutor.java:83)
	at org.openqa.selenium.remote.RemoteWebDriver.execute(RemoteWebDriver.java:548)
	at org.openqa.selenium.remote.RemoteWebElement.execute(RemoteWebElement.java:276)
	at org.openqa.selenium.remote.RemoteWebElement.click(RemoteWebElement.java:83)
	at jdk.internal.reflect.GeneratedMethodAccessor9.invoke(Unknown Source)
	at java.base/jdk.internal.reflect.DelegatingMethodAccessorImpl.invoke(DelegatingMethodAccessorImpl.java:43)
	at java.base/java.lang.reflect.Method.invoke(Method.java:566)
	at org.openqa.selenium.support.events.EventFiringWebDriver$EventFiringWebElement.lambda$new$0(EventFiringWebDriver.java:403)
	at com.sun.proxy.$Proxy13.click(Unknown Source)
	at org.openqa.selenium.support.events.EventFiringWebDriver$EventFiringWebElement.click(EventFiringWebDriver.java:416)
	at jdk.internal.reflect.GeneratedMethodAccessor9.invoke(Unknown Source)
	at java.base/jdk.internal.reflect.DelegatingMethodAccessorImpl.invoke(DelegatingMethodAccessorImpl.java:43)
	at java.base/java.lang.reflect.Method.invoke(Method.java:566)
	at org.openqa.selenium.support.pagefactory.internal.LocatingElementHandler.invoke(LocatingElementHandler.java:51)
	at com.sun.proxy.$Proxy12.click(Unknown Source)
	at com.qa.Base.TestBase.click(TestBase.java:91)
	at Pages.Contactuspage.pressSubmitbutton(Contactuspage.java:45)
	at com.qa.Testcase.Contactuspage_test.name_emailonly(Contactuspage_test.java:57)
	at java.base/jdk.internal.reflect.NativeMethodAccessorImpl.invoke0(Native Method)
	at java.base/jdk.internal.reflect.NativeMethodAccessorImpl.invoke(NativeMethodAccessorImpl.java:62)
	at java.base/jdk.internal.reflect.DelegatingMethodAccessorImpl.invoke(DelegatingMethodAccessorImpl.java:43)
	at java.base/java.lang.reflect.Method.invoke(Method.java:566)
	at org.testng.internal.MethodInvocationHelper.invokeMethod(MethodInvocationHelper.java:108)
	at org.testng.internal.Invoker.invokeMethod(Invoker.java:661)
	at org.testng.internal.Invoker.invokeTestMethod(Invoker.java:869)
	at org.testng.internal.Invoker.invokeTestMethods(Invoker.java:1193)
	at org.testng.internal.TestMethodWorker.invokeTestMethods(TestMethodWorker.java:126)
	at org.testng.internal.TestMethodWorker.run(TestMethodWorker.java:109)
	at org.testng.TestRunner.privateRun(TestRunner.java:744)
	at org.testng.TestRunner.run(TestRunner.java:602)
	at org.testng.SuiteRunner.runTest(SuiteRunner.java:380)
	at org.testng.SuiteRunner.runSequentially(SuiteRunner.java:375)
	at org.testng.SuiteRunner.privateRun(SuiteRunner.java:340)
	at org.testng.SuiteRunner.run(SuiteRunner.java:289)
	at org.testng.SuiteRunnerWorker.runSuite(SuiteRunnerWorker.java:52)
	at org.testng.SuiteRunnerWorker.run(SuiteRunnerWorker.java:86)
	at org.testng.TestNG.runSuitesSequentially(TestNG.java:1301)
	at org.testng.TestNG.runSuitesLocally(TestNG.java:1226)
	at org.testng.TestNG.runSuites(TestNG.java:1144)
	at org.testng.TestNG.run(TestNG.java:1115)
	at org.apache.maven.surefire.testng.TestNGExecutor.run(TestNGExecutor.java:281)
	at org.apache.maven.surefire.testng.TestNGXmlTestSuite.execute(TestNGXmlTestSuite.java:75)
	at org.apache.maven.surefire.testng.TestNGProvider.invoke(TestNGProvider.java:121)
	at org.apache.maven.surefire.booter.ForkedBooter.invokeProviderInSameClassLoader(ForkedBooter.java:290)
	at org.apache.maven.surefire.booter.ForkedBooter.runSuitesInProcess(ForkedBooter.java:242)
	at org.apache.maven.surefire.booter.ForkedBooter.main(ForkedBooter.java:121)
]]>
            </full-stacktrace>
          </exception> <!-- org.openqa.selenium.ElementClickInterceptedException -->
          <reporter-output>
          </reporter-output>
        </test-method> <!-- name_emailonly -->
        <test-method is-config="true" signature="beforeMethod(java.lang.reflect.Method)[pri:0, instance:com.qa.Testcase.Contactuspage_test@77888435]" started-at="2020-09-30T21:20:09Z" name="beforeMethod" finished-at="2020-09-30T21:20:09Z" duration-ms="2" status="PASS">
          <params>
            <param index="0">
              <value>
                <![CDATA[public void com.qa.Testcase.Contactuspage_test.invalidEmail() throws java.awt.AWTException,java.awt.AWTException]]>
              </value>
            </param>
          </params>
          <reporter-output>
          </reporter-output>
        </test-method> <!-- beforeMethod -->
        <test-method signature="invalidEmail()[pri:5, instance:com.qa.Testcase.Contactuspage_test@77888435]" started-at="2020-09-30T21:20:09Z" name="invalidEmail" finished-at="2020-09-30T21:20:10Z" duration-ms="1823" status="FAIL">
          <exception class="org.openqa.selenium.ElementClickInterceptedException">
            <message>
              <![CDATA[element click intercepted: Element <button class="login100-form-btn" type="button" id="contact_us_button">...</button> is not clickable at point (564, 655). Other element would receive the click: <div class="sweet-overlay" tabindex="-1" style="opacity: 1.1; display: block;"></div>
  (Session info: chrome=85.0.4183.121)
Build info: version: '3.14.0', revision: 'aacccce0', time: '2018-08-02T20:19:58.91Z'
System info: host: 'MTCHNDT-UTHRAA', ip: '192.168.64.110', os.name: 'Windows 10', os.arch: 'amd64', os.version: '10.0', java.version: '11.0.8'
Driver info: org.openqa.selenium.chrome.ChromeDriver
Capabilities {acceptInsecureCerts: false, browserName: chrome, browserVersion: 85.0.4183.121, chrome: {chromedriverVersion: 85.0.4183.87 (cd6713ebf92fa..., userDataDir: C:\Users\UTHRAK~1.A\AppData...}, goog:chromeOptions: {debuggerAddress: localhost:17131}, javascriptEnabled: true, networkConnectionEnabled: false, pageLoadStrategy: normal, platform: WINDOWS, platformName: WINDOWS, proxy: Proxy(), setWindowRect: true, strictFileInteractability: false, timeouts: {implicit: 0, pageLoad: 300000, script: 30000}, unhandledPromptBehavior: dismiss and notify, webauthn:virtualAuthenticators: true}
Session ID: e10d3744fd30721ca1209287e6e2979a]]>
            </message>
            <full-stacktrace>
              <![CDATA[org.openqa.selenium.ElementClickInterceptedException: element click intercepted: Element <button class="login100-form-btn" type="button" id="contact_us_button">...</button> is not clickable at point (564, 655). Other element would receive the click: <div class="sweet-overlay" tabindex="-1" style="opacity: 1.1; display: block;"></div>
  (Session info: chrome=85.0.4183.121)
Build info: version: '3.14.0', revision: 'aacccce0', time: '2018-08-02T20:19:58.91Z'
System info: host: 'MTCHNDT-UTHRAA', ip: '192.168.64.110', os.name: 'Windows 10', os.arch: 'amd64', os.version: '10.0', java.version: '11.0.8'
Driver info: org.openqa.selenium.chrome.ChromeDriver
Capabilities {acceptInsecureCerts: false, browserName: chrome, browserVersion: 85.0.4183.121, chrome: {chromedriverVersion: 85.0.4183.87 (cd6713ebf92fa..., userDataDir: C:\Users\UTHRAK~1.A\AppData...}, goog:chromeOptions: {debuggerAddress: localhost:17131}, javascriptEnabled: true, networkConnectionEnabled: false, pageLoadStrategy: normal, platform: WINDOWS, platformName: WINDOWS, proxy: Proxy(), setWindowRect: true, strictFileInteractability: false, timeouts: {implicit: 0, pageLoad: 300000, script: 30000}, unhandledPromptBehavior: dismiss and notify, webauthn:virtualAuthenticators: true}
Session ID: e10d3744fd30721ca1209287e6e2979a
	at java.base/jdk.internal.reflect.NativeConstructorAccessorImpl.newInstance0(Native Method)
	at java.base/jdk.internal.reflect.NativeConstructorAccessorImpl.newInstance(NativeConstructorAccessorImpl.java:62)
	at java.base/jdk.internal.reflect.DelegatingConstructorAccessorImpl.newInstance(DelegatingConstructorAccessorImpl.java:45)
	at java.base/java.lang.reflect.Constructor.newInstance(Constructor.java:490)
	at org.openqa.selenium.remote.http.W3CHttpResponseCodec.createException(W3CHttpResponseCodec.java:187)
	at org.openqa.selenium.remote.http.W3CHttpResponseCodec.decode(W3CHttpResponseCodec.java:122)
	at org.openqa.selenium.remote.http.W3CHttpResponseCodec.decode(W3CHttpResponseCodec.java:49)
	at org.openqa.selenium.remote.HttpCommandExecutor.execute(HttpCommandExecutor.java:158)
	at org.openqa.selenium.remote.service.DriverCommandExecutor.execute(DriverCommandExecutor.java:83)
	at org.openqa.selenium.remote.RemoteWebDriver.execute(RemoteWebDriver.java:548)
	at org.openqa.selenium.remote.RemoteWebElement.execute(RemoteWebElement.java:276)
	at org.openqa.selenium.remote.RemoteWebElement.click(RemoteWebElement.java:83)
	at jdk.internal.reflect.GeneratedMethodAccessor9.invoke(Unknown Source)
	at java.base/jdk.internal.reflect.DelegatingMethodAccessorImpl.invoke(DelegatingMethodAccessorImpl.java:43)
	at java.base/java.lang.reflect.Method.invoke(Method.java:566)
	at org.openqa.selenium.support.events.EventFiringWebDriver$EventFiringWebElement.lambda$new$0(EventFiringWebDriver.java:403)
	at com.sun.proxy.$Proxy13.click(Unknown Source)
	at org.openqa.selenium.support.events.EventFiringWebDriver$EventFiringWebElement.click(EventFiringWebDriver.java:416)
	at jdk.internal.reflect.GeneratedMethodAccessor9.invoke(Unknown Source)
	at java.base/jdk.internal.reflect.DelegatingMethodAccessorImpl.invoke(DelegatingMethodAccessorImpl.java:43)
	at java.base/java.lang.reflect.Method.invoke(Method.java:566)
	at org.openqa.selenium.support.pagefactory.internal.LocatingElementHandler.invoke(LocatingElementHandler.java:51)
	at com.sun.proxy.$Proxy12.click(Unknown Source)
	at com.qa.Base.TestBase.click(TestBase.java:91)
	at Pages.Contactuspage.pressSubmitbutton(Contactuspage.java:45)
	at com.qa.Testcase.Contactuspage_test.invalidEmail(Contactuspage_test.java:66)
	at java.base/jdk.internal.reflect.NativeMethodAccessorImpl.invoke0(Native Method)
	at java.base/jdk.internal.reflect.NativeMethodAccessorImpl.invoke(NativeMethodAccessorImpl.java:62)
	at java.base/jdk.internal.reflect.DelegatingMethodAccessorImpl.invoke(DelegatingMethodAccessorImpl.java:43)
	at java.base/java.lang.reflect.Method.invoke(Method.java:566)
	at org.testng.internal.MethodInvocationHelper.invokeMethod(MethodInvocationHelper.java:108)
	at org.testng.internal.Invoker.invokeMethod(Invoker.java:661)
	at org.testng.internal.Invoker.invokeTestMethod(Invoker.java:869)
	at org.testng.internal.Invoker.invokeTestMethods(Invoker.java:1193)
	at org.testng.internal.TestMethodWorker.invokeTestMethods(TestMethodWorker.java:126)
	at org.testng.internal.TestMethodWorker.run(TestMethodWorker.java:109)
	at org.testng.TestRunner.privateRun(TestRunner.java:744)
	at org.testng.TestRunner.run(TestRunner.java:602)
	at org.testng.SuiteRunner.runTest(SuiteRunner.java:380)
	at org.testng.SuiteRunner.runSequentially(SuiteRunner.java:375)
	at org.testng.SuiteRunner.privateRun(SuiteRunner.java:340)
	at org.testng.SuiteRunner.run(SuiteRunner.java:289)
	at org.testng.SuiteRunnerWorker.runSuite(SuiteRunnerWorker.java:52)
	at org.testng.SuiteRunnerWorker.run(SuiteRunnerWorker.java:86)
	at org.testng.TestNG.runSuitesSequentially(TestNG.java:1301)
	at org.testng.TestNG.runSuitesLocally(TestNG.java:1226)
	at org.testng.TestNG.runSuites(TestNG.java:1144)
	at org.testng.TestNG.run(TestNG.java:1115)
	at org.apache.maven.surefire.testng.TestNGExecutor.run(TestNGExecutor.java:281)
	at org.apache.maven.surefire.testng.TestNGXmlTestSuite.execute(TestNGXmlTestSuite.java:75)
	at org.apache.maven.surefire.testng.TestNGProvider.invoke(TestNGProvider.java:121)
	at org.apache.maven.surefire.booter.ForkedBooter.invokeProviderInSameClassLoader(ForkedBooter.java:290)
	at org.apache.maven.surefire.booter.ForkedBooter.runSuitesInProcess(ForkedBooter.java:242)
	at org.apache.maven.surefire.booter.ForkedBooter.main(ForkedBooter.java:121)
]]>
            </full-stacktrace>
          </exception> <!-- org.openqa.selenium.ElementClickInterceptedException -->
          <reporter-output>
          </reporter-output>
        </test-method> <!-- invalidEmail -->
        <test-method is-config="true" signature="beforeMethod(java.lang.reflect.Method)[pri:0, instance:com.qa.Testcase.Contactuspage_test@77888435]" started-at="2020-09-30T21:20:10Z" name="beforeMethod" finished-at="2020-09-30T21:20:10Z" duration-ms="1" status="PASS">
          <params>
            <param index="0">
              <value>
                <![CDATA[public void com.qa.Testcase.Contactuspage_test.sendcontactus() throws java.awt.AWTException,java.awt.AWTException]]>
              </value>
            </param>
          </params>
          <reporter-output>
          </reporter-output>
        </test-method> <!-- beforeMethod -->
        <test-method signature="sendcontactus()[pri:6, instance:com.qa.Testcase.Contactuspage_test@77888435]" started-at="2020-09-30T21:20:10Z" name="sendcontactus" finished-at="2020-09-30T21:20:12Z" duration-ms="1937" status="FAIL">
          <exception class="org.openqa.selenium.ElementClickInterceptedException">
            <message>
              <![CDATA[element click intercepted: Element <button class="login100-form-btn" type="button" id="contact_us_button">...</button> is not clickable at point (564, 655). Other element would receive the click: <div class="sweet-overlay" tabindex="-1" style="opacity: 1.1; display: block;"></div>
  (Session info: chrome=85.0.4183.121)
Build info: version: '3.14.0', revision: 'aacccce0', time: '2018-08-02T20:19:58.91Z'
System info: host: 'MTCHNDT-UTHRAA', ip: '192.168.64.110', os.name: 'Windows 10', os.arch: 'amd64', os.version: '10.0', java.version: '11.0.8'
Driver info: org.openqa.selenium.chrome.ChromeDriver
Capabilities {acceptInsecureCerts: false, browserName: chrome, browserVersion: 85.0.4183.121, chrome: {chromedriverVersion: 85.0.4183.87 (cd6713ebf92fa..., userDataDir: C:\Users\UTHRAK~1.A\AppData...}, goog:chromeOptions: {debuggerAddress: localhost:17131}, javascriptEnabled: true, networkConnectionEnabled: false, pageLoadStrategy: normal, platform: WINDOWS, platformName: WINDOWS, proxy: Proxy(), setWindowRect: true, strictFileInteractability: false, timeouts: {implicit: 0, pageLoad: 300000, script: 30000}, unhandledPromptBehavior: dismiss and notify, webauthn:virtualAuthenticators: true}
Session ID: e10d3744fd30721ca1209287e6e2979a]]>
            </message>
            <full-stacktrace>
              <![CDATA[org.openqa.selenium.ElementClickInterceptedException: element click intercepted: Element <button class="login100-form-btn" type="button" id="contact_us_button">...</button> is not clickable at point (564, 655). Other element would receive the click: <div class="sweet-overlay" tabindex="-1" style="opacity: 1.1; display: block;"></div>
  (Session info: chrome=85.0.4183.121)
Build info: version: '3.14.0', revision: 'aacccce0', time: '2018-08-02T20:19:58.91Z'
System info: host: 'MTCHNDT-UTHRAA', ip: '192.168.64.110', os.name: 'Windows 10', os.arch: 'amd64', os.version: '10.0', java.version: '11.0.8'
Driver info: org.openqa.selenium.chrome.ChromeDriver
Capabilities {acceptInsecureCerts: false, browserName: chrome, browserVersion: 85.0.4183.121, chrome: {chromedriverVersion: 85.0.4183.87 (cd6713ebf92fa..., userDataDir: C:\Users\UTHRAK~1.A\AppData...}, goog:chromeOptions: {debuggerAddress: localhost:17131}, javascriptEnabled: true, networkConnectionEnabled: false, pageLoadStrategy: normal, platform: WINDOWS, platformName: WINDOWS, proxy: Proxy(), setWindowRect: true, strictFileInteractability: false, timeouts: {implicit: 0, pageLoad: 300000, script: 30000}, unhandledPromptBehavior: dismiss and notify, webauthn:virtualAuthenticators: true}
Session ID: e10d3744fd30721ca1209287e6e2979a
	at java.base/jdk.internal.reflect.NativeConstructorAccessorImpl.newInstance0(Native Method)
	at java.base/jdk.internal.reflect.NativeConstructorAccessorImpl.newInstance(NativeConstructorAccessorImpl.java:62)
	at java.base/jdk.internal.reflect.DelegatingConstructorAccessorImpl.newInstance(DelegatingConstructorAccessorImpl.java:45)
	at java.base/java.lang.reflect.Constructor.newInstance(Constructor.java:490)
	at org.openqa.selenium.remote.http.W3CHttpResponseCodec.createException(W3CHttpResponseCodec.java:187)
	at org.openqa.selenium.remote.http.W3CHttpResponseCodec.decode(W3CHttpResponseCodec.java:122)
	at org.openqa.selenium.remote.http.W3CHttpResponseCodec.decode(W3CHttpResponseCodec.java:49)
	at org.openqa.selenium.remote.HttpCommandExecutor.execute(HttpCommandExecutor.java:158)
	at org.openqa.selenium.remote.service.DriverCommandExecutor.execute(DriverCommandExecutor.java:83)
	at org.openqa.selenium.remote.RemoteWebDriver.execute(RemoteWebDriver.java:548)
	at org.openqa.selenium.remote.RemoteWebElement.execute(RemoteWebElement.java:276)
	at org.openqa.selenium.remote.RemoteWebElement.click(RemoteWebElement.java:83)
	at jdk.internal.reflect.GeneratedMethodAccessor9.invoke(Unknown Source)
	at java.base/jdk.internal.reflect.DelegatingMethodAccessorImpl.invoke(DelegatingMethodAccessorImpl.java:43)
	at java.base/java.lang.reflect.Method.invoke(Method.java:566)
	at org.openqa.selenium.support.events.EventFiringWebDriver$EventFiringWebElement.lambda$new$0(EventFiringWebDriver.java:403)
	at com.sun.proxy.$Proxy13.click(Unknown Source)
	at org.openqa.selenium.support.events.EventFiringWebDriver$EventFiringWebElement.click(EventFiringWebDriver.java:416)
	at jdk.internal.reflect.GeneratedMethodAccessor9.invoke(Unknown Source)
	at java.base/jdk.internal.reflect.DelegatingMethodAccessorImpl.invoke(DelegatingMethodAccessorImpl.java:43)
	at java.base/java.lang.reflect.Method.invoke(Method.java:566)
	at org.openqa.selenium.support.pagefactory.internal.LocatingElementHandler.invoke(LocatingElementHandler.java:51)
	at com.sun.proxy.$Proxy12.click(Unknown Source)
	at com.qa.Base.TestBase.click(TestBase.java:91)
	at Pages.Contactuspage.pressSubmitbutton(Contactuspage.java:45)
	at com.qa.Testcase.Contactuspage_test.sendcontactus(Contactuspage_test.java:76)
	at java.base/jdk.internal.reflect.NativeMethodAccessorImpl.invoke0(Native Method)
	at java.base/jdk.internal.reflect.NativeMethodAccessorImpl.invoke(NativeMethodAccessorImpl.java:62)
	at java.base/jdk.internal.reflect.DelegatingMethodAccessorImpl.invoke(DelegatingMethodAccessorImpl.java:43)
	at java.base/java.lang.reflect.Method.invoke(Method.java:566)
	at org.testng.internal.MethodInvocationHelper.invokeMethod(MethodInvocationHelper.java:108)
	at org.testng.internal.Invoker.invokeMethod(Invoker.java:661)
	at org.testng.internal.Invoker.invokeTestMethod(Invoker.java:869)
	at org.testng.internal.Invoker.invokeTestMethods(Invoker.java:1193)
	at org.testng.internal.TestMethodWorker.invokeTestMethods(TestMethodWorker.java:126)
	at org.testng.internal.TestMethodWorker.run(TestMethodWorker.java:109)
	at org.testng.TestRunner.privateRun(TestRunner.java:744)
	at org.testng.TestRunner.run(TestRunner.java:602)
	at org.testng.SuiteRunner.runTest(SuiteRunner.java:380)
	at org.testng.SuiteRunner.runSequentially(SuiteRunner.java:375)
	at org.testng.SuiteRunner.privateRun(SuiteRunner.java:340)
	at org.testng.SuiteRunner.run(SuiteRunner.java:289)
	at org.testng.SuiteRunnerWorker.runSuite(SuiteRunnerWorker.java:52)
	at org.testng.SuiteRunnerWorker.run(SuiteRunnerWorker.java:86)
	at org.testng.TestNG.runSuitesSequentially(TestNG.java:1301)
	at org.testng.TestNG.runSuitesLocally(TestNG.java:1226)
	at org.testng.TestNG.runSuites(TestNG.java:1144)
	at org.testng.TestNG.run(TestNG.java:1115)
	at org.apache.maven.surefire.testng.TestNGExecutor.run(TestNGExecutor.java:281)
	at org.apache.maven.surefire.testng.TestNGXmlTestSuite.execute(TestNGXmlTestSuite.java:75)
	at org.apache.maven.surefire.testng.TestNGProvider.invoke(TestNGProvider.java:121)
	at org.apache.maven.surefire.booter.ForkedBooter.invokeProviderInSameClassLoader(ForkedBooter.java:290)
	at org.apache.maven.surefire.booter.ForkedBooter.runSuitesInProcess(ForkedBooter.java:242)
	at org.apache.maven.surefire.booter.ForkedBooter.main(ForkedBooter.java:121)
]]>
            </full-stacktrace>
          </exception> <!-- org.openqa.selenium.ElementClickInterceptedException -->
          <reporter-output>
          </reporter-output>
        </test-method> <!-- sendcontactus -->
        <test-method is-config="true" signature="beforeMethod(java.lang.reflect.Method)[pri:0, instance:com.qa.Testcase.Contactuspage_test@77888435]" started-at="2020-09-30T21:20:12Z" name="beforeMethod" finished-at="2020-09-30T21:20:12Z" duration-ms="1" status="PASS">
          <params>
            <param index="0">
              <value>
                <![CDATA[public void com.qa.Testcase.Contactuspage_test.logout() throws java.lang.InterruptedException]]>
              </value>
            </param>
          </params>
          <reporter-output>
          </reporter-output>
        </test-method> <!-- beforeMethod -->
        <test-method signature="logout()[pri:10, instance:com.qa.Testcase.Contactuspage_test@77888435]" started-at="2020-09-30T21:20:12Z" name="logout" finished-at="2020-09-30T21:20:15Z" duration-ms="2169" status="PASS">
          <reporter-output>
          </reporter-output>
        </test-method> <!-- logout -->
        <test-method is-config="true" signature="tearDown()[pri:0, instance:com.qa.Testcase.Contactuspage_test@77888435]" started-at="2020-09-30T21:20:15Z" name="tearDown" finished-at="2020-09-30T21:20:15Z" duration-ms="780" status="PASS">
          <reporter-output>
          </reporter-output>
        </test-method> <!-- tearDown -->
      </class> <!-- com.qa.Testcase.Contactuspage_test -->
    </test> <!-- CONTACTUS -->
    <test started-at="2020-09-30T15:50:15Z" name="CHNAGEPASSWORD" finished-at="2020-09-30T15:51:03Z" duration-ms="47706">
      <class name="com.qa.Testcase.Changepasswordpage_test">
        <test-method is-config="true" signature="initialization()[pri:0, instance:com.qa.Testcase.Changepasswordpage_test@397fbdb]" started-at="2020-09-30T21:20:15Z" name="initialization" finished-at="2020-09-30T21:20:22Z" duration-ms="6279" status="PASS">
          <reporter-output>
          </reporter-output>
        </test-method> <!-- initialization -->
        <test-method is-config="true" signature="beforeMethod(java.lang.reflect.Method)[pri:0, instance:com.qa.Testcase.Changepasswordpage_test@397fbdb]" started-at="2020-09-30T21:20:22Z" name="beforeMethod" finished-at="2020-09-30T21:20:22Z" duration-ms="2" status="PASS">
          <params>
            <param index="0">
              <value>
                <![CDATA[public void com.qa.Testcase.Changepasswordpage_test.Sigin() throws java.lang.InterruptedException]]>
              </value>
            </param>
          </params>
          <reporter-output>
          </reporter-output>
        </test-method> <!-- beforeMethod -->
        <test-method signature="Sigin()[pri:1, instance:com.qa.Testcase.Changepasswordpage_test@397fbdb]" started-at="2020-09-30T21:20:22Z" name="Sigin" finished-at="2020-09-30T21:20:31Z" duration-ms="9451" status="PASS">
          <reporter-output>
          </reporter-output>
        </test-method> <!-- Sigin -->
        <test-method is-config="true" signature="beforeMethod(java.lang.reflect.Method)[pri:0, instance:com.qa.Testcase.Changepasswordpage_test@397fbdb]" started-at="2020-09-30T21:20:31Z" name="beforeMethod" finished-at="2020-09-30T21:20:31Z" duration-ms="1" status="PASS">
          <params>
            <param index="0">
              <value>
                <![CDATA[public void com.qa.Testcase.Changepasswordpage_test.emptypwd() throws java.lang.InterruptedException,java.awt.AWTException]]>
              </value>
            </param>
          </params>
          <reporter-output>
          </reporter-output>
        </test-method> <!-- beforeMethod -->
        <test-method signature="emptypwd()[pri:2, instance:com.qa.Testcase.Changepasswordpage_test@397fbdb]" started-at="2020-09-30T21:20:31Z" name="emptypwd" finished-at="2020-09-30T21:20:34Z" duration-ms="2830" status="PASS">
          <reporter-output>
          </reporter-output>
        </test-method> <!-- emptypwd -->
        <test-method is-config="true" signature="beforeMethod(java.lang.reflect.Method)[pri:0, instance:com.qa.Testcase.Changepasswordpage_test@397fbdb]" started-at="2020-09-30T21:20:34Z" name="beforeMethod" finished-at="2020-09-30T21:20:34Z" duration-ms="3" status="PASS">
          <params>
            <param index="0">
              <value>
                <![CDATA[public void com.qa.Testcase.Changepasswordpage_test.pwdonly() throws java.lang.InterruptedException,java.awt.AWTException]]>
              </value>
            </param>
          </params>
          <reporter-output>
          </reporter-output>
        </test-method> <!-- beforeMethod -->
        <test-method signature="pwdonly()[pri:3, instance:com.qa.Testcase.Changepasswordpage_test@397fbdb]" started-at="2020-09-30T21:20:34Z" name="pwdonly" finished-at="2020-09-30T21:20:36Z" duration-ms="1719" status="FAIL">
          <exception class="org.openqa.selenium.ElementClickInterceptedException">
            <message>
              <![CDATA[element click intercepted: Element <button class="login100-form-btn validate-form">...</button> is not clickable at point (320, 640). Other element would receive the click: <div class="sweet-overlay" tabindex="-1" style="opacity: 1.11; display: block;"></div>
  (Session info: chrome=85.0.4183.121)
Build info: version: '3.14.0', revision: 'aacccce0', time: '2018-08-02T20:19:58.91Z'
System info: host: 'MTCHNDT-UTHRAA', ip: '192.168.64.110', os.name: 'Windows 10', os.arch: 'amd64', os.version: '10.0', java.version: '11.0.8'
Driver info: org.openqa.selenium.chrome.ChromeDriver
Capabilities {acceptInsecureCerts: false, browserName: chrome, browserVersion: 85.0.4183.121, chrome: {chromedriverVersion: 85.0.4183.87 (cd6713ebf92fa..., userDataDir: C:\Users\UTHRAK~1.A\AppData...}, goog:chromeOptions: {debuggerAddress: localhost:17196}, javascriptEnabled: true, networkConnectionEnabled: false, pageLoadStrategy: normal, platform: WINDOWS, platformName: WINDOWS, proxy: Proxy(), setWindowRect: true, strictFileInteractability: false, timeouts: {implicit: 0, pageLoad: 300000, script: 30000}, unhandledPromptBehavior: dismiss and notify, webauthn:virtualAuthenticators: true}
Session ID: f48e9cec0393ca54411f846c7d6f56e0]]>
            </message>
            <full-stacktrace>
              <![CDATA[org.openqa.selenium.ElementClickInterceptedException: element click intercepted: Element <button class="login100-form-btn validate-form">...</button> is not clickable at point (320, 640). Other element would receive the click: <div class="sweet-overlay" tabindex="-1" style="opacity: 1.11; display: block;"></div>
  (Session info: chrome=85.0.4183.121)
Build info: version: '3.14.0', revision: 'aacccce0', time: '2018-08-02T20:19:58.91Z'
System info: host: 'MTCHNDT-UTHRAA', ip: '192.168.64.110', os.name: 'Windows 10', os.arch: 'amd64', os.version: '10.0', java.version: '11.0.8'
Driver info: org.openqa.selenium.chrome.ChromeDriver
Capabilities {acceptInsecureCerts: false, browserName: chrome, browserVersion: 85.0.4183.121, chrome: {chromedriverVersion: 85.0.4183.87 (cd6713ebf92fa..., userDataDir: C:\Users\UTHRAK~1.A\AppData...}, goog:chromeOptions: {debuggerAddress: localhost:17196}, javascriptEnabled: true, networkConnectionEnabled: false, pageLoadStrategy: normal, platform: WINDOWS, platformName: WINDOWS, proxy: Proxy(), setWindowRect: true, strictFileInteractability: false, timeouts: {implicit: 0, pageLoad: 300000, script: 30000}, unhandledPromptBehavior: dismiss and notify, webauthn:virtualAuthenticators: true}
Session ID: f48e9cec0393ca54411f846c7d6f56e0
	at java.base/jdk.internal.reflect.NativeConstructorAccessorImpl.newInstance0(Native Method)
	at java.base/jdk.internal.reflect.NativeConstructorAccessorImpl.newInstance(NativeConstructorAccessorImpl.java:62)
	at java.base/jdk.internal.reflect.DelegatingConstructorAccessorImpl.newInstance(DelegatingConstructorAccessorImpl.java:45)
	at java.base/java.lang.reflect.Constructor.newInstance(Constructor.java:490)
	at org.openqa.selenium.remote.http.W3CHttpResponseCodec.createException(W3CHttpResponseCodec.java:187)
	at org.openqa.selenium.remote.http.W3CHttpResponseCodec.decode(W3CHttpResponseCodec.java:122)
	at org.openqa.selenium.remote.http.W3CHttpResponseCodec.decode(W3CHttpResponseCodec.java:49)
	at org.openqa.selenium.remote.HttpCommandExecutor.execute(HttpCommandExecutor.java:158)
	at org.openqa.selenium.remote.service.DriverCommandExecutor.execute(DriverCommandExecutor.java:83)
	at org.openqa.selenium.remote.RemoteWebDriver.execute(RemoteWebDriver.java:548)
	at org.openqa.selenium.remote.RemoteWebElement.execute(RemoteWebElement.java:276)
	at org.openqa.selenium.remote.RemoteWebElement.click(RemoteWebElement.java:83)
	at jdk.internal.reflect.GeneratedMethodAccessor9.invoke(Unknown Source)
	at java.base/jdk.internal.reflect.DelegatingMethodAccessorImpl.invoke(DelegatingMethodAccessorImpl.java:43)
	at java.base/java.lang.reflect.Method.invoke(Method.java:566)
	at org.openqa.selenium.support.events.EventFiringWebDriver$EventFiringWebElement.lambda$new$0(EventFiringWebDriver.java:403)
	at com.sun.proxy.$Proxy13.click(Unknown Source)
	at org.openqa.selenium.support.events.EventFiringWebDriver$EventFiringWebElement.click(EventFiringWebDriver.java:416)
	at jdk.internal.reflect.GeneratedMethodAccessor9.invoke(Unknown Source)
	at java.base/jdk.internal.reflect.DelegatingMethodAccessorImpl.invoke(DelegatingMethodAccessorImpl.java:43)
	at java.base/java.lang.reflect.Method.invoke(Method.java:566)
	at org.openqa.selenium.support.pagefactory.internal.LocatingElementHandler.invoke(LocatingElementHandler.java:51)
	at com.sun.proxy.$Proxy12.click(Unknown Source)
	at com.qa.Base.TestBase.click(TestBase.java:91)
	at Pages.Changepasswordpage.pressSubmitbutton(Changepasswordpage.java:38)
	at com.qa.Testcase.Changepasswordpage_test.pwdonly(Changepasswordpage_test.java:50)
	at java.base/jdk.internal.reflect.NativeMethodAccessorImpl.invoke0(Native Method)
	at java.base/jdk.internal.reflect.NativeMethodAccessorImpl.invoke(NativeMethodAccessorImpl.java:62)
	at java.base/jdk.internal.reflect.DelegatingMethodAccessorImpl.invoke(DelegatingMethodAccessorImpl.java:43)
	at java.base/java.lang.reflect.Method.invoke(Method.java:566)
	at org.testng.internal.MethodInvocationHelper.invokeMethod(MethodInvocationHelper.java:108)
	at org.testng.internal.Invoker.invokeMethod(Invoker.java:661)
	at org.testng.internal.Invoker.invokeTestMethod(Invoker.java:869)
	at org.testng.internal.Invoker.invokeTestMethods(Invoker.java:1193)
	at org.testng.internal.TestMethodWorker.invokeTestMethods(TestMethodWorker.java:126)
	at org.testng.internal.TestMethodWorker.run(TestMethodWorker.java:109)
	at org.testng.TestRunner.privateRun(TestRunner.java:744)
	at org.testng.TestRunner.run(TestRunner.java:602)
	at org.testng.SuiteRunner.runTest(SuiteRunner.java:380)
	at org.testng.SuiteRunner.runSequentially(SuiteRunner.java:375)
	at org.testng.SuiteRunner.privateRun(SuiteRunner.java:340)
	at org.testng.SuiteRunner.run(SuiteRunner.java:289)
	at org.testng.SuiteRunnerWorker.runSuite(SuiteRunnerWorker.java:52)
	at org.testng.SuiteRunnerWorker.run(SuiteRunnerWorker.java:86)
	at org.testng.TestNG.runSuitesSequentially(TestNG.java:1301)
	at org.testng.TestNG.runSuitesLocally(TestNG.java:1226)
	at org.testng.TestNG.runSuites(TestNG.java:1144)
	at org.testng.TestNG.run(TestNG.java:1115)
	at org.apache.maven.surefire.testng.TestNGExecutor.run(TestNGExecutor.java:281)
	at org.apache.maven.surefire.testng.TestNGXmlTestSuite.execute(TestNGXmlTestSuite.java:75)
	at org.apache.maven.surefire.testng.TestNGProvider.invoke(TestNGProvider.java:121)
	at org.apache.maven.surefire.booter.ForkedBooter.invokeProviderInSameClassLoader(ForkedBooter.java:290)
	at org.apache.maven.surefire.booter.ForkedBooter.runSuitesInProcess(ForkedBooter.java:242)
	at org.apache.maven.surefire.booter.ForkedBooter.main(ForkedBooter.java:121)
]]>
            </full-stacktrace>
          </exception> <!-- org.openqa.selenium.ElementClickInterceptedException -->
          <reporter-output>
          </reporter-output>
        </test-method> <!-- pwdonly -->
        <test-method is-config="true" signature="beforeMethod(java.lang.reflect.Method)[pri:0, instance:com.qa.Testcase.Changepasswordpage_test@397fbdb]" started-at="2020-09-30T21:20:36Z" name="beforeMethod" finished-at="2020-09-30T21:20:36Z" duration-ms="1" status="PASS">
          <params>
            <param index="0">
              <value>
                <![CDATA[public void com.qa.Testcase.Changepasswordpage_test.invalidpwd() throws java.lang.InterruptedException,java.awt.AWTException]]>
              </value>
            </param>
          </params>
          <reporter-output>
          </reporter-output>
        </test-method> <!-- beforeMethod -->
        <test-method signature="invalidpwd()[pri:4, instance:com.qa.Testcase.Changepasswordpage_test@397fbdb]" started-at="2020-09-30T21:20:36Z" name="invalidpwd" finished-at="2020-09-30T21:20:37Z" duration-ms="1679" status="FAIL">
          <exception class="org.openqa.selenium.ElementClickInterceptedException">
            <message>
              <![CDATA[element click intercepted: Element <button class="login100-form-btn validate-form">...</button> is not clickable at point (320, 613). Other element would receive the click: <div class="sweet-overlay" tabindex="-1" style="opacity: 1.11; display: block;"></div>
  (Session info: chrome=85.0.4183.121)
Build info: version: '3.14.0', revision: 'aacccce0', time: '2018-08-02T20:19:58.91Z'
System info: host: 'MTCHNDT-UTHRAA', ip: '192.168.64.110', os.name: 'Windows 10', os.arch: 'amd64', os.version: '10.0', java.version: '11.0.8'
Driver info: org.openqa.selenium.chrome.ChromeDriver
Capabilities {acceptInsecureCerts: false, browserName: chrome, browserVersion: 85.0.4183.121, chrome: {chromedriverVersion: 85.0.4183.87 (cd6713ebf92fa..., userDataDir: C:\Users\UTHRAK~1.A\AppData...}, goog:chromeOptions: {debuggerAddress: localhost:17196}, javascriptEnabled: true, networkConnectionEnabled: false, pageLoadStrategy: normal, platform: WINDOWS, platformName: WINDOWS, proxy: Proxy(), setWindowRect: true, strictFileInteractability: false, timeouts: {implicit: 0, pageLoad: 300000, script: 30000}, unhandledPromptBehavior: dismiss and notify, webauthn:virtualAuthenticators: true}
Session ID: f48e9cec0393ca54411f846c7d6f56e0]]>
            </message>
            <full-stacktrace>
              <![CDATA[org.openqa.selenium.ElementClickInterceptedException: element click intercepted: Element <button class="login100-form-btn validate-form">...</button> is not clickable at point (320, 613). Other element would receive the click: <div class="sweet-overlay" tabindex="-1" style="opacity: 1.11; display: block;"></div>
  (Session info: chrome=85.0.4183.121)
Build info: version: '3.14.0', revision: 'aacccce0', time: '2018-08-02T20:19:58.91Z'
System info: host: 'MTCHNDT-UTHRAA', ip: '192.168.64.110', os.name: 'Windows 10', os.arch: 'amd64', os.version: '10.0', java.version: '11.0.8'
Driver info: org.openqa.selenium.chrome.ChromeDriver
Capabilities {acceptInsecureCerts: false, browserName: chrome, browserVersion: 85.0.4183.121, chrome: {chromedriverVersion: 85.0.4183.87 (cd6713ebf92fa..., userDataDir: C:\Users\UTHRAK~1.A\AppData...}, goog:chromeOptions: {debuggerAddress: localhost:17196}, javascriptEnabled: true, networkConnectionEnabled: false, pageLoadStrategy: normal, platform: WINDOWS, platformName: WINDOWS, proxy: Proxy(), setWindowRect: true, strictFileInteractability: false, timeouts: {implicit: 0, pageLoad: 300000, script: 30000}, unhandledPromptBehavior: dismiss and notify, webauthn:virtualAuthenticators: true}
Session ID: f48e9cec0393ca54411f846c7d6f56e0
	at java.base/jdk.internal.reflect.NativeConstructorAccessorImpl.newInstance0(Native Method)
	at java.base/jdk.internal.reflect.NativeConstructorAccessorImpl.newInstance(NativeConstructorAccessorImpl.java:62)
	at java.base/jdk.internal.reflect.DelegatingConstructorAccessorImpl.newInstance(DelegatingConstructorAccessorImpl.java:45)
	at java.base/java.lang.reflect.Constructor.newInstance(Constructor.java:490)
	at org.openqa.selenium.remote.http.W3CHttpResponseCodec.createException(W3CHttpResponseCodec.java:187)
	at org.openqa.selenium.remote.http.W3CHttpResponseCodec.decode(W3CHttpResponseCodec.java:122)
	at org.openqa.selenium.remote.http.W3CHttpResponseCodec.decode(W3CHttpResponseCodec.java:49)
	at org.openqa.selenium.remote.HttpCommandExecutor.execute(HttpCommandExecutor.java:158)
	at org.openqa.selenium.remote.service.DriverCommandExecutor.execute(DriverCommandExecutor.java:83)
	at org.openqa.selenium.remote.RemoteWebDriver.execute(RemoteWebDriver.java:548)
	at org.openqa.selenium.remote.RemoteWebElement.execute(RemoteWebElement.java:276)
	at org.openqa.selenium.remote.RemoteWebElement.click(RemoteWebElement.java:83)
	at jdk.internal.reflect.GeneratedMethodAccessor9.invoke(Unknown Source)
	at java.base/jdk.internal.reflect.DelegatingMethodAccessorImpl.invoke(DelegatingMethodAccessorImpl.java:43)
	at java.base/java.lang.reflect.Method.invoke(Method.java:566)
	at org.openqa.selenium.support.events.EventFiringWebDriver$EventFiringWebElement.lambda$new$0(EventFiringWebDriver.java:403)
	at com.sun.proxy.$Proxy13.click(Unknown Source)
	at org.openqa.selenium.support.events.EventFiringWebDriver$EventFiringWebElement.click(EventFiringWebDriver.java:416)
	at jdk.internal.reflect.GeneratedMethodAccessor9.invoke(Unknown Source)
	at java.base/jdk.internal.reflect.DelegatingMethodAccessorImpl.invoke(DelegatingMethodAccessorImpl.java:43)
	at java.base/java.lang.reflect.Method.invoke(Method.java:566)
	at org.openqa.selenium.support.pagefactory.internal.LocatingElementHandler.invoke(LocatingElementHandler.java:51)
	at com.sun.proxy.$Proxy12.click(Unknown Source)
	at com.qa.Base.TestBase.click(TestBase.java:91)
	at Pages.Changepasswordpage.pressSubmitbutton(Changepasswordpage.java:38)
	at com.qa.Testcase.Changepasswordpage_test.invalidpwd(Changepasswordpage_test.java:63)
	at java.base/jdk.internal.reflect.NativeMethodAccessorImpl.invoke0(Native Method)
	at java.base/jdk.internal.reflect.NativeMethodAccessorImpl.invoke(NativeMethodAccessorImpl.java:62)
	at java.base/jdk.internal.reflect.DelegatingMethodAccessorImpl.invoke(DelegatingMethodAccessorImpl.java:43)
	at java.base/java.lang.reflect.Method.invoke(Method.java:566)
	at org.testng.internal.MethodInvocationHelper.invokeMethod(MethodInvocationHelper.java:108)
	at org.testng.internal.Invoker.invokeMethod(Invoker.java:661)
	at org.testng.internal.Invoker.invokeTestMethod(Invoker.java:869)
	at org.testng.internal.Invoker.invokeTestMethods(Invoker.java:1193)
	at org.testng.internal.TestMethodWorker.invokeTestMethods(TestMethodWorker.java:126)
	at org.testng.internal.TestMethodWorker.run(TestMethodWorker.java:109)
	at org.testng.TestRunner.privateRun(TestRunner.java:744)
	at org.testng.TestRunner.run(TestRunner.java:602)
	at org.testng.SuiteRunner.runTest(SuiteRunner.java:380)
	at org.testng.SuiteRunner.runSequentially(SuiteRunner.java:375)
	at org.testng.SuiteRunner.privateRun(SuiteRunner.java:340)
	at org.testng.SuiteRunner.run(SuiteRunner.java:289)
	at org.testng.SuiteRunnerWorker.runSuite(SuiteRunnerWorker.java:52)
	at org.testng.SuiteRunnerWorker.run(SuiteRunnerWorker.java:86)
	at org.testng.TestNG.runSuitesSequentially(TestNG.java:1301)
	at org.testng.TestNG.runSuitesLocally(TestNG.java:1226)
	at org.testng.TestNG.runSuites(TestNG.java:1144)
	at org.testng.TestNG.run(TestNG.java:1115)
	at org.apache.maven.surefire.testng.TestNGExecutor.run(TestNGExecutor.java:281)
	at org.apache.maven.surefire.testng.TestNGXmlTestSuite.execute(TestNGXmlTestSuite.java:75)
	at org.apache.maven.surefire.testng.TestNGProvider.invoke(TestNGProvider.java:121)
	at org.apache.maven.surefire.booter.ForkedBooter.invokeProviderInSameClassLoader(ForkedBooter.java:290)
	at org.apache.maven.surefire.booter.ForkedBooter.runSuitesInProcess(ForkedBooter.java:242)
	at org.apache.maven.surefire.booter.ForkedBooter.main(ForkedBooter.java:121)
]]>
            </full-stacktrace>
          </exception> <!-- org.openqa.selenium.ElementClickInterceptedException -->
          <reporter-output>
          </reporter-output>
        </test-method> <!-- invalidpwd -->
        <test-method is-config="true" signature="beforeMethod(java.lang.reflect.Method)[pri:0, instance:com.qa.Testcase.Changepasswordpage_test@397fbdb]" started-at="2020-09-30T21:20:37Z" name="beforeMethod" finished-at="2020-09-30T21:20:37Z" duration-ms="1" status="PASS">
          <params>
            <param index="0">
              <value>
                <![CDATA[public void com.qa.Testcase.Changepasswordpage_test.pwdnotmatch() throws java.lang.InterruptedException,java.awt.AWTException]]>
              </value>
            </param>
          </params>
          <reporter-output>
          </reporter-output>
        </test-method> <!-- beforeMethod -->
        <test-method signature="pwdnotmatch()[pri:5, instance:com.qa.Testcase.Changepasswordpage_test@397fbdb]" started-at="2020-09-30T21:20:37Z" name="pwdnotmatch" finished-at="2020-09-30T21:20:40Z" duration-ms="3058" status="PASS">
          <reporter-output>
          </reporter-output>
        </test-method> <!-- pwdnotmatch -->
        <test-method is-config="true" signature="beforeMethod(java.lang.reflect.Method)[pri:0, instance:com.qa.Testcase.Changepasswordpage_test@397fbdb]" started-at="2020-09-30T21:20:40Z" name="beforeMethod" finished-at="2020-09-30T21:20:40Z" duration-ms="3" status="PASS">
          <params>
            <param index="0">
              <value>
                <![CDATA[public void com.qa.Testcase.Changepasswordpage_test.Changesamepwd() throws java.lang.InterruptedException,java.awt.AWTException]]>
              </value>
            </param>
          </params>
          <reporter-output>
          </reporter-output>
        </test-method> <!-- beforeMethod -->
        <test-method signature="Changesamepwd()[pri:6, instance:com.qa.Testcase.Changepasswordpage_test@397fbdb]" started-at="2020-09-30T21:20:40Z" name="Changesamepwd" finished-at="2020-09-30T21:20:43Z" duration-ms="2831" status="PASS">
          <reporter-output>
          </reporter-output>
        </test-method> <!-- Changesamepwd -->
        <test-method is-config="true" signature="beforeMethod(java.lang.reflect.Method)[pri:0, instance:com.qa.Testcase.Changepasswordpage_test@397fbdb]" started-at="2020-09-30T21:20:43Z" name="beforeMethod" finished-at="2020-09-30T21:20:43Z" duration-ms="1" status="PASS">
          <params>
            <param index="0">
              <value>
                <![CDATA[public void com.qa.Testcase.Changepasswordpage_test.Changepwd() throws java.lang.InterruptedException,java.awt.AWTException]]>
              </value>
            </param>
          </params>
          <reporter-output>
          </reporter-output>
        </test-method> <!-- beforeMethod -->
        <test-method signature="Changepwd()[pri:7, instance:com.qa.Testcase.Changepasswordpage_test@397fbdb]" started-at="2020-09-30T21:20:43Z" name="Changepwd" finished-at="2020-09-30T21:20:46Z" duration-ms="2689" status="PASS">
          <reporter-output>
          </reporter-output>
        </test-method> <!-- Changepwd -->
        <test-method is-config="true" signature="beforeMethod(java.lang.reflect.Method)[pri:0, instance:com.qa.Testcase.Changepasswordpage_test@397fbdb]" started-at="2020-09-30T21:20:46Z" name="beforeMethod" finished-at="2020-09-30T21:20:46Z" duration-ms="3" status="PASS">
          <params>
            <param index="0">
              <value>
                <![CDATA[public void com.qa.Testcase.Changepasswordpage_test.help() throws java.lang.InterruptedException,java.awt.AWTException]]>
              </value>
            </param>
          </params>
          <reporter-output>
          </reporter-output>
        </test-method> <!-- beforeMethod -->
        <test-method signature="help()[pri:8, instance:com.qa.Testcase.Changepasswordpage_test@397fbdb]" started-at="2020-09-30T21:20:46Z" name="help" finished-at="2020-09-30T21:20:49Z" duration-ms="3550" status="PASS">
          <reporter-output>
          </reporter-output>
        </test-method> <!-- help -->
        <test-method is-config="true" signature="beforeMethod(java.lang.reflect.Method)[pri:0, instance:com.qa.Testcase.Changepasswordpage_test@397fbdb]" started-at="2020-09-30T21:20:49Z" name="beforeMethod" finished-at="2020-09-30T21:20:50Z" duration-ms="1" status="PASS">
          <params>
            <param index="0">
              <value>
                <![CDATA[public void com.qa.Testcase.Changepasswordpage_test.logout() throws java.lang.InterruptedException]]>
              </value>
            </param>
          </params>
          <reporter-output>
          </reporter-output>
        </test-method> <!-- beforeMethod -->
        <test-method signature="logout()[pri:9, instance:com.qa.Testcase.Changepasswordpage_test@397fbdb]" started-at="2020-09-30T21:20:50Z" name="logout" finished-at="2020-09-30T21:21:02Z" duration-ms="12729" status="PASS">
          <reporter-output>
          </reporter-output>
        </test-method> <!-- logout -->
        <test-method is-config="true" signature="tearDown()[pri:0, instance:com.qa.Testcase.Changepasswordpage_test@397fbdb]" started-at="2020-09-30T21:21:02Z" name="tearDown" finished-at="2020-09-30T21:21:03Z" duration-ms="871" status="PASS">
          <reporter-output>
          </reporter-output>
        </test-method> <!-- tearDown -->
      </class> <!-- com.qa.Testcase.Changepasswordpage_test -->
    </test> <!-- CHNAGEPASSWORD -->
  </suite> <!-- NEET Application Test Automation Test Suite -->
</testng-results>
